{"C:\\Users\\utari\\Documents\\Web Dev\\workout-tracker\\workout-tracker\\src\\App.jsx": {"path":"C:\\Users\\utari\\Documents\\Web Dev\\workout-tracker\\workout-tracker\\src\\App.jsx","statementMap":{"0":{"start":{"line":24,"column":12},"end":{"line":82,"column":1}},"1":{"start":{"line":25,"column":26},"end":{"line":25,"column":44}},"2":{"start":{"line":28,"column":31},"end":{"line":28,"column":55}},"3":{"start":{"line":30,"column":2},"end":{"line":35,"column":31}},"4":{"start":{"line":31,"column":4},"end":{"line":34,"column":5}},"5":{"start":{"line":33,"column":6},"end":{"line":33,"column":25}},"6":{"start":{"line":40,"column":2},"end":{"line":57,"column":13}},"7":{"start":{"line":43,"column":22},"end":{"line":43,"column":35}},"8":{"start":{"line":45,"column":4},"end":{"line":56,"column":5}},"9":{"start":{"line":46,"column":18},"end":{"line":46,"column":28}},"10":{"start":{"line":47,"column":20},"end":{"line":47,"column":34}},"11":{"start":{"line":51,"column":6},"end":{"line":55,"column":7}},"12":{"start":{"line":52,"column":8},"end":{"line":54,"column":81}},"13":{"start":{"line":53,"column":22},"end":{"line":53,"column":61}},"14":{"start":{"line":54,"column":26},"end":{"line":54,"column":79}},"15":{"start":{"line":59,"column":2},"end":{"line":59,"column":37}},"16":{"start":{"line":61,"column":2},"end":{"line":64,"column":3}},"17":{"start":{"line":63,"column":4},"end":{"line":63,"column":33}},"18":{"start":{"line":65,"column":2},"end":{"line":81,"column":3}}},"fnMap":{"0":{"name":"(anonymous_0)","decl":{"start":{"line":24,"column":12},"end":{"line":24,"column":13}},"loc":{"start":{"line":24,"column":18},"end":{"line":82,"column":1}},"line":24},"1":{"name":"(anonymous_1)","decl":{"start":{"line":30,"column":12},"end":{"line":30,"column":13}},"loc":{"start":{"line":30,"column":18},"end":{"line":35,"column":3}},"line":30},"2":{"name":"(anonymous_2)","decl":{"start":{"line":40,"column":12},"end":{"line":40,"column":13}},"loc":{"start":{"line":40,"column":18},"end":{"line":57,"column":3}},"line":40},"3":{"name":"(anonymous_3)","decl":{"start":{"line":53,"column":16},"end":{"line":53,"column":17}},"loc":{"start":{"line":53,"column":22},"end":{"line":53,"column":61}},"line":53},"4":{"name":"(anonymous_4)","decl":{"start":{"line":54,"column":17},"end":{"line":54,"column":18}},"loc":{"start":{"line":54,"column":26},"end":{"line":54,"column":79}},"line":54}},"branchMap":{"0":{"loc":{"start":{"line":31,"column":4},"end":{"line":34,"column":5}},"type":"if","locations":[{"start":{"line":31,"column":4},"end":{"line":34,"column":5}},{"start":{},"end":{}}],"line":31},"1":{"loc":{"start":{"line":45,"column":4},"end":{"line":56,"column":5}},"type":"if","locations":[{"start":{"line":45,"column":4},"end":{"line":56,"column":5}},{"start":{},"end":{}}],"line":45},"2":{"loc":{"start":{"line":51,"column":6},"end":{"line":55,"column":7}},"type":"if","locations":[{"start":{"line":51,"column":6},"end":{"line":55,"column":7}},{"start":{},"end":{}}],"line":51},"3":{"loc":{"start":{"line":51,"column":10},"end":{"line":51,"column":33}},"type":"binary-expr","locations":[{"start":{"line":51,"column":10},"end":{"line":51,"column":20}},{"start":{"line":51,"column":24},"end":{"line":51,"column":33}}],"line":51},"4":{"loc":{"start":{"line":61,"column":2},"end":{"line":64,"column":3}},"type":"if","locations":[{"start":{"line":61,"column":2},"end":{"line":64,"column":3}},{"start":{},"end":{}}],"line":61},"5":{"loc":{"start":{"line":67,"column":31},"end":{"line":67,"column":65}},"type":"cond-expr","locations":[{"start":{"line":67,"column":38},"end":{"line":67,"column":54}},{"start":{"line":67,"column":57},"end":{"line":67,"column":65}}],"line":67},"6":{"loc":{"start":{"line":70,"column":37},"end":{"line":70,"column":80}},"type":"cond-expr","locations":[{"start":{"line":70,"column":44},"end":{"line":70,"column":54}},{"start":{"line":70,"column":57},"end":{"line":70,"column":80}}],"line":70}},"s":{"0":0,"1":0,"2":0,"3":0,"4":0,"5":0,"6":0,"7":0,"8":0,"9":0,"10":0,"11":0,"12":0,"13":0,"14":0,"15":0,"16":0,"17":0,"18":0},"f":{"0":0,"1":0,"2":0,"3":0,"4":0},"b":{"0":[0,0],"1":[0,0],"2":[0,0],"3":[0,0],"4":[0,0],"5":[0,0],"6":[0,0]}}
,"C:\\Users\\utari\\Documents\\Web Dev\\workout-tracker\\workout-tracker\\src\\Pages\\LoggedInHome.jsx": {"path":"C:\\Users\\utari\\Documents\\Web Dev\\workout-tracker\\workout-tracker\\src\\Pages\\LoggedInHome.jsx","statementMap":{"0":{"start":{"line":7,"column":21},"end":{"line":121,"column":1}},"1":{"start":{"line":8,"column":19},"end":{"line":8,"column":32}},"2":{"start":{"line":9,"column":36},"end":{"line":9,"column":48}},"3":{"start":{"line":10,"column":50},"end":{"line":10,"column":64}},"4":{"start":{"line":11,"column":46},"end":{"line":11,"column":61}},"5":{"start":{"line":13,"column":35},"end":{"line":15,"column":3}},"6":{"start":{"line":17,"column":2},"end":{"line":120,"column":4}},"7":{"start":{"line":37,"column":29},"end":{"line":37,"column":56}},"8":{"start":{"line":59,"column":16},"end":{"line":66,"column":18}},"9":{"start":{"line":81,"column":33},"end":{"line":81,"column":57}},"10":{"start":{"line":111,"column":31},"end":{"line":111,"column":58}}},"fnMap":{"0":{"name":"(anonymous_0)","decl":{"start":{"line":7,"column":21},"end":{"line":7,"column":22}},"loc":{"start":{"line":7,"column":27},"end":{"line":121,"column":1}},"line":7},"1":{"name":"(anonymous_1)","decl":{"start":{"line":37,"column":23},"end":{"line":37,"column":24}},"loc":{"start":{"line":37,"column":29},"end":{"line":37,"column":56}},"line":37},"2":{"name":"(anonymous_2)","decl":{"start":{"line":58,"column":41},"end":{"line":58,"column":42}},"loc":{"start":{"line":59,"column":16},"end":{"line":66,"column":18}},"line":59},"3":{"name":"(anonymous_3)","decl":{"start":{"line":81,"column":27},"end":{"line":81,"column":28}},"loc":{"start":{"line":81,"column":33},"end":{"line":81,"column":57}},"line":81},"4":{"name":"(anonymous_4)","decl":{"start":{"line":111,"column":25},"end":{"line":111,"column":26}},"loc":{"start":{"line":111,"column":31},"end":{"line":111,"column":58}},"line":111}},"branchMap":{"0":{"loc":{"start":{"line":19,"column":7},"end":{"line":118,"column":7}},"type":"cond-expr","locations":[{"start":{"line":20,"column":8},"end":{"line":20,"column":61}},{"start":{"line":21,"column":10},"end":{"line":118,"column":7}}],"line":19},"1":{"loc":{"start":{"line":21,"column":10},"end":{"line":118,"column":7}},"type":"cond-expr","locations":[{"start":{"line":22,"column":8},"end":{"line":25,"column":16}},{"start":{"line":27,"column":8},"end":{"line":117,"column":11}}],"line":21},"2":{"loc":{"start":{"line":49,"column":11},"end":{"line":116,"column":11}},"type":"cond-expr","locations":[{"start":{"line":50,"column":12},"end":{"line":95,"column":19}},{"start":{"line":97,"column":12},"end":{"line":115,"column":18}}],"line":49},"3":{"loc":{"start":{"line":49,"column":11},"end":{"line":49,"column":44}},"type":"binary-expr","locations":[{"start":{"line":49,"column":11},"end":{"line":49,"column":20}},{"start":{"line":49,"column":24},"end":{"line":49,"column":44}}],"line":49},"4":{"loc":{"start":{"line":69,"column":15},"end":{"line":94,"column":15}},"type":"binary-expr","locations":[{"start":{"line":69,"column":15},"end":{"line":69,"column":35}},{"start":{"line":70,"column":16},"end":{"line":93,"column":22}}],"line":69}},"s":{"0":0,"1":0,"2":0,"3":0,"4":0,"5":0,"6":0,"7":0,"8":0,"9":0,"10":0},"f":{"0":0,"1":0,"2":0,"3":0,"4":0},"b":{"0":[0,0],"1":[0,0],"2":[0,0],"3":[0,0],"4":[0,0]}}
,"C:\\Users\\utari\\Documents\\Web Dev\\workout-tracker\\workout-tracker\\src\\Pages\\Admin\\AdminDashboard.jsx": {"path":"C:\\Users\\utari\\Documents\\Web Dev\\workout-tracker\\workout-tracker\\src\\Pages\\Admin\\AdminDashboard.jsx","statementMap":{"0":{"start":{"line":101,"column":17},"end":{"line":125,"column":1}},"1":{"start":{"line":102,"column":2},"end":{"line":124,"column":9}},"2":{"start":{"line":127,"column":23},"end":{"line":1030,"column":1}},"3":{"start":{"line":128,"column":17},"end":{"line":128,"column":35}},"4":{"start":{"line":129,"column":16},"end":{"line":129,"column":26}},"5":{"start":{"line":133,"column":22},"end":{"line":133,"column":35}},"6":{"start":{"line":136,"column":28},"end":{"line":141,"column":4}},"7":{"start":{"line":144,"column":32},"end":{"line":144,"column":44}},"8":{"start":{"line":145,"column":36},"end":{"line":145,"column":50}},"9":{"start":{"line":146,"column":38},"end":{"line":146,"column":53}},"10":{"start":{"line":147,"column":40},"end":{"line":147,"column":52}},"11":{"start":{"line":148,"column":36},"end":{"line":148,"column":57}},"12":{"start":{"line":149,"column":36},"end":{"line":149,"column":52}},"13":{"start":{"line":152,"column":50},"end":{"line":160,"column":4}},"14":{"start":{"line":162,"column":36},"end":{"line":162,"column":54}},"15":{"start":{"line":165,"column":2},"end":{"line":215,"column":38}},"16":{"start":{"line":166,"column":4},"end":{"line":166,"column":29}},"17":{"start":{"line":166,"column":22},"end":{"line":166,"column":29}},"18":{"start":{"line":168,"column":23},"end":{"line":212,"column":5}},"19":{"start":{"line":169,"column":6},"end":{"line":169,"column":25}},"20":{"start":{"line":170,"column":6},"end":{"line":211,"column":7}},"21":{"start":{"line":172,"column":30},"end":{"line":172,"column":86}},"22":{"start":{"line":173,"column":32},"end":{"line":173,"column":88}},"23":{"start":{"line":174,"column":34},"end":{"line":174,"column":94}},"24":{"start":{"line":177,"column":36},"end":{"line":181,"column":9}},"25":{"start":{"line":182,"column":38},"end":{"line":182,"column":72}},"26":{"start":{"line":183,"column":28},"end":{"line":185,"column":16}},"27":{"start":{"line":187,"column":8},"end":{"line":192,"column":11}},"28":{"start":{"line":195,"column":8},"end":{"line":195,"column":38}},"29":{"start":{"line":198,"column":8},"end":{"line":198,"column":29}},"30":{"start":{"line":201,"column":8},"end":{"line":201,"column":60}},"31":{"start":{"line":202,"column":8},"end":{"line":208,"column":11}},"32":{"start":{"line":210,"column":8},"end":{"line":210,"column":28}},"33":{"start":{"line":214,"column":4},"end":{"line":214,"column":17}},"34":{"start":{"line":218,"column":23},"end":{"line":261,"column":3}},"35":{"start":{"line":219,"column":4},"end":{"line":219,"column":23}},"36":{"start":{"line":220,"column":4},"end":{"line":260,"column":5}},"37":{"start":{"line":224,"column":6},"end":{"line":240,"column":7}},"38":{"start":{"line":226,"column":8},"end":{"line":232,"column":10}},"39":{"start":{"line":235,"column":8},"end":{"line":239,"column":10}},"40":{"start":{"line":242,"column":30},"end":{"line":242,"column":57}},"41":{"start":{"line":243,"column":26},"end":{"line":246,"column":9}},"42":{"start":{"line":243,"column":59},"end":{"line":246,"column":7}},"43":{"start":{"line":248,"column":6},"end":{"line":248,"column":30}},"44":{"start":{"line":250,"column":6},"end":{"line":250,"column":54}},"45":{"start":{"line":251,"column":6},"end":{"line":257,"column":9}},"46":{"start":{"line":259,"column":6},"end":{"line":259,"column":26}},"47":{"start":{"line":264,"column":23},"end":{"line":342,"column":3}},"48":{"start":{"line":265,"column":4},"end":{"line":274,"column":5}},"49":{"start":{"line":266,"column":6},"end":{"line":272,"column":9}},"50":{"start":{"line":273,"column":6},"end":{"line":273,"column":13}},"51":{"start":{"line":276,"column":4},"end":{"line":276,"column":24}},"52":{"start":{"line":278,"column":4},"end":{"line":341,"column":5}},"53":{"start":{"line":280,"column":24},"end":{"line":280,"column":57}},"54":{"start":{"line":281,"column":6},"end":{"line":281,"column":33}},"55":{"start":{"line":284,"column":6},"end":{"line":296,"column":7}},"56":{"start":{"line":285,"column":8},"end":{"line":295,"column":9}},"57":{"start":{"line":287,"column":28},"end":{"line":287,"column":80}},"58":{"start":{"line":288,"column":10},"end":{"line":291,"column":11}},"59":{"start":{"line":289,"column":29},"end":{"line":289,"column":52}},"60":{"start":{"line":290,"column":12},"end":{"line":290,"column":41}},"61":{"start":{"line":293,"column":10},"end":{"line":293,"column":66}},"62":{"start":{"line":299,"column":6},"end":{"line":311,"column":7}},"63":{"start":{"line":300,"column":8},"end":{"line":310,"column":9}},"64":{"start":{"line":302,"column":28},"end":{"line":302,"column":80}},"65":{"start":{"line":303,"column":10},"end":{"line":306,"column":11}},"66":{"start":{"line":304,"column":29},"end":{"line":304,"column":52}},"67":{"start":{"line":305,"column":12},"end":{"line":305,"column":41}},"68":{"start":{"line":308,"column":10},"end":{"line":308,"column":66}},"69":{"start":{"line":313,"column":6},"end":{"line":319,"column":9}},"70":{"start":{"line":322,"column":6},"end":{"line":322,"column":27}},"71":{"start":{"line":325,"column":6},"end":{"line":328,"column":10}},"72":{"start":{"line":325,"column":24},"end":{"line":328,"column":7}},"73":{"start":{"line":331,"column":6},"end":{"line":331,"column":53}},"74":{"start":{"line":332,"column":6},"end":{"line":338,"column":9}},"75":{"start":{"line":340,"column":6},"end":{"line":340,"column":27}},"76":{"start":{"line":344,"column":23},"end":{"line":347,"column":3}},"77":{"start":{"line":345,"column":4},"end":{"line":345,"column":23}},"78":{"start":{"line":346,"column":4},"end":{"line":346,"column":19}},"79":{"start":{"line":349,"column":27},"end":{"line":352,"column":3}},"80":{"start":{"line":350,"column":4},"end":{"line":350,"column":33}},"81":{"start":{"line":351,"column":4},"end":{"line":351,"column":19}},"82":{"start":{"line":354,"column":28},"end":{"line":357,"column":3}},"83":{"start":{"line":355,"column":4},"end":{"line":355,"column":33}},"84":{"start":{"line":356,"column":4},"end":{"line":356,"column":19}},"85":{"start":{"line":360,"column":32},"end":{"line":434,"column":3}},"86":{"start":{"line":361,"column":4},"end":{"line":433,"column":5}},"87":{"start":{"line":363,"column":25},"end":{"line":363,"column":55}},"88":{"start":{"line":364,"column":30},"end":{"line":364,"column":55}},"89":{"start":{"line":366,"column":23},"end":{"line":366,"column":24}},"90":{"start":{"line":367,"column":23},"end":{"line":367,"column":24}},"91":{"start":{"line":368,"column":27},"end":{"line":368,"column":28}},"92":{"start":{"line":369,"column":22},"end":{"line":369,"column":24}},"93":{"start":{"line":371,"column":6},"end":{"line":386,"column":9}},"94":{"start":{"line":372,"column":21},"end":{"line":372,"column":31}},"95":{"start":{"line":373,"column":8},"end":{"line":373,"column":38}},"96":{"start":{"line":375,"column":8},"end":{"line":378,"column":9}},"97":{"start":{"line":376,"column":10},"end":{"line":376,"column":46}},"98":{"start":{"line":377,"column":10},"end":{"line":377,"column":54}},"99":{"start":{"line":381,"column":8},"end":{"line":385,"column":9}},"100":{"start":{"line":382,"column":10},"end":{"line":384,"column":13}},"101":{"start":{"line":383,"column":12},"end":{"line":383,"column":55}},"102":{"start":{"line":389,"column":26},"end":{"line":392,"column":48}},"103":{"start":{"line":390,"column":24},"end":{"line":390,"column":35}},"104":{"start":{"line":392,"column":32},"end":{"line":392,"column":46}},"105":{"start":{"line":395,"column":28},"end":{"line":395,"column":38}},"106":{"start":{"line":396,"column":6},"end":{"line":396,"column":58}},"107":{"start":{"line":397,"column":34},"end":{"line":397,"column":67}},"108":{"start":{"line":399,"column":28},"end":{"line":402,"column":7}},"109":{"start":{"line":403,"column":31},"end":{"line":403,"column":59}},"110":{"start":{"line":405,"column":30},"end":{"line":408,"column":7}},"111":{"start":{"line":409,"column":33},"end":{"line":409,"column":63}},"112":{"start":{"line":412,"column":28},"end":{"line":412,"column":63}},"113":{"start":{"line":414,"column":6},"end":{"line":422,"column":9}},"114":{"start":{"line":425,"column":6},"end":{"line":425,"column":64}},"115":{"start":{"line":426,"column":6},"end":{"line":432,"column":9}},"116":{"start":{"line":437,"column":35},"end":{"line":468,"column":3}},"117":{"start":{"line":438,"column":17},"end":{"line":438,"column":19}},"118":{"start":{"line":439,"column":16},"end":{"line":439,"column":26}},"119":{"start":{"line":441,"column":15},"end":{"line":441,"column":16}},"120":{"start":{"line":442,"column":4},"end":{"line":442,"column":43}},"121":{"start":{"line":442,"column":33},"end":{"line":442,"column":43}},"122":{"start":{"line":443,"column":4},"end":{"line":443,"column":42}},"123":{"start":{"line":443,"column":32},"end":{"line":443,"column":42}},"124":{"start":{"line":445,"column":4},"end":{"line":465,"column":5}},"125":{"start":{"line":445,"column":17},"end":{"line":445,"column":18}},"126":{"start":{"line":446,"column":19},"end":{"line":446,"column":32}},"127":{"start":{"line":448,"column":6},"end":{"line":464,"column":7}},"128":{"start":{"line":449,"column":8},"end":{"line":449,"column":42}},"129":{"start":{"line":450,"column":8},"end":{"line":455,"column":11}},"130":{"start":{"line":457,"column":8},"end":{"line":457,"column":40}},"131":{"start":{"line":458,"column":8},"end":{"line":463,"column":11}},"132":{"start":{"line":467,"column":4},"end":{"line":467,"column":16}},"133":{"start":{"line":471,"column":32},"end":{"line":473,"column":3}},"134":{"start":{"line":472,"column":4},"end":{"line":472,"column":24}},"135":{"start":{"line":476,"column":28},"end":{"line":562,"column":3}},"136":{"start":{"line":477,"column":4},"end":{"line":561,"column":6}},"137":{"start":{"line":484,"column":31},"end":{"line":484,"column":64}},"138":{"start":{"line":531,"column":40},"end":{"line":531,"column":89}},"139":{"start":{"line":565,"column":23},"end":{"line":622,"column":3}},"140":{"start":{"line":566,"column":17},"end":{"line":569,"column":7}},"141":{"start":{"line":566,"column":34},"end":{"line":569,"column":5}},"142":{"start":{"line":571,"column":19},"end":{"line":571,"column":74}},"143":{"start":{"line":573,"column":4},"end":{"line":621,"column":6}},"144":{"start":{"line":608,"column":46},"end":{"line":608,"column":62}},"145":{"start":{"line":613,"column":20},"end":{"line":613,"column":87}},"146":{"start":{"line":625,"column":31},"end":{"line":670,"column":3}},"147":{"start":{"line":626,"column":17},"end":{"line":630,"column":5}},"148":{"start":{"line":632,"column":4},"end":{"line":669,"column":6}},"149":{"start":{"line":650,"column":48},"end":{"line":650,"column":89}},"150":{"start":{"line":653,"column":20},"end":{"line":653,"column":69}},"151":{"start":{"line":658,"column":40},"end":{"line":658,"column":73}},"152":{"start":{"line":662,"column":40},"end":{"line":662,"column":89}},"153":{"start":{"line":673,"column":26},"end":{"line":747,"column":3}},"154":{"start":{"line":675,"column":23},"end":{"line":675,"column":25}},"155":{"start":{"line":676,"column":16},"end":{"line":676,"column":26}},"156":{"start":{"line":678,"column":4},"end":{"line":687,"column":5}},"157":{"start":{"line":678,"column":17},"end":{"line":678,"column":18}},"158":{"start":{"line":679,"column":19},"end":{"line":679,"column":32}},"159":{"start":{"line":680,"column":6},"end":{"line":680,"column":40}},"160":{"start":{"line":682,"column":6},"end":{"line":686,"column":9}},"161":{"start":{"line":689,"column":4},"end":{"line":746,"column":6}},"162":{"start":{"line":723,"column":40},"end":{"line":723,"column":89}},"163":{"start":{"line":750,"column":2},"end":{"line":763,"column":3}},"164":{"start":{"line":751,"column":4},"end":{"line":762,"column":6}},"165":{"start":{"line":766,"column":2},"end":{"line":779,"column":3}},"166":{"start":{"line":767,"column":4},"end":{"line":778,"column":6}},"167":{"start":{"line":781,"column":2},"end":{"line":1029,"column":4}},"168":{"start":{"line":910,"column":41},"end":{"line":910,"column":71}},"169":{"start":{"line":992,"column":26},"end":{"line":1016,"column":31}},"170":{"start":{"line":997,"column":34},"end":{"line":997,"column":95}},"171":{"start":{"line":1010,"column":47},"end":{"line":1010,"column":106}}},"fnMap":{"0":{"name":"(anonymous_0)","decl":{"start":{"line":101,"column":17},"end":{"line":101,"column":18}},"loc":{"start":{"line":102,"column":2},"end":{"line":124,"column":9}},"line":102},"1":{"name":"(anonymous_1)","decl":{"start":{"line":127,"column":23},"end":{"line":127,"column":24}},"loc":{"start":{"line":127,"column":29},"end":{"line":1030,"column":1}},"line":127},"2":{"name":"(anonymous_2)","decl":{"start":{"line":165,"column":12},"end":{"line":165,"column":13}},"loc":{"start":{"line":165,"column":18},"end":{"line":215,"column":3}},"line":165},"3":{"name":"(anonymous_3)","decl":{"start":{"line":168,"column":23},"end":{"line":168,"column":24}},"loc":{"start":{"line":168,"column":35},"end":{"line":212,"column":5}},"line":168},"4":{"name":"(anonymous_4)","decl":{"start":{"line":218,"column":23},"end":{"line":218,"column":24}},"loc":{"start":{"line":218,"column":35},"end":{"line":261,"column":3}},"line":218},"5":{"name":"(anonymous_5)","decl":{"start":{"line":243,"column":51},"end":{"line":243,"column":52}},"loc":{"start":{"line":243,"column":59},"end":{"line":246,"column":7}},"line":243},"6":{"name":"(anonymous_6)","decl":{"start":{"line":264,"column":23},"end":{"line":264,"column":24}},"loc":{"start":{"line":264,"column":63},"end":{"line":342,"column":3}},"line":264},"7":{"name":"(anonymous_7)","decl":{"start":{"line":325,"column":15},"end":{"line":325,"column":16}},"loc":{"start":{"line":325,"column":24},"end":{"line":328,"column":7}},"line":325},"8":{"name":"(anonymous_8)","decl":{"start":{"line":344,"column":23},"end":{"line":344,"column":24}},"loc":{"start":{"line":344,"column":30},"end":{"line":347,"column":3}},"line":344},"9":{"name":"(anonymous_9)","decl":{"start":{"line":349,"column":27},"end":{"line":349,"column":28}},"loc":{"start":{"line":349,"column":34},"end":{"line":352,"column":3}},"line":349},"10":{"name":"(anonymous_10)","decl":{"start":{"line":354,"column":28},"end":{"line":354,"column":29}},"loc":{"start":{"line":354,"column":35},"end":{"line":357,"column":3}},"line":354},"11":{"name":"(anonymous_11)","decl":{"start":{"line":360,"column":32},"end":{"line":360,"column":33}},"loc":{"start":{"line":360,"column":44},"end":{"line":434,"column":3}},"line":360},"12":{"name":"(anonymous_12)","decl":{"start":{"line":371,"column":30},"end":{"line":371,"column":31}},"loc":{"start":{"line":371,"column":37},"end":{"line":386,"column":7}},"line":371},"13":{"name":"(anonymous_13)","decl":{"start":{"line":382,"column":28},"end":{"line":382,"column":29}},"loc":{"start":{"line":382,"column":35},"end":{"line":384,"column":11}},"line":382},"14":{"name":"(anonymous_14)","decl":{"start":{"line":390,"column":14},"end":{"line":390,"column":15}},"loc":{"start":{"line":390,"column":24},"end":{"line":390,"column":35}},"line":390},"15":{"name":"(anonymous_15)","decl":{"start":{"line":392,"column":13},"end":{"line":392,"column":14}},"loc":{"start":{"line":392,"column":32},"end":{"line":392,"column":46}},"line":392},"16":{"name":"(anonymous_16)","decl":{"start":{"line":437,"column":35},"end":{"line":437,"column":36}},"loc":{"start":{"line":437,"column":50},"end":{"line":468,"column":3}},"line":437},"17":{"name":"(anonymous_17)","decl":{"start":{"line":471,"column":32},"end":{"line":471,"column":33}},"loc":{"start":{"line":471,"column":43},"end":{"line":473,"column":3}},"line":471},"18":{"name":"(anonymous_18)","decl":{"start":{"line":476,"column":28},"end":{"line":476,"column":29}},"loc":{"start":{"line":476,"column":72},"end":{"line":562,"column":3}},"line":476},"19":{"name":"(anonymous_19)","decl":{"start":{"line":484,"column":24},"end":{"line":484,"column":25}},"loc":{"start":{"line":484,"column":31},"end":{"line":484,"column":64}},"line":484},"20":{"name":"(anonymous_20)","decl":{"start":{"line":531,"column":29},"end":{"line":531,"column":30}},"loc":{"start":{"line":531,"column":40},"end":{"line":531,"column":89}},"line":531},"21":{"name":"(anonymous_21)","decl":{"start":{"line":565,"column":23},"end":{"line":565,"column":24}},"loc":{"start":{"line":565,"column":37},"end":{"line":622,"column":3}},"line":565},"22":{"name":"(anonymous_22)","decl":{"start":{"line":566,"column":26},"end":{"line":566,"column":27}},"loc":{"start":{"line":566,"column":34},"end":{"line":569,"column":5}},"line":566},"23":{"name":"(anonymous_23)","decl":{"start":{"line":608,"column":29},"end":{"line":608,"column":30}},"loc":{"start":{"line":608,"column":46},"end":{"line":608,"column":62}},"line":608},"24":{"name":"(anonymous_24)","decl":{"start":{"line":612,"column":28},"end":{"line":612,"column":29}},"loc":{"start":{"line":613,"column":20},"end":{"line":613,"column":87}},"line":613},"25":{"name":"(anonymous_25)","decl":{"start":{"line":625,"column":31},"end":{"line":625,"column":32}},"loc":{"start":{"line":625,"column":64},"end":{"line":670,"column":3}},"line":625},"26":{"name":"(anonymous_26)","decl":{"start":{"line":650,"column":25},"end":{"line":650,"column":26}},"loc":{"start":{"line":650,"column":48},"end":{"line":650,"column":89}},"line":650},"27":{"name":"(anonymous_27)","decl":{"start":{"line":652,"column":28},"end":{"line":652,"column":29}},"loc":{"start":{"line":653,"column":20},"end":{"line":653,"column":69}},"line":653},"28":{"name":"(anonymous_28)","decl":{"start":{"line":658,"column":29},"end":{"line":658,"column":30}},"loc":{"start":{"line":658,"column":40},"end":{"line":658,"column":73}},"line":658},"29":{"name":"(anonymous_29)","decl":{"start":{"line":662,"column":29},"end":{"line":662,"column":30}},"loc":{"start":{"line":662,"column":40},"end":{"line":662,"column":89}},"line":662},"30":{"name":"(anonymous_30)","decl":{"start":{"line":673,"column":26},"end":{"line":673,"column":27}},"loc":{"start":{"line":673,"column":40},"end":{"line":747,"column":3}},"line":673},"31":{"name":"(anonymous_31)","decl":{"start":{"line":723,"column":29},"end":{"line":723,"column":30}},"loc":{"start":{"line":723,"column":40},"end":{"line":723,"column":89}},"line":723},"32":{"name":"(anonymous_32)","decl":{"start":{"line":910,"column":34},"end":{"line":910,"column":35}},"loc":{"start":{"line":910,"column":41},"end":{"line":910,"column":71}},"line":910},"33":{"name":"(anonymous_33)","decl":{"start":{"line":991,"column":36},"end":{"line":991,"column":37}},"loc":{"start":{"line":992,"column":26},"end":{"line":1016,"column":31}},"line":992},"34":{"name":"(anonymous_34)","decl":{"start":{"line":996,"column":64},"end":{"line":996,"column":65}},"loc":{"start":{"line":997,"column":34},"end":{"line":997,"column":95}},"line":997},"35":{"name":"(anonymous_35)","decl":{"start":{"line":1010,"column":41},"end":{"line":1010,"column":42}},"loc":{"start":{"line":1010,"column":47},"end":{"line":1010,"column":106}},"line":1010}},"branchMap":{"0":{"loc":{"start":{"line":101,"column":55},"end":{"line":101,"column":75}},"type":"default-arg","locations":[{"start":{"line":101,"column":69},"end":{"line":101,"column":75}}],"line":101},"1":{"loc":{"start":{"line":112,"column":9},"end":{"line":121,"column":9}},"type":"cond-expr","locations":[{"start":{"line":113,"column":10},"end":{"line":115,"column":16}},{"start":{"line":117,"column":10},"end":{"line":120,"column":13}}],"line":112},"2":{"loc":{"start":{"line":119,"column":13},"end":{"line":119,"column":81}},"type":"binary-expr","locations":[{"start":{"line":119,"column":13},"end":{"line":119,"column":21}},{"start":{"line":119,"column":25},"end":{"line":119,"column":81}}],"line":119},"3":{"loc":{"start":{"line":166,"column":4},"end":{"line":166,"column":29}},"type":"if","locations":[{"start":{"line":166,"column":4},"end":{"line":166,"column":29}},{"start":{},"end":{}}],"line":166},"4":{"loc":{"start":{"line":183,"column":28},"end":{"line":185,"column":16}},"type":"cond-expr","locations":[{"start":{"line":184,"column":12},"end":{"line":184,"column":93}},{"start":{"line":185,"column":12},"end":{"line":185,"column":16}}],"line":183},"5":{"loc":{"start":{"line":224,"column":6},"end":{"line":240,"column":7}},"type":"if","locations":[{"start":{"line":224,"column":6},"end":{"line":240,"column":7}},{"start":{"line":233,"column":13},"end":{"line":240,"column":7}}],"line":224},"6":{"loc":{"start":{"line":265,"column":4},"end":{"line":274,"column":5}},"type":"if","locations":[{"start":{"line":265,"column":4},"end":{"line":274,"column":5}},{"start":{},"end":{}}],"line":265},"7":{"loc":{"start":{"line":284,"column":6},"end":{"line":296,"column":7}},"type":"if","locations":[{"start":{"line":284,"column":6},"end":{"line":296,"column":7}},{"start":{},"end":{}}],"line":284},"8":{"loc":{"start":{"line":288,"column":10},"end":{"line":291,"column":11}},"type":"if","locations":[{"start":{"line":288,"column":10},"end":{"line":291,"column":11}},{"start":{},"end":{}}],"line":288},"9":{"loc":{"start":{"line":299,"column":6},"end":{"line":311,"column":7}},"type":"if","locations":[{"start":{"line":299,"column":6},"end":{"line":311,"column":7}},{"start":{},"end":{}}],"line":299},"10":{"loc":{"start":{"line":303,"column":10},"end":{"line":306,"column":11}},"type":"if","locations":[{"start":{"line":303,"column":10},"end":{"line":306,"column":11}},{"start":{},"end":{}}],"line":303},"11":{"loc":{"start":{"line":373,"column":22},"end":{"line":373,"column":37}},"type":"binary-expr","locations":[{"start":{"line":373,"column":22},"end":{"line":373,"column":32}},{"start":{"line":373,"column":36},"end":{"line":373,"column":37}}],"line":373},"12":{"loc":{"start":{"line":375,"column":8},"end":{"line":378,"column":9}},"type":"if","locations":[{"start":{"line":375,"column":8},"end":{"line":378,"column":9}},{"start":{},"end":{}}],"line":375},"13":{"loc":{"start":{"line":376,"column":24},"end":{"line":376,"column":45}},"type":"binary-expr","locations":[{"start":{"line":376,"column":24},"end":{"line":376,"column":40}},{"start":{"line":376,"column":44},"end":{"line":376,"column":45}}],"line":376},"14":{"loc":{"start":{"line":377,"column":28},"end":{"line":377,"column":53}},"type":"binary-expr","locations":[{"start":{"line":377,"column":28},"end":{"line":377,"column":48}},{"start":{"line":377,"column":52},"end":{"line":377,"column":53}}],"line":377},"15":{"loc":{"start":{"line":381,"column":8},"end":{"line":385,"column":9}},"type":"if","locations":[{"start":{"line":381,"column":8},"end":{"line":385,"column":9}},{"start":{},"end":{}}],"line":381},"16":{"loc":{"start":{"line":381,"column":12},"end":{"line":381,"column":49}},"type":"binary-expr","locations":[{"start":{"line":381,"column":12},"end":{"line":381,"column":21}},{"start":{"line":381,"column":25},"end":{"line":381,"column":49}}],"line":381},"17":{"loc":{"start":{"line":383,"column":30},"end":{"line":383,"column":49}},"type":"binary-expr","locations":[{"start":{"line":383,"column":30},"end":{"line":383,"column":44}},{"start":{"line":383,"column":48},"end":{"line":383,"column":49}}],"line":383},"18":{"loc":{"start":{"line":442,"column":4},"end":{"line":442,"column":43}},"type":"if","locations":[{"start":{"line":442,"column":4},"end":{"line":442,"column":43}},{"start":{},"end":{}}],"line":442},"19":{"loc":{"start":{"line":443,"column":4},"end":{"line":443,"column":42}},"type":"if","locations":[{"start":{"line":443,"column":4},"end":{"line":443,"column":42}},{"start":{},"end":{}}],"line":443},"20":{"loc":{"start":{"line":448,"column":6},"end":{"line":464,"column":7}},"type":"if","locations":[{"start":{"line":448,"column":6},"end":{"line":464,"column":7}},{"start":{"line":456,"column":13},"end":{"line":464,"column":7}}],"line":448},"21":{"loc":{"start":{"line":750,"column":2},"end":{"line":763,"column":3}},"type":"if","locations":[{"start":{"line":750,"column":2},"end":{"line":763,"column":3}},{"start":{},"end":{}}],"line":750},"22":{"loc":{"start":{"line":766,"column":2},"end":{"line":779,"column":3}},"type":"if","locations":[{"start":{"line":766,"column":2},"end":{"line":779,"column":3}},{"start":{},"end":{}}],"line":766},"23":{"loc":{"start":{"line":823,"column":25},"end":{"line":823,"column":63}},"type":"binary-expr","locations":[{"start":{"line":823,"column":25},"end":{"line":823,"column":54}},{"start":{"line":823,"column":58},"end":{"line":823,"column":63}}],"line":823},"24":{"loc":{"start":{"line":824,"column":28},"end":{"line":824,"column":106}},"type":"cond-expr","locations":[{"start":{"line":824,"column":54},"end":{"line":824,"column":99}},{"start":{"line":824,"column":102},"end":{"line":824,"column":106}}],"line":824},"25":{"loc":{"start":{"line":824,"column":57},"end":{"line":824,"column":91}},"type":"binary-expr","locations":[{"start":{"line":824,"column":57},"end":{"line":824,"column":86}},{"start":{"line":824,"column":90},"end":{"line":824,"column":91}}],"line":824},"26":{"loc":{"start":{"line":980,"column":23},"end":{"line":1018,"column":23}},"type":"cond-expr","locations":[{"start":{"line":981,"column":24},"end":{"line":985,"column":29}},{"start":{"line":986,"column":26},"end":{"line":1018,"column":23}}],"line":980},"27":{"loc":{"start":{"line":986,"column":26},"end":{"line":1018,"column":23}},"type":"cond-expr","locations":[{"start":{"line":987,"column":24},"end":{"line":989,"column":29}},{"start":{"line":991,"column":24},"end":{"line":1017,"column":26}}],"line":986},"28":{"loc":{"start":{"line":996,"column":33},"end":{"line":998,"column":34}},"type":"binary-expr","locations":[{"start":{"line":996,"column":33},"end":{"line":996,"column":44}},{"start":{"line":996,"column":48},"end":{"line":998,"column":34}}],"line":996},"29":{"loc":{"start":{"line":1001,"column":50},"end":{"line":1001,"column":83}},"type":"binary-expr","locations":[{"start":{"line":1001,"column":50},"end":{"line":1001,"column":66}},{"start":{"line":1001,"column":70},"end":{"line":1001,"column":83}}],"line":1001},"30":{"loc":{"start":{"line":1002,"column":60},"end":{"line":1002,"column":77}},"type":"binary-expr","locations":[{"start":{"line":1002,"column":60},"end":{"line":1002,"column":72}},{"start":{"line":1002,"column":76},"end":{"line":1002,"column":77}}],"line":1002},"31":{"loc":{"start":{"line":1004,"column":31},"end":{"line":1004,"column":113}},"type":"binary-expr","locations":[{"start":{"line":1004,"column":31},"end":{"line":1004,"column":47}},{"start":{"line":1004,"column":51},"end":{"line":1004,"column":113}}],"line":1004}},"s":{"0":0,"1":0,"2":0,"3":0,"4":0,"5":0,"6":0,"7":0,"8":0,"9":0,"10":0,"11":0,"12":0,"13":0,"14":0,"15":0,"16":0,"17":0,"18":0,"19":0,"20":0,"21":0,"22":0,"23":0,"24":0,"25":0,"26":0,"27":0,"28":0,"29":0,"30":0,"31":0,"32":0,"33":0,"34":0,"35":0,"36":0,"37":0,"38":0,"39":0,"40":0,"41":0,"42":0,"43":0,"44":0,"45":0,"46":0,"47":0,"48":0,"49":0,"50":0,"51":0,"52":0,"53":0,"54":0,"55":0,"56":0,"57":0,"58":0,"59":0,"60":0,"61":0,"62":0,"63":0,"64":0,"65":0,"66":0,"67":0,"68":0,"69":0,"70":0,"71":0,"72":0,"73":0,"74":0,"75":0,"76":0,"77":0,"78":0,"79":0,"80":0,"81":0,"82":0,"83":0,"84":0,"85":0,"86":0,"87":0,"88":0,"89":0,"90":0,"91":0,"92":0,"93":0,"94":0,"95":0,"96":0,"97":0,"98":0,"99":0,"100":0,"101":0,"102":0,"103":0,"104":0,"105":0,"106":0,"107":0,"108":0,"109":0,"110":0,"111":0,"112":0,"113":0,"114":0,"115":0,"116":0,"117":0,"118":0,"119":0,"120":0,"121":0,"122":0,"123":0,"124":0,"125":0,"126":0,"127":0,"128":0,"129":0,"130":0,"131":0,"132":0,"133":0,"134":0,"135":0,"136":0,"137":0,"138":0,"139":0,"140":0,"141":0,"142":0,"143":0,"144":0,"145":0,"146":0,"147":0,"148":0,"149":0,"150":0,"151":0,"152":0,"153":0,"154":0,"155":0,"156":0,"157":0,"158":0,"159":0,"160":0,"161":0,"162":0,"163":0,"164":0,"165":0,"166":0,"167":0,"168":0,"169":0,"170":0,"171":0},"f":{"0":0,"1":0,"2":0,"3":0,"4":0,"5":0,"6":0,"7":0,"8":0,"9":0,"10":0,"11":0,"12":0,"13":0,"14":0,"15":0,"16":0,"17":0,"18":0,"19":0,"20":0,"21":0,"22":0,"23":0,"24":0,"25":0,"26":0,"27":0,"28":0,"29":0,"30":0,"31":0,"32":0,"33":0,"34":0,"35":0},"b":{"0":[0],"1":[0,0],"2":[0,0],"3":[0,0],"4":[0,0],"5":[0,0],"6":[0,0],"7":[0,0],"8":[0,0],"9":[0,0],"10":[0,0],"11":[0,0],"12":[0,0],"13":[0,0],"14":[0,0],"15":[0,0],"16":[0,0],"17":[0,0],"18":[0,0],"19":[0,0],"20":[0,0],"21":[0,0],"22":[0,0],"23":[0,0],"24":[0,0],"25":[0,0],"26":[0,0],"27":[0,0],"28":[0,0],"29":[0,0],"30":[0,0],"31":[0,0]}}
,"C:\\Users\\utari\\Documents\\Web Dev\\workout-tracker\\workout-tracker\\src\\Pages\\Admin\\SchemaMigrationPage.jsx": {"path":"C:\\Users\\utari\\Documents\\Web Dev\\workout-tracker\\workout-tracker\\src\\Pages\\Admin\\SchemaMigrationPage.jsx","statementMap":{"0":{"start":{"line":30,"column":23},"end":{"line":33,"column":1}},"1":{"start":{"line":35,"column":22},"end":{"line":66,"column":1}},"2":{"start":{"line":36,"column":2},"end":{"line":65,"column":9}},"3":{"start":{"line":68,"column":28},"end":{"line":246,"column":1}},"4":{"start":{"line":69,"column":32},"end":{"line":74,"column":4}},"5":{"start":{"line":75,"column":32},"end":{"line":80,"column":4}},"6":{"start":{"line":82,"column":17},"end":{"line":82,"column":35}},"7":{"start":{"line":83,"column":16},"end":{"line":83,"column":26}},"8":{"start":{"line":86,"column":18},"end":{"line":86,"column":59}},"9":{"start":{"line":88,"column":23},"end":{"line":150,"column":3}},"10":{"start":{"line":89,"column":4},"end":{"line":98,"column":5}},"11":{"start":{"line":90,"column":6},"end":{"line":96,"column":9}},"12":{"start":{"line":97,"column":6},"end":{"line":97,"column":13}},"13":{"start":{"line":100,"column":4},"end":{"line":100,"column":52}},"14":{"start":{"line":100,"column":24},"end":{"line":100,"column":49}},"15":{"start":{"line":102,"column":4},"end":{"line":149,"column":5}},"16":{"start":{"line":105,"column":6},"end":{"line":120,"column":7}},"17":{"start":{"line":107,"column":10},"end":{"line":107,"column":44}},"18":{"start":{"line":108,"column":10},"end":{"line":108,"column":16}},"19":{"start":{"line":110,"column":10},"end":{"line":110,"column":45}},"20":{"start":{"line":111,"column":10},"end":{"line":111,"column":16}},"21":{"start":{"line":113,"column":10},"end":{"line":113,"column":47}},"22":{"start":{"line":114,"column":10},"end":{"line":114,"column":16}},"23":{"start":{"line":116,"column":10},"end":{"line":116,"column":43}},"24":{"start":{"line":117,"column":10},"end":{"line":117,"column":16}},"25":{"start":{"line":119,"column":10},"end":{"line":119,"column":61}},"26":{"start":{"line":122,"column":6},"end":{"line":122,"column":56}},"27":{"start":{"line":122,"column":26},"end":{"line":122,"column":53}},"28":{"start":{"line":124,"column":6},"end":{"line":132,"column":9}},"29":{"start":{"line":134,"column":6},"end":{"line":134,"column":62}},"30":{"start":{"line":135,"column":6},"end":{"line":138,"column":10}},"31":{"start":{"line":135,"column":26},"end":{"line":138,"column":7}},"32":{"start":{"line":140,"column":6},"end":{"line":146,"column":9}},"33":{"start":{"line":148,"column":6},"end":{"line":148,"column":55}},"34":{"start":{"line":148,"column":26},"end":{"line":148,"column":52}},"35":{"start":{"line":152,"column":2},"end":{"line":165,"column":3}},"36":{"start":{"line":153,"column":4},"end":{"line":164,"column":6}},"37":{"start":{"line":167,"column":2},"end":{"line":180,"column":3}},"38":{"start":{"line":168,"column":4},"end":{"line":179,"column":6}},"39":{"start":{"line":182,"column":2},"end":{"line":245,"column":4}},"40":{"start":{"line":209,"column":33},"end":{"line":209,"column":52}},"41":{"start":{"line":219,"column":33},"end":{"line":219,"column":56}},"42":{"start":{"line":227,"column":33},"end":{"line":227,"column":58}},"43":{"start":{"line":235,"column":33},"end":{"line":235,"column":54}}},"fnMap":{"0":{"name":"(anonymous_0)","decl":{"start":{"line":35,"column":22},"end":{"line":35,"column":23}},"loc":{"start":{"line":36,"column":2},"end":{"line":65,"column":9}},"line":36},"1":{"name":"(anonymous_1)","decl":{"start":{"line":68,"column":28},"end":{"line":68,"column":29}},"loc":{"start":{"line":68,"column":34},"end":{"line":246,"column":1}},"line":68},"2":{"name":"(anonymous_2)","decl":{"start":{"line":88,"column":23},"end":{"line":88,"column":24}},"loc":{"start":{"line":88,"column":39},"end":{"line":150,"column":3}},"line":88},"3":{"name":"(anonymous_3)","decl":{"start":{"line":100,"column":15},"end":{"line":100,"column":16}},"loc":{"start":{"line":100,"column":24},"end":{"line":100,"column":49}},"line":100},"4":{"name":"(anonymous_4)","decl":{"start":{"line":122,"column":17},"end":{"line":122,"column":18}},"loc":{"start":{"line":122,"column":26},"end":{"line":122,"column":53}},"line":122},"5":{"name":"(anonymous_5)","decl":{"start":{"line":135,"column":17},"end":{"line":135,"column":18}},"loc":{"start":{"line":135,"column":26},"end":{"line":138,"column":7}},"line":135},"6":{"name":"(anonymous_6)","decl":{"start":{"line":148,"column":17},"end":{"line":148,"column":18}},"loc":{"start":{"line":148,"column":26},"end":{"line":148,"column":52}},"line":148},"7":{"name":"(anonymous_7)","decl":{"start":{"line":209,"column":27},"end":{"line":209,"column":28}},"loc":{"start":{"line":209,"column":33},"end":{"line":209,"column":52}},"line":209},"8":{"name":"(anonymous_8)","decl":{"start":{"line":219,"column":27},"end":{"line":219,"column":28}},"loc":{"start":{"line":219,"column":33},"end":{"line":219,"column":56}},"line":219},"9":{"name":"(anonymous_9)","decl":{"start":{"line":227,"column":27},"end":{"line":227,"column":28}},"loc":{"start":{"line":227,"column":33},"end":{"line":227,"column":58}},"line":227},"10":{"name":"(anonymous_10)","decl":{"start":{"line":235,"column":27},"end":{"line":235,"column":28}},"loc":{"start":{"line":235,"column":33},"end":{"line":235,"column":54}},"line":235}},"branchMap":{"0":{"loc":{"start":{"line":53,"column":9},"end":{"line":62,"column":9}},"type":"binary-expr","locations":[{"start":{"line":53,"column":9},"end":{"line":53,"column":15}},{"start":{"line":54,"column":10},"end":{"line":61,"column":18}}],"line":53},"1":{"loc":{"start":{"line":55,"column":25},"end":{"line":55,"column":57}},"type":"cond-expr","locations":[{"start":{"line":55,"column":42},"end":{"line":55,"column":49}},{"start":{"line":55,"column":52},"end":{"line":55,"column":57}}],"line":55},"2":{"loc":{"start":{"line":58,"column":13},"end":{"line":60,"column":24}},"type":"cond-expr","locations":[{"start":{"line":59,"column":16},"end":{"line":59,"column":53}},{"start":{"line":60,"column":16},"end":{"line":60,"column":24}}],"line":58},"3":{"loc":{"start":{"line":86,"column":18},"end":{"line":86,"column":59}},"type":"binary-expr","locations":[{"start":{"line":86,"column":18},"end":{"line":86,"column":22}},{"start":{"line":86,"column":26},"end":{"line":86,"column":59}}],"line":86},"4":{"loc":{"start":{"line":89,"column":4},"end":{"line":98,"column":5}},"type":"if","locations":[{"start":{"line":89,"column":4},"end":{"line":98,"column":5}},{"start":{},"end":{}}],"line":89},"5":{"loc":{"start":{"line":105,"column":6},"end":{"line":120,"column":7}},"type":"switch","locations":[{"start":{"line":106,"column":8},"end":{"line":108,"column":16}},{"start":{"line":109,"column":8},"end":{"line":111,"column":16}},{"start":{"line":112,"column":8},"end":{"line":114,"column":16}},{"start":{"line":115,"column":8},"end":{"line":117,"column":16}},{"start":{"line":118,"column":8},"end":{"line":119,"column":61}}],"line":105},"6":{"loc":{"start":{"line":125,"column":15},"end":{"line":125,"column":75}},"type":"cond-expr","locations":[{"start":{"line":125,"column":32},"end":{"line":125,"column":54}},{"start":{"line":125,"column":57},"end":{"line":125,"column":75}}],"line":125},"7":{"loc":{"start":{"line":126,"column":21},"end":{"line":128,"column":59}},"type":"cond-expr","locations":[{"start":{"line":127,"column":12},"end":{"line":127,"column":62}},{"start":{"line":128,"column":12},"end":{"line":128,"column":59}}],"line":126},"8":{"loc":{"start":{"line":129,"column":16},"end":{"line":129,"column":52}},"type":"cond-expr","locations":[{"start":{"line":129,"column":33},"end":{"line":129,"column":42}},{"start":{"line":129,"column":45},"end":{"line":129,"column":52}}],"line":129},"9":{"loc":{"start":{"line":152,"column":2},"end":{"line":165,"column":3}},"type":"if","locations":[{"start":{"line":152,"column":2},"end":{"line":165,"column":3}},{"start":{},"end":{}}],"line":152},"10":{"loc":{"start":{"line":167,"column":2},"end":{"line":180,"column":3}},"type":"if","locations":[{"start":{"line":167,"column":2},"end":{"line":180,"column":3}},{"start":{},"end":{}}],"line":167}},"s":{"0":0,"1":0,"2":0,"3":0,"4":0,"5":0,"6":0,"7":0,"8":0,"9":0,"10":0,"11":0,"12":0,"13":0,"14":0,"15":0,"16":0,"17":0,"18":0,"19":0,"20":0,"21":0,"22":0,"23":0,"24":0,"25":0,"26":0,"27":0,"28":0,"29":0,"30":0,"31":0,"32":0,"33":0,"34":0,"35":0,"36":0,"37":0,"38":0,"39":0,"40":0,"41":0,"42":0,"43":0},"f":{"0":0,"1":0,"2":0,"3":0,"4":0,"5":0,"6":0,"7":0,"8":0,"9":0,"10":0},"b":{"0":[0,0],"1":[0,0],"2":[0,0],"3":[0,0],"4":[0,0],"5":[0,0,0,0,0],"6":[0,0],"7":[0,0],"8":[0,0],"9":[0,0],"10":[0,0]}}
,"C:\\Users\\utari\\Documents\\Web Dev\\workout-tracker\\workout-tracker\\src\\Pages\\Authentication\\AuthPage.jsx": {"path":"C:\\Users\\utari\\Documents\\Web Dev\\workout-tracker\\workout-tracker\\src\\Pages\\Authentication\\AuthPage.jsx","statementMap":{"0":{"start":{"line":11,"column":18},"end":{"line":11,"column":29}},"1":{"start":{"line":12,"column":19},"end":{"line":12,"column":31}},"2":{"start":{"line":14,"column":17},"end":{"line":117,"column":1}},"3":{"start":{"line":15,"column":32},"end":{"line":15,"column":46}},"4":{"start":{"line":16,"column":19},"end":{"line":16,"column":32}},"5":{"start":{"line":19,"column":2},"end":{"line":24,"column":17}},"6":{"start":{"line":20,"column":25},"end":{"line":20,"column":61}},"7":{"start":{"line":21,"column":17},"end":{"line":21,"column":41}},"8":{"start":{"line":23,"column":4},"end":{"line":23,"column":36}},"9":{"start":{"line":27,"column":24},"end":{"line":27,"column":73}},"10":{"start":{"line":28,"column":20},"end":{"line":28,"column":81}},"11":{"start":{"line":30,"column":2},"end":{"line":116,"column":4}},"12":{"start":{"line":104,"column":29},"end":{"line":104,"column":49}}},"fnMap":{"0":{"name":"(anonymous_0)","decl":{"start":{"line":14,"column":17},"end":{"line":14,"column":18}},"loc":{"start":{"line":14,"column":23},"end":{"line":117,"column":1}},"line":14},"1":{"name":"(anonymous_1)","decl":{"start":{"line":19,"column":12},"end":{"line":19,"column":13}},"loc":{"start":{"line":19,"column":18},"end":{"line":24,"column":3}},"line":19},"2":{"name":"(anonymous_2)","decl":{"start":{"line":104,"column":23},"end":{"line":104,"column":24}},"loc":{"start":{"line":104,"column":29},"end":{"line":104,"column":49}},"line":104}},"branchMap":{"0":{"loc":{"start":{"line":97,"column":11},"end":{"line":97,"column":43}},"type":"cond-expr","locations":[{"start":{"line":97,"column":21},"end":{"line":97,"column":30}},{"start":{"line":97,"column":33},"end":{"line":97,"column":43}}],"line":97},"1":{"loc":{"start":{"line":107,"column":15},"end":{"line":107,"column":74}},"type":"cond-expr","locations":[{"start":{"line":107,"column":25},"end":{"line":107,"column":44}},{"start":{"line":107,"column":47},"end":{"line":107,"column":74}}],"line":107},"2":{"loc":{"start":{"line":109,"column":17},"end":{"line":109,"column":57}},"type":"cond-expr","locations":[{"start":{"line":109,"column":27},"end":{"line":109,"column":46}},{"start":{"line":109,"column":49},"end":{"line":109,"column":57}}],"line":109}},"s":{"0":0,"1":0,"2":0,"3":0,"4":0,"5":0,"6":0,"7":0,"8":0,"9":0,"10":0,"11":0,"12":0},"f":{"0":0,"1":0,"2":0},"b":{"0":[0,0],"1":[0,0],"2":[0,0]}}
,"C:\\Users\\utari\\Documents\\Web Dev\\workout-tracker\\workout-tracker\\src\\Pages\\Authentication\\LogIn.jsx": {"path":"C:\\Users\\utari\\Documents\\Web Dev\\workout-tracker\\workout-tracker\\src\\Pages\\Authentication\\LogIn.jsx","statementMap":{"0":{"start":{"line":28,"column":21},"end":{"line":28,"column":35}},"1":{"start":{"line":29,"column":21},"end":{"line":29,"column":35}},"2":{"start":{"line":31,"column":14},"end":{"line":277,"column":1}},"3":{"start":{"line":32,"column":28},"end":{"line":32,"column":40}},"4":{"start":{"line":33,"column":34},"end":{"line":33,"column":46}},"5":{"start":{"line":34,"column":61},"end":{"line":34,"column":96}},"6":{"start":{"line":35,"column":24},"end":{"line":35,"column":42}},"7":{"start":{"line":36,"column":31},"end":{"line":36,"column":46}},"8":{"start":{"line":37,"column":16},"end":{"line":37,"column":26}},"9":{"start":{"line":38,"column":19},"end":{"line":38,"column":32}},"10":{"start":{"line":39,"column":46},"end":{"line":39,"column":61}},"11":{"start":{"line":42,"column":2},"end":{"line":60,"column":33}},"12":{"start":{"line":43,"column":4},"end":{"line":59,"column":5}},"13":{"start":{"line":44,"column":6},"end":{"line":51,"column":9}},"14":{"start":{"line":54,"column":28},"end":{"line":56,"column":14}},"15":{"start":{"line":55,"column":8},"end":{"line":55,"column":32}},"16":{"start":{"line":58,"column":6},"end":{"line":58,"column":47}},"17":{"start":{"line":58,"column":19},"end":{"line":58,"column":46}},"18":{"start":{"line":63,"column":2},"end":{"line":65,"column":3}},"19":{"start":{"line":64,"column":4},"end":{"line":64,"column":31}},"20":{"start":{"line":67,"column":22},"end":{"line":80,"column":3}},"21":{"start":{"line":68,"column":4},"end":{"line":78,"column":5}},"22":{"start":{"line":69,"column":6},"end":{"line":76,"column":9}},"23":{"start":{"line":77,"column":6},"end":{"line":77,"column":13}},"24":{"start":{"line":79,"column":4},"end":{"line":79,"column":54}},"25":{"start":{"line":83,"column":28},"end":{"line":91,"column":3}},"26":{"start":{"line":93,"column":23},"end":{"line":102,"column":3}},"27":{"start":{"line":104,"column":2},"end":{"line":276,"column":4}},"28":{"start":{"line":186,"column":31},"end":{"line":186,"column":55}},"29":{"start":{"line":211,"column":31},"end":{"line":211,"column":58}},"30":{"start":{"line":221,"column":16},"end":{"line":221,"column":53}},"31":{"start":{"line":221,"column":39},"end":{"line":221,"column":53}}},"fnMap":{"0":{"name":"(anonymous_0)","decl":{"start":{"line":31,"column":14},"end":{"line":31,"column":15}},"loc":{"start":{"line":31,"column":20},"end":{"line":277,"column":1}},"line":31},"1":{"name":"(anonymous_1)","decl":{"start":{"line":42,"column":12},"end":{"line":42,"column":13}},"loc":{"start":{"line":42,"column":18},"end":{"line":60,"column":3}},"line":42},"2":{"name":"(anonymous_2)","decl":{"start":{"line":54,"column":39},"end":{"line":54,"column":40}},"loc":{"start":{"line":54,"column":45},"end":{"line":56,"column":7}},"line":54},"3":{"name":"(anonymous_3)","decl":{"start":{"line":58,"column":13},"end":{"line":58,"column":14}},"loc":{"start":{"line":58,"column":19},"end":{"line":58,"column":46}},"line":58},"4":{"name":"(anonymous_4)","decl":{"start":{"line":67,"column":22},"end":{"line":67,"column":23}},"loc":{"start":{"line":67,"column":34},"end":{"line":80,"column":3}},"line":67},"5":{"name":"(anonymous_5)","decl":{"start":{"line":186,"column":24},"end":{"line":186,"column":25}},"loc":{"start":{"line":186,"column":31},"end":{"line":186,"column":55}},"line":186},"6":{"name":"(anonymous_6)","decl":{"start":{"line":211,"column":24},"end":{"line":211,"column":25}},"loc":{"start":{"line":211,"column":31},"end":{"line":211,"column":58}},"line":211},"7":{"name":"(anonymous_7)","decl":{"start":{"line":220,"column":25},"end":{"line":220,"column":26}},"loc":{"start":{"line":220,"column":32},"end":{"line":222,"column":15}},"line":220}},"branchMap":{"0":{"loc":{"start":{"line":43,"column":4},"end":{"line":59,"column":5}},"type":"if","locations":[{"start":{"line":43,"column":4},"end":{"line":59,"column":5}},{"start":{},"end":{}}],"line":43},"1":{"loc":{"start":{"line":43,"column":8},"end":{"line":43,"column":27}},"type":"binary-expr","locations":[{"start":{"line":43,"column":8},"end":{"line":43,"column":12}},{"start":{"line":43,"column":16},"end":{"line":43,"column":27}}],"line":43},"2":{"loc":{"start":{"line":63,"column":2},"end":{"line":65,"column":3}},"type":"if","locations":[{"start":{"line":63,"column":2},"end":{"line":65,"column":3}},{"start":{},"end":{}}],"line":63},"3":{"loc":{"start":{"line":68,"column":4},"end":{"line":78,"column":5}},"type":"if","locations":[{"start":{"line":68,"column":4},"end":{"line":78,"column":5}},{"start":{},"end":{}}],"line":68},"4":{"loc":{"start":{"line":68,"column":8},"end":{"line":68,"column":27}},"type":"binary-expr","locations":[{"start":{"line":68,"column":8},"end":{"line":68,"column":14}},{"start":{"line":68,"column":18},"end":{"line":68,"column":27}}],"line":68},"5":{"loc":{"start":{"line":208,"column":20},"end":{"line":208,"column":48}},"type":"cond-expr","locations":[{"start":{"line":208,"column":29},"end":{"line":208,"column":35}},{"start":{"line":208,"column":38},"end":{"line":208,"column":48}}],"line":208},"6":{"loc":{"start":{"line":221,"column":16},"end":{"line":221,"column":53}},"type":"if","locations":[{"start":{"line":221,"column":16},"end":{"line":221,"column":53}},{"start":{},"end":{}}],"line":221},"7":{"loc":{"start":{"line":226,"column":20},"end":{"line":226,"column":47}},"type":"cond-expr","locations":[{"start":{"line":226,"column":29},"end":{"line":226,"column":39}},{"start":{"line":226,"column":42},"end":{"line":226,"column":47}}],"line":226},"8":{"loc":{"start":{"line":261,"column":7},"end":{"line":274,"column":7}},"type":"binary-expr","locations":[{"start":{"line":261,"column":7},"end":{"line":261,"column":12}},{"start":{"line":262,"column":8},"end":{"line":273,"column":21}}],"line":261}},"s":{"0":0,"1":0,"2":0,"3":0,"4":0,"5":0,"6":0,"7":0,"8":0,"9":0,"10":0,"11":0,"12":0,"13":0,"14":0,"15":0,"16":0,"17":0,"18":0,"19":0,"20":0,"21":0,"22":0,"23":0,"24":0,"25":0,"26":0,"27":0,"28":0,"29":0,"30":0,"31":0},"f":{"0":0,"1":0,"2":0,"3":0,"4":0,"5":0,"6":0,"7":0},"b":{"0":[0,0],"1":[0,0],"2":[0,0],"3":[0,0],"4":[0,0],"5":[0,0],"6":[0,0],"7":[0,0],"8":[0,0]}}
,"C:\\Users\\utari\\Documents\\Web Dev\\workout-tracker\\workout-tracker\\src\\Pages\\Authentication\\SignUp.jsx": {"path":"C:\\Users\\utari\\Documents\\Web Dev\\workout-tracker\\workout-tracker\\src\\Pages\\Authentication\\SignUp.jsx","statementMap":{"0":{"start":{"line":30,"column":21},"end":{"line":30,"column":35}},"1":{"start":{"line":31,"column":21},"end":{"line":31,"column":35}},"2":{"start":{"line":33,"column":15},"end":{"line":284,"column":1}},"3":{"start":{"line":34,"column":30},"end":{"line":38,"column":4}},"4":{"start":{"line":39,"column":103},"end":{"line":39,"column":134}},"5":{"start":{"line":40,"column":117},"end":{"line":40,"column":138}},"6":{"start":{"line":41,"column":31},"end":{"line":41,"column":46}},"7":{"start":{"line":42,"column":19},"end":{"line":42,"column":32}},"8":{"start":{"line":43,"column":16},"end":{"line":43,"column":26}},"9":{"start":{"line":46,"column":18},"end":{"line":46,"column":47}},"10":{"start":{"line":48,"column":16},"end":{"line":48,"column":41}},"11":{"start":{"line":50,"column":18},"end":{"line":50,"column":47}},"12":{"start":{"line":51,"column":15},"end":{"line":51,"column":38}},"13":{"start":{"line":54,"column":2},"end":{"line":72,"column":39}},"14":{"start":{"line":55,"column":4},"end":{"line":71,"column":5}},"15":{"start":{"line":56,"column":6},"end":{"line":63,"column":9}},"16":{"start":{"line":66,"column":28},"end":{"line":68,"column":14}},"17":{"start":{"line":67,"column":8},"end":{"line":67,"column":22}},"18":{"start":{"line":70,"column":6},"end":{"line":70,"column":47}},"19":{"start":{"line":70,"column":19},"end":{"line":70,"column":46}},"20":{"start":{"line":75,"column":28},"end":{"line":83,"column":3}},"21":{"start":{"line":85,"column":23},"end":{"line":94,"column":3}},"22":{"start":{"line":96,"column":2},"end":{"line":283,"column":4}},"23":{"start":{"line":171,"column":31},"end":{"line":171,"column":78}},"24":{"start":{"line":196,"column":31},"end":{"line":196,"column":81}},"25":{"start":{"line":221,"column":31},"end":{"line":221,"column":81}},"26":{"start":{"line":263,"column":25},"end":{"line":263,"column":39}}},"fnMap":{"0":{"name":"(anonymous_0)","decl":{"start":{"line":33,"column":15},"end":{"line":33,"column":16}},"loc":{"start":{"line":33,"column":21},"end":{"line":284,"column":1}},"line":33},"1":{"name":"(anonymous_1)","decl":{"start":{"line":54,"column":12},"end":{"line":54,"column":13}},"loc":{"start":{"line":54,"column":18},"end":{"line":72,"column":3}},"line":54},"2":{"name":"(anonymous_2)","decl":{"start":{"line":66,"column":39},"end":{"line":66,"column":40}},"loc":{"start":{"line":66,"column":45},"end":{"line":68,"column":7}},"line":66},"3":{"name":"(anonymous_3)","decl":{"start":{"line":70,"column":13},"end":{"line":70,"column":14}},"loc":{"start":{"line":70,"column":19},"end":{"line":70,"column":46}},"line":70},"4":{"name":"(anonymous_4)","decl":{"start":{"line":171,"column":24},"end":{"line":171,"column":25}},"loc":{"start":{"line":171,"column":31},"end":{"line":171,"column":78}},"line":171},"5":{"name":"(anonymous_5)","decl":{"start":{"line":196,"column":24},"end":{"line":196,"column":25}},"loc":{"start":{"line":196,"column":31},"end":{"line":196,"column":81}},"line":196},"6":{"name":"(anonymous_6)","decl":{"start":{"line":221,"column":24},"end":{"line":221,"column":25}},"loc":{"start":{"line":221,"column":31},"end":{"line":221,"column":81}},"line":221},"7":{"name":"(anonymous_7)","decl":{"start":{"line":263,"column":19},"end":{"line":263,"column":20}},"loc":{"start":{"line":263,"column":25},"end":{"line":263,"column":39}},"line":263}},"branchMap":{"0":{"loc":{"start":{"line":46,"column":18},"end":{"line":46,"column":47}},"type":"binary-expr","locations":[{"start":{"line":46,"column":18},"end":{"line":46,"column":30}},{"start":{"line":46,"column":34},"end":{"line":46,"column":47}}],"line":46},"1":{"loc":{"start":{"line":48,"column":16},"end":{"line":48,"column":41}},"type":"binary-expr","locations":[{"start":{"line":48,"column":16},"end":{"line":48,"column":26}},{"start":{"line":48,"column":30},"end":{"line":48,"column":41}}],"line":48},"2":{"loc":{"start":{"line":50,"column":18},"end":{"line":50,"column":47}},"type":"binary-expr","locations":[{"start":{"line":50,"column":18},"end":{"line":50,"column":30}},{"start":{"line":50,"column":34},"end":{"line":50,"column":47}}],"line":50},"3":{"loc":{"start":{"line":51,"column":15},"end":{"line":51,"column":38}},"type":"binary-expr","locations":[{"start":{"line":51,"column":15},"end":{"line":51,"column":24}},{"start":{"line":51,"column":28},"end":{"line":51,"column":38}}],"line":51},"4":{"loc":{"start":{"line":55,"column":4},"end":{"line":71,"column":5}},"type":"if","locations":[{"start":{"line":55,"column":4},"end":{"line":71,"column":5}},{"start":{},"end":{}}],"line":55},"5":{"loc":{"start":{"line":55,"column":8},"end":{"line":55,"column":23}},"type":"binary-expr","locations":[{"start":{"line":55,"column":8},"end":{"line":55,"column":12}},{"start":{"line":55,"column":16},"end":{"line":55,"column":23}}],"line":55},"6":{"loc":{"start":{"line":213,"column":20},"end":{"line":213,"column":48}},"type":"cond-expr","locations":[{"start":{"line":213,"column":29},"end":{"line":213,"column":35}},{"start":{"line":213,"column":38},"end":{"line":213,"column":48}}],"line":213},"7":{"loc":{"start":{"line":227,"column":20},"end":{"line":227,"column":47}},"type":"cond-expr","locations":[{"start":{"line":227,"column":29},"end":{"line":227,"column":39}},{"start":{"line":227,"column":42},"end":{"line":227,"column":47}}],"line":227},"8":{"loc":{"start":{"line":240,"column":7},"end":{"line":256,"column":7}},"type":"binary-expr","locations":[{"start":{"line":240,"column":7},"end":{"line":240,"column":12}},{"start":{"line":241,"column":8},"end":{"line":255,"column":21}}],"line":240},"9":{"loc":{"start":{"line":253,"column":13},"end":{"line":253,"column":101}},"type":"cond-expr","locations":[{"start":{"line":253,"column":41},"end":{"line":253,"column":46}},{"start":{"line":253,"column":49},"end":{"line":253,"column":101}}],"line":253}},"s":{"0":0,"1":0,"2":0,"3":0,"4":0,"5":0,"6":0,"7":0,"8":0,"9":0,"10":0,"11":0,"12":0,"13":0,"14":0,"15":0,"16":0,"17":0,"18":0,"19":0,"20":0,"21":0,"22":0,"23":0,"24":0,"25":0,"26":0},"f":{"0":0,"1":0,"2":0,"3":0,"4":0,"5":0,"6":0,"7":0},"b":{"0":[0,0],"1":[0,0],"2":[0,0],"3":[0,0],"4":[0,0],"5":[0,0],"6":[0,0],"7":[0,0],"8":[0,0],"9":[0,0]}}
,"C:\\Users\\utari\\Documents\\Web Dev\\workout-tracker\\workout-tracker\\src\\Pages\\Daily\\DailyPage.jsx": {"path":"C:\\Users\\utari\\Documents\\Web Dev\\workout-tracker\\workout-tracker\\src\\Pages\\Daily\\DailyPage.jsx","statementMap":{"0":{"start":{"line":38,"column":18},"end":{"line":38,"column":29}},"1":{"start":{"line":39,"column":19},"end":{"line":39,"column":31}},"2":{"start":{"line":40,"column":19},"end":{"line":40,"column":31}},"3":{"start":{"line":41,"column":22},"end":{"line":41,"column":37}},"4":{"start":{"line":42,"column":20},"end":{"line":42,"column":33}},"5":{"start":{"line":43,"column":25},"end":{"line":43,"column":43}},"6":{"start":{"line":45,"column":18},"end":{"line":780,"column":1}},"7":{"start":{"line":46,"column":16},"end":{"line":46,"column":26}},"8":{"start":{"line":47,"column":46},"end":{"line":47,"column":60}},"9":{"start":{"line":48,"column":32},"end":{"line":48,"column":46}},"10":{"start":{"line":49,"column":42},"end":{"line":49,"column":56}},"11":{"start":{"line":50,"column":19},"end":{"line":50,"column":31}},"12":{"start":{"line":53,"column":21},"end":{"line":53,"column":43}},"13":{"start":{"line":54,"column":21},"end":{"line":54,"column":53}},"14":{"start":{"line":57,"column":25},"end":{"line":57,"column":67}},"15":{"start":{"line":58,"column":43},"end":{"line":58,"column":70}},"16":{"start":{"line":61,"column":28},"end":{"line":70,"column":3}},"17":{"start":{"line":72,"column":23},"end":{"line":79,"column":3}},"18":{"start":{"line":82,"column":2},"end":{"line":106,"column":46}},"19":{"start":{"line":83,"column":25},"end":{"line":103,"column":5}},"20":{"start":{"line":84,"column":25},"end":{"line":84,"column":81}},"21":{"start":{"line":85,"column":6},"end":{"line":102,"column":7}},"22":{"start":{"line":86,"column":8},"end":{"line":101,"column":9}},"23":{"start":{"line":87,"column":29},"end":{"line":87,"column":81}},"24":{"start":{"line":88,"column":26},"end":{"line":88,"column":50}},"25":{"start":{"line":89,"column":10},"end":{"line":91,"column":11}},"26":{"start":{"line":90,"column":12},"end":{"line":90,"column":39}},"27":{"start":{"line":93,"column":10},"end":{"line":93,"column":61}},"28":{"start":{"line":94,"column":10},"end":{"line":100,"column":13}},"29":{"start":{"line":105,"column":4},"end":{"line":105,"column":19}},"30":{"start":{"line":109,"column":2},"end":{"line":185,"column":54}},"31":{"start":{"line":110,"column":33},"end":{"line":180,"column":5}},"32":{"start":{"line":111,"column":6},"end":{"line":179,"column":7}},"33":{"start":{"line":112,"column":27},"end":{"line":112,"column":47}},"34":{"start":{"line":113,"column":8},"end":{"line":113,"column":40}},"35":{"start":{"line":115,"column":25},"end":{"line":115,"column":45}},"36":{"start":{"line":116,"column":8},"end":{"line":116,"column":43}},"37":{"start":{"line":118,"column":27},"end":{"line":118,"column":67}},"38":{"start":{"line":119,"column":18},"end":{"line":124,"column":9}},"39":{"start":{"line":126,"column":30},"end":{"line":126,"column":46}},"40":{"start":{"line":127,"column":8},"end":{"line":127,"column":77}},"41":{"start":{"line":129,"column":8},"end":{"line":169,"column":9}},"42":{"start":{"line":131,"column":29},"end":{"line":131,"column":31}},"43":{"start":{"line":132,"column":27},"end":{"line":132,"column":31}},"44":{"start":{"line":134,"column":10},"end":{"line":151,"column":13}},"45":{"start":{"line":135,"column":31},"end":{"line":135,"column":41}},"46":{"start":{"line":136,"column":26},"end":{"line":136,"column":67}},"47":{"start":{"line":138,"column":12},"end":{"line":142,"column":15}},"48":{"start":{"line":144,"column":12},"end":{"line":150,"column":13}},"49":{"start":{"line":145,"column":14},"end":{"line":145,"column":35}},"50":{"start":{"line":146,"column":14},"end":{"line":149,"column":16}},"51":{"start":{"line":153,"column":10},"end":{"line":168,"column":11}},"52":{"start":{"line":154,"column":12},"end":{"line":154,"column":95}},"53":{"start":{"line":157,"column":12},"end":{"line":162,"column":15}},"54":{"start":{"line":164,"column":12},"end":{"line":167,"column":15}},"55":{"start":{"line":171,"column":8},"end":{"line":171,"column":54}},"56":{"start":{"line":172,"column":8},"end":{"line":178,"column":11}},"57":{"start":{"line":182,"column":4},"end":{"line":184,"column":5}},"58":{"start":{"line":183,"column":6},"end":{"line":183,"column":29}},"59":{"start":{"line":187,"column":27},"end":{"line":228,"column":3}},"60":{"start":{"line":188,"column":4},"end":{"line":193,"column":5}},"61":{"start":{"line":189,"column":6},"end":{"line":189,"column":52}},"62":{"start":{"line":190,"column":6},"end":{"line":192,"column":9}},"63":{"start":{"line":191,"column":8},"end":{"line":191,"column":77}},"64":{"start":{"line":191,"column":32},"end":{"line":191,"column":75}},"65":{"start":{"line":195,"column":4},"end":{"line":227,"column":5}},"66":{"start":{"line":197,"column":6},"end":{"line":197,"column":31}},"67":{"start":{"line":198,"column":6},"end":{"line":198,"column":63}},"68":{"start":{"line":198,"column":31},"end":{"line":198,"column":60}},"69":{"start":{"line":201,"column":6},"end":{"line":212,"column":7}},"70":{"start":{"line":203,"column":8},"end":{"line":203,"column":47}},"71":{"start":{"line":204,"column":8},"end":{"line":211,"column":11}},"72":{"start":{"line":213,"column":6},"end":{"line":226,"column":11}},"73":{"start":{"line":215,"column":10},"end":{"line":215,"column":66}},"74":{"start":{"line":215,"column":35},"end":{"line":215,"column":63}},"75":{"start":{"line":218,"column":10},"end":{"line":218,"column":53}},"76":{"start":{"line":219,"column":10},"end":{"line":225,"column":13}},"77":{"start":{"line":231,"column":2},"end":{"line":238,"column":9}},"78":{"start":{"line":232,"column":4},"end":{"line":237,"column":6}},"79":{"start":{"line":233,"column":6},"end":{"line":236,"column":7}},"80":{"start":{"line":234,"column":8},"end":{"line":234,"column":33}},"81":{"start":{"line":235,"column":8},"end":{"line":235,"column":32}},"82":{"start":{"line":240,"column":25},"end":{"line":523,"column":3}},"83":{"start":{"line":241,"column":28},"end":{"line":241,"column":84}},"84":{"start":{"line":244,"column":22},"end":{"line":244,"column":46}},"85":{"start":{"line":245,"column":26},"end":{"line":245,"column":54}},"86":{"start":{"line":246,"column":22},"end":{"line":246,"column":46}},"87":{"start":{"line":248,"column":4},"end":{"line":522,"column":6}},"88":{"start":{"line":325,"column":31},"end":{"line":325,"column":55}},"89":{"start":{"line":463,"column":22},"end":{"line":478,"column":34}},"90":{"start":{"line":499,"column":33},"end":{"line":499,"column":57}},"91":{"start":{"line":525,"column":22},"end":{"line":721,"column":3}},"92":{"start":{"line":526,"column":4},"end":{"line":542,"column":5}},"93":{"start":{"line":527,"column":6},"end":{"line":541,"column":8}},"94":{"start":{"line":544,"column":4},"end":{"line":550,"column":5}},"95":{"start":{"line":545,"column":6},"end":{"line":549,"column":8}},"96":{"start":{"line":552,"column":23},"end":{"line":552,"column":63}},"97":{"start":{"line":554,"column":4},"end":{"line":720,"column":6}},"98":{"start":{"line":723,"column":2},"end":{"line":779,"column":4}}},"fnMap":{"0":{"name":"(anonymous_0)","decl":{"start":{"line":45,"column":18},"end":{"line":45,"column":19}},"loc":{"start":{"line":45,"column":24},"end":{"line":780,"column":1}},"line":45},"1":{"name":"(anonymous_1)","decl":{"start":{"line":82,"column":12},"end":{"line":82,"column":13}},"loc":{"start":{"line":82,"column":18},"end":{"line":106,"column":3}},"line":82},"2":{"name":"(anonymous_2)","decl":{"start":{"line":83,"column":25},"end":{"line":83,"column":26}},"loc":{"start":{"line":83,"column":37},"end":{"line":103,"column":5}},"line":83},"3":{"name":"(anonymous_3)","decl":{"start":{"line":109,"column":12},"end":{"line":109,"column":13}},"loc":{"start":{"line":109,"column":18},"end":{"line":185,"column":3}},"line":109},"4":{"name":"(anonymous_4)","decl":{"start":{"line":110,"column":33},"end":{"line":110,"column":34}},"loc":{"start":{"line":110,"column":45},"end":{"line":180,"column":5}},"line":110},"5":{"name":"(anonymous_5)","decl":{"start":{"line":134,"column":32},"end":{"line":134,"column":33}},"loc":{"start":{"line":134,"column":39},"end":{"line":151,"column":11}},"line":134},"6":{"name":"(anonymous_6)","decl":{"start":{"line":187,"column":27},"end":{"line":187,"column":28}},"loc":{"start":{"line":187,"column":39},"end":{"line":228,"column":3}},"line":187},"7":{"name":"(anonymous_7)","decl":{"start":{"line":190,"column":49},"end":{"line":190,"column":50}},"loc":{"start":{"line":190,"column":55},"end":{"line":192,"column":7}},"line":190},"8":{"name":"(anonymous_8)","decl":{"start":{"line":191,"column":24},"end":{"line":191,"column":25}},"loc":{"start":{"line":191,"column":32},"end":{"line":191,"column":75}},"line":191},"9":{"name":"(anonymous_9)","decl":{"start":{"line":198,"column":22},"end":{"line":198,"column":23}},"loc":{"start":{"line":198,"column":31},"end":{"line":198,"column":60}},"line":198},"10":{"name":"(anonymous_10)","decl":{"start":{"line":214,"column":14},"end":{"line":214,"column":15}},"loc":{"start":{"line":214,"column":20},"end":{"line":216,"column":9}},"line":214},"11":{"name":"(anonymous_11)","decl":{"start":{"line":215,"column":26},"end":{"line":215,"column":27}},"loc":{"start":{"line":215,"column":35},"end":{"line":215,"column":63}},"line":215},"12":{"name":"(anonymous_12)","decl":{"start":{"line":217,"column":15},"end":{"line":217,"column":16}},"loc":{"start":{"line":217,"column":22},"end":{"line":226,"column":9}},"line":217},"13":{"name":"(anonymous_13)","decl":{"start":{"line":231,"column":12},"end":{"line":231,"column":13}},"loc":{"start":{"line":231,"column":18},"end":{"line":238,"column":3}},"line":231},"14":{"name":"(anonymous_14)","decl":{"start":{"line":232,"column":11},"end":{"line":232,"column":12}},"loc":{"start":{"line":232,"column":17},"end":{"line":237,"column":5}},"line":232},"15":{"name":"(anonymous_15)","decl":{"start":{"line":240,"column":25},"end":{"line":240,"column":26}},"loc":{"start":{"line":240,"column":48},"end":{"line":523,"column":3}},"line":240},"16":{"name":"(anonymous_16)","decl":{"start":{"line":325,"column":25},"end":{"line":325,"column":26}},"loc":{"start":{"line":325,"column":31},"end":{"line":325,"column":55}},"line":325},"17":{"name":"(anonymous_17)","decl":{"start":{"line":462,"column":37},"end":{"line":462,"column":38}},"loc":{"start":{"line":463,"column":22},"end":{"line":478,"column":34}},"line":463},"18":{"name":"(anonymous_18)","decl":{"start":{"line":499,"column":27},"end":{"line":499,"column":28}},"loc":{"start":{"line":499,"column":33},"end":{"line":499,"column":57}},"line":499},"19":{"name":"(anonymous_19)","decl":{"start":{"line":525,"column":22},"end":{"line":525,"column":23}},"loc":{"start":{"line":525,"column":28},"end":{"line":721,"column":3}},"line":525}},"branchMap":{"0":{"loc":{"start":{"line":84,"column":25},"end":{"line":84,"column":81}},"type":"binary-expr","locations":[{"start":{"line":84,"column":25},"end":{"line":84,"column":55}},{"start":{"line":84,"column":59},"end":{"line":84,"column":81}}],"line":84},"1":{"loc":{"start":{"line":85,"column":6},"end":{"line":102,"column":7}},"type":"if","locations":[{"start":{"line":85,"column":6},"end":{"line":102,"column":7}},{"start":{},"end":{}}],"line":85},"2":{"loc":{"start":{"line":89,"column":10},"end":{"line":91,"column":11}},"type":"if","locations":[{"start":{"line":89,"column":10},"end":{"line":91,"column":11}},{"start":{},"end":{}}],"line":89},"3":{"loc":{"start":{"line":129,"column":8},"end":{"line":169,"column":9}},"type":"if","locations":[{"start":{"line":129,"column":8},"end":{"line":169,"column":9}},{"start":{},"end":{}}],"line":129},"4":{"loc":{"start":{"line":136,"column":26},"end":{"line":136,"column":67}},"type":"binary-expr","locations":[{"start":{"line":136,"column":26},"end":{"line":136,"column":62}},{"start":{"line":136,"column":66},"end":{"line":136,"column":67}}],"line":136},"5":{"loc":{"start":{"line":144,"column":12},"end":{"line":150,"column":13}},"type":"if","locations":[{"start":{"line":144,"column":12},"end":{"line":150,"column":13}},{"start":{},"end":{}}],"line":144},"6":{"loc":{"start":{"line":153,"column":10},"end":{"line":168,"column":11}},"type":"if","locations":[{"start":{"line":153,"column":10},"end":{"line":168,"column":11}},{"start":{},"end":{}}],"line":153},"7":{"loc":{"start":{"line":153,"column":14},"end":{"line":153,"column":53}},"type":"binary-expr","locations":[{"start":{"line":153,"column":14},"end":{"line":153,"column":24}},{"start":{"line":153,"column":28},"end":{"line":153,"column":53}}],"line":153},"8":{"loc":{"start":{"line":182,"column":4},"end":{"line":184,"column":5}},"type":"if","locations":[{"start":{"line":182,"column":4},"end":{"line":184,"column":5}},{"start":{},"end":{}}],"line":182},"9":{"loc":{"start":{"line":188,"column":4},"end":{"line":193,"column":5}},"type":"if","locations":[{"start":{"line":188,"column":4},"end":{"line":193,"column":5}},{"start":{},"end":{}}],"line":188},"10":{"loc":{"start":{"line":191,"column":32},"end":{"line":191,"column":75}},"type":"cond-expr","locations":[{"start":{"line":191,"column":39},"end":{"line":191,"column":68}},{"start":{"line":191,"column":71},"end":{"line":191,"column":75}}],"line":191},"11":{"loc":{"start":{"line":195,"column":4},"end":{"line":227,"column":5}},"type":"if","locations":[{"start":{"line":195,"column":4},"end":{"line":227,"column":5}},{"start":{"line":199,"column":11},"end":{"line":227,"column":5}}],"line":195},"12":{"loc":{"start":{"line":195,"column":8},"end":{"line":195,"column":64}},"type":"binary-expr","locations":[{"start":{"line":195,"column":8},"end":{"line":195,"column":38}},{"start":{"line":195,"column":42},"end":{"line":195,"column":64}}],"line":195},"13":{"loc":{"start":{"line":201,"column":6},"end":{"line":212,"column":7}},"type":"if","locations":[{"start":{"line":201,"column":6},"end":{"line":212,"column":7}},{"start":{},"end":{}}],"line":201},"14":{"loc":{"start":{"line":207,"column":18},"end":{"line":207,"column":79}},"type":"binary-expr","locations":[{"start":{"line":207,"column":18},"end":{"line":207,"column":35}},{"start":{"line":207,"column":39},"end":{"line":207,"column":59}},{"start":{"line":207,"column":63},"end":{"line":207,"column":79}}],"line":207},"15":{"loc":{"start":{"line":233,"column":6},"end":{"line":236,"column":7}},"type":"if","locations":[{"start":{"line":233,"column":6},"end":{"line":236,"column":7}},{"start":{},"end":{}}],"line":233},"16":{"loc":{"start":{"line":241,"column":28},"end":{"line":241,"column":84}},"type":"binary-expr","locations":[{"start":{"line":241,"column":28},"end":{"line":241,"column":58}},{"start":{"line":241,"column":62},"end":{"line":241,"column":84}}],"line":241},"17":{"loc":{"start":{"line":244,"column":22},"end":{"line":244,"column":46}},"type":"binary-expr","locations":[{"start":{"line":244,"column":22},"end":{"line":244,"column":41}},{"start":{"line":244,"column":45},"end":{"line":244,"column":46}}],"line":244},"18":{"loc":{"start":{"line":245,"column":26},"end":{"line":245,"column":54}},"type":"binary-expr","locations":[{"start":{"line":245,"column":26},"end":{"line":245,"column":49}},{"start":{"line":245,"column":53},"end":{"line":245,"column":54}}],"line":245},"19":{"loc":{"start":{"line":246,"column":22},"end":{"line":246,"column":46}},"type":"binary-expr","locations":[{"start":{"line":246,"column":22},"end":{"line":246,"column":41}},{"start":{"line":246,"column":45},"end":{"line":246,"column":46}}],"line":246},"20":{"loc":{"start":{"line":302,"column":21},"end":{"line":302,"column":112}},"type":"binary-expr","locations":[{"start":{"line":302,"column":21},"end":{"line":302,"column":38}},{"start":{"line":302,"column":42},"end":{"line":302,"column":59}},{"start":{"line":302,"column":63},"end":{"line":302,"column":112}}],"line":302},"21":{"loc":{"start":{"line":311,"column":22},"end":{"line":311,"column":88}},"type":"cond-expr","locations":[{"start":{"line":311,"column":40},"end":{"line":311,"column":63}},{"start":{"line":311,"column":66},"end":{"line":311,"column":88}}],"line":311},"22":{"loc":{"start":{"line":312,"column":28},"end":{"line":312,"column":62}},"type":"cond-expr","locations":[{"start":{"line":312,"column":46},"end":{"line":312,"column":53}},{"start":{"line":312,"column":56},"end":{"line":312,"column":62}}],"line":312},"23":{"loc":{"start":{"line":428,"column":17},"end":{"line":433,"column":17}},"type":"binary-expr","locations":[{"start":{"line":428,"column":17},"end":{"line":428,"column":27}},{"start":{"line":429,"column":18},"end":{"line":432,"column":24}}],"line":428},"24":{"loc":{"start":{"line":435,"column":17},"end":{"line":440,"column":17}},"type":"binary-expr","locations":[{"start":{"line":435,"column":17},"end":{"line":435,"column":27}},{"start":{"line":436,"column":18},"end":{"line":439,"column":24}}],"line":435},"25":{"loc":{"start":{"line":442,"column":17},"end":{"line":447,"column":17}},"type":"binary-expr","locations":[{"start":{"line":442,"column":17},"end":{"line":442,"column":29}},{"start":{"line":443,"column":18},"end":{"line":446,"column":24}}],"line":442},"26":{"loc":{"start":{"line":449,"column":17},"end":{"line":454,"column":17}},"type":"binary-expr","locations":[{"start":{"line":449,"column":17},"end":{"line":449,"column":34}},{"start":{"line":450,"column":18},"end":{"line":453,"column":24}}],"line":449},"27":{"loc":{"start":{"line":458,"column":15},"end":{"line":482,"column":15}},"type":"binary-expr","locations":[{"start":{"line":458,"column":15},"end":{"line":458,"column":26}},{"start":{"line":458,"column":30},"end":{"line":458,"column":52}},{"start":{"line":459,"column":16},"end":{"line":481,"column":22}}],"line":458},"28":{"loc":{"start":{"line":485,"column":15},"end":{"line":492,"column":15}},"type":"binary-expr","locations":[{"start":{"line":485,"column":15},"end":{"line":485,"column":33}},{"start":{"line":486,"column":16},"end":{"line":491,"column":22}}],"line":485},"29":{"loc":{"start":{"line":497,"column":28},"end":{"line":497,"column":70}},"type":"cond-expr","locations":[{"start":{"line":497,"column":46},"end":{"line":497,"column":57}},{"start":{"line":497,"column":60},"end":{"line":497,"column":70}}],"line":497},"30":{"loc":{"start":{"line":501,"column":19},"end":{"line":501,"column":53}},"type":"cond-expr","locations":[{"start":{"line":501,"column":37},"end":{"line":501,"column":44}},{"start":{"line":501,"column":47},"end":{"line":501,"column":53}}],"line":501},"31":{"loc":{"start":{"line":526,"column":4},"end":{"line":542,"column":5}},"type":"if","locations":[{"start":{"line":526,"column":4},"end":{"line":542,"column":5}},{"start":{},"end":{}}],"line":526},"32":{"loc":{"start":{"line":544,"column":4},"end":{"line":550,"column":5}},"type":"if","locations":[{"start":{"line":544,"column":4},"end":{"line":550,"column":5}},{"start":{},"end":{}}],"line":544},"33":{"loc":{"start":{"line":552,"column":23},"end":{"line":552,"column":63}},"type":"binary-expr","locations":[{"start":{"line":552,"column":23},"end":{"line":552,"column":45}},{"start":{"line":552,"column":49},"end":{"line":552,"column":63}}],"line":552},"34":{"loc":{"start":{"line":594,"column":11},"end":{"line":705,"column":11}},"type":"binary-expr","locations":[{"start":{"line":594,"column":11},"end":{"line":594,"column":21}},{"start":{"line":594,"column":25},"end":{"line":594,"column":32}},{"start":{"line":595,"column":12},"end":{"line":704,"column":25}}],"line":594},"35":{"loc":{"start":{"line":644,"column":24},"end":{"line":644,"column":63}},"type":"binary-expr","locations":[{"start":{"line":644,"column":24},"end":{"line":644,"column":40}},{"start":{"line":644,"column":44},"end":{"line":644,"column":63}}],"line":644},"36":{"loc":{"start":{"line":684,"column":17},"end":{"line":684,"column":56}},"type":"binary-expr","locations":[{"start":{"line":684,"column":17},"end":{"line":684,"column":33}},{"start":{"line":684,"column":37},"end":{"line":684,"column":56}}],"line":684},"37":{"loc":{"start":{"line":709,"column":9},"end":{"line":718,"column":9}},"type":"cond-expr","locations":[{"start":{"line":710,"
[...]
rt":{"line":10,"column":15},"end":{"line":10,"column":27}},"3":{"start":{"line":13,"column":2},"end":{"line":35,"column":4}},"4":{"start":{"line":43,"column":29},"end":{"line":69,"column":1}},"5":{"start":{"line":44,"column":2},"end":{"line":44,"column":25}},"6":{"start":{"line":44,"column":13},"end":{"line":44,"column":25}},"7":{"start":{"line":46,"column":2},"end":{"line":68,"column":4}},"8":{"start":{"line":75,"column":33},"end":{"line":117,"column":1}},"9":{"start":{"line":76,"column":2},"end":{"line":116,"column":3}},"10":{"start":{"line":77,"column":4},"end":{"line":77,"column":48}},"11":{"start":{"line":78,"column":23},"end":{"line":78,"column":53}},"12":{"start":{"line":79,"column":26},"end":{"line":79,"column":51}},"13":{"start":{"line":82,"column":18},"end":{"line":82,"column":39}},"14":{"start":{"line":83,"column":18},"end":{"line":83,"column":19}},"15":{"start":{"line":84,"column":17},"end":{"line":84,"column":18}},"16":{"start":{"line":87,"column":4},"end":{"line":106,"column":7}},"17":{"start":{"line":88,"column":6},"end":{"line":105,"column":7}},"18":{"start":{"line":89,"column":25},"end":{"line":89,"column":39}},"19":{"start":{"line":90,"column":29},"end":{"line":90,"column":47}},"20":{"start":{"line":93,"column":31},"end":{"line":96,"column":10}},"21":{"start":{"line":99,"column":26},"end":{"line":99,"column":59}},"22":{"start":{"line":100,"column":8},"end":{"line":100,"column":48}},"23":{"start":{"line":101,"column":8},"end":{"line":101,"column":18}},"24":{"start":{"line":103,"column":8},"end":{"line":103,"column":75}},"25":{"start":{"line":104,"column":8},"end":{"line":104,"column":17}},"26":{"start":{"line":109,"column":4},"end":{"line":109,"column":25}},"27":{"start":{"line":110,"column":4},"end":{"line":110,"column":87}},"28":{"start":{"line":112,"column":4},"end":{"line":112,"column":46}},"29":{"start":{"line":114,"column":4},"end":{"line":114,"column":46}},"30":{"start":{"line":115,"column":4},"end":{"line":115,"column":60}},"31":{"start":{"line":123,"column":35},"end":{"line":162,"column":1}},"32":{"start":{"line":124,"column":2},"end":{"line":161,"column":3}},"33":{"start":{"line":125,"column":4},"end":{"line":125,"column":50}},"34":{"start":{"line":126,"column":25},"end":{"line":126,"column":59}},"35":{"start":{"line":127,"column":26},"end":{"line":127,"column":53}},"36":{"start":{"line":129,"column":18},"end":{"line":129,"column":19}},"37":{"start":{"line":130,"column":17},"end":{"line":130,"column":18}},"38":{"start":{"line":133,"column":4},"end":{"line":154,"column":5}},"39":{"start":{"line":134,"column":6},"end":{"line":153,"column":7}},"40":{"start":{"line":135,"column":27},"end":{"line":135,"column":41}},"41":{"start":{"line":136,"column":29},"end":{"line":136,"column":47}},"42":{"start":{"line":139,"column":8},"end":{"line":149,"column":9}},"43":{"start":{"line":141,"column":35},"end":{"line":143,"column":27}},"44":{"start":{"line":142,"column":12},"end":{"line":142,"column":34}},"45":{"start":{"line":146,"column":30},"end":{"line":146,"column":69}},"46":{"start":{"line":147,"column":10},"end":{"line":147,"column":69}},"47":{"start":{"line":148,"column":10},"end":{"line":148,"column":20}},"48":{"start":{"line":151,"column":8},"end":{"line":151,"column":75}},"49":{"start":{"line":152,"column":8},"end":{"line":152,"column":17}},"50":{"start":{"line":156,"column":4},"end":{"line":156,"column":96}},"51":{"start":{"line":157,"column":4},"end":{"line":157,"column":46}},"52":{"start":{"line":159,"column":4},"end":{"line":159,"column":55}},"53":{"start":{"line":160,"column":4},"end":{"line":160,"column":60}},"54":{"start":{"line":168,"column":31},"end":{"line":210,"column":1}},"55":{"start":{"line":169,"column":2},"end":{"line":209,"column":3}},"56":{"start":{"line":170,"column":4},"end":{"line":170,"column":46}},"57":{"start":{"line":171,"column":21},"end":{"line":171,"column":51}},"58":{"start":{"line":172,"column":26},"end":{"line":172,"column":49}},"59":{"start":{"line":175,"column":18},"end":{"line":175,"column":39}},"60":{"start":{"line":176,"column":18},"end":{"line":176,"column":19}},"61":{"start":{"line":177,"column":17},"end":{"line":177,"column":18}},"62":{"start":{"line":180,"column":4},"end":{"line":199,"column":7}},"63":{"start":{"line":181,"column":6},"end":{"line":198,"column":7}},"64":{"start":{"line":182,"column":23},"end":{"line":182,"column":37}},"65":{"start":{"line":183,"column":29},"end":{"line":183,"column":47}},"66":{"start":{"line":186,"column":31},"end":{"line":189,"column":10}},"67":{"start":{"line":192,"column":24},"end":{"line":192,"column":55}},"68":{"start":{"line":193,"column":8},"end":{"line":193,"column":46}},"69":{"start":{"line":194,"column":8},"end":{"line":194,"column":18}},"70":{"start":{"line":196,"column":8},"end":{"line":196,"column":80}},"71":{"start":{"line":197,"column":8},"end":{"line":197,"column":17}},"72":{"start":{"line":202,"column":4},"end":{"line":202,"column":25}},"73":{"start":{"line":203,"column":4},"end":{"line":203,"column":92}},"74":{"start":{"line":205,"column":4},"end":{"line":205,"column":46}},"75":{"start":{"line":207,"column":4},"end":{"line":207,"column":51}},"76":{"start":{"line":208,"column":4},"end":{"line":208,"column":60}},"77":{"start":{"line":215,"column":32},"end":{"line":228,"column":1}},"78":{"start":{"line":216,"column":24},"end":{"line":216,"column":49}},"79":{"start":{"line":217,"column":26},"end":{"line":217,"column":53}},"80":{"start":{"line":218,"column":22},"end":{"line":218,"column":45}},"81":{"start":{"line":220,"column":2},"end":{"line":227,"column":4}}},"fnMap":{"0":{"name":"(anonymous_0)","decl":{"start":{"line":9,"column":31},"end":{"line":9,"column":32}},"loc":{"start":{"line":9,"column":43},"end":{"line":36,"column":1}},"line":9},"1":{"name":"(anonymous_1)","decl":{"start":{"line":43,"column":29},"end":{"line":43,"column":30}},"loc":{"start":{"line":43,"column":39},"end":{"line":69,"column":1}},"line":43},"2":{"name":"(anonymous_2)","decl":{"start":{"line":75,"column":33},"end":{"line":75,"column":34}},"loc":{"start":{"line":75,"column":45},"end":{"line":117,"column":1}},"line":75},"3":{"name":"(anonymous_3)","decl":{"start":{"line":87,"column":26},"end":{"line":87,"column":27}},"loc":{"start":{"line":87,"column":43},"end":{"line":106,"column":5}},"line":87},"4":{"name":"(anonymous_4)","decl":{"start":{"line":123,"column":35},"end":{"line":123,"column":36}},"loc":{"start":{"line":123,"column":47},"end":{"line":162,"column":1}},"line":123},"5":{"name":"(anonymous_5)","decl":{"start":{"line":141,"column":59},"end":{"line":141,"column":60}},"loc":{"start":{"line":142,"column":12},"end":{"line":142,"column":34}},"line":142},"6":{"name":"(anonymous_6)","decl":{"start":{"line":168,"column":31},"end":{"line":168,"column":32}},"loc":{"start":{"line":168,"column":43},"end":{"line":210,"column":1}},"line":168},"7":{"name":"(anonymous_7)","decl":{"start":{"line":180,"column":26},"end":{"line":180,"column":27}},"loc":{"start":{"line":180,"column":43},"end":{"line":199,"column":5}},"line":180},"8":{"name":"(anonymous_8)","decl":{"start":{"line":215,"column":32},"end":{"line":215,"column":33}},"loc":{"start":{"line":215,"column":44},"end":{"line":228,"column":1}},"line":215}},"branchMap":{"0":{"loc":{"start":{"line":10,"column":2},"end":{"line":10,"column":27}},"type":"if","locations":[{"start":{"line":10,"column":2},"end":{"line":10,"column":27}},{"start":{},"end":{}}],"line":10},"1":{"loc":{"start":{"line":15,"column":8},"end":{"line":15,"column":42}},"type":"binary-expr","locations":[{"start":{"line":15,"column":8},"end":{"line":15,"column":17}},{"start":{"line":15,"column":21},"end":{"line":15,"column":42}}],"line":15},"2":{"loc":{"start":{"line":16,"column":10},"end":{"line":16,"column":41}},"type":"binary-expr","locations":[{"start":{"line":16,"column":10},"end":{"line":16,"column":21}},{"start":{"line":16,"column":25},"end":{"line":16,"column":41}}],"line":16},"3":{"loc":{"start":{"line":17,"column":14},"end":{"line":17,"column":35}},"type":"binary-expr","locations":[{"start":{"line":17,"column":14},"end":{"line":17,"column":29}},{"start":{"line":17,"column":33},"end":{"line":17,"column":35}}],"line":17},"4":{"loc":{"start":{"line":18,"column":12},"end":{"line":18,"column":38}},"type":"binary-expr","locations":[{"start":{"line":18,"column":12},"end":{"line":18,"column":25}},{"start":{"line":18,"column":29},"end":{"line":18,"column":38}}],"line":18},"5":{"loc":{"start":{"line":21,"column":9},"end":{"line":21,"column":24}},"type":"binary-expr","locations":[{"start":{"line":21,"column":9},"end":{"line":21,"column":19}},{"start":{"line":21,"column":23},"end":{"line":21,"column":24}}],"line":21},"6":{"loc":{"start":{"line":22,"column":9},"end":{"line":22,"column":32}},"type":"binary-expr","locations":[{"start":{"line":22,"column":9},"end":{"line":22,"column":19}},{"start":{"line":22,"column":23},"end":{"line":22,"column":32}}],"line":22},"7":{"loc":{"start":{"line":23,"column":15},"end":{"line":23,"column":45}},"type":"binary-expr","locations":[{"start":{"line":23,"column":15},"end":{"line":23,"column":31}},{"start":{"line":23,"column":35},"end":{"line":23,"column":45}}],"line":23},"8":{"loc":{"start":{"line":24,"column":11},"end":{"line":24,"column":62}},"type":"cond-expr","locations":[{"start":{"line":24,"column":46},"end":{"line":24,"column":58}},{"start":{"line":24,"column":61},"end":{"line":24,"column":62}}],"line":24},"9":{"loc":{"start":{"line":27,"column":14},"end":{"line":27,"column":67}},"type":"cond-expr","locations":[{"start":{"line":27,"column":47},"end":{"line":27,"column":62}},{"start":{"line":27,"column":65},"end":{"line":27,"column":67}}],"line":27},"10":{"loc":{"start":{"line":30,"column":8},"end":{"line":30,"column":66}},"type":"cond-expr","locations":[{"start":{"line":30,"column":28},"end":{"line":30,"column":61}},{"start":{"line":30,"column":64},"end":{"line":30,"column":66}}],"line":30},"11":{"loc":{"start":{"line":31,"column":8},"end":{"line":31,"column":58}},"type":"cond-expr","locations":[{"start":{"line":31,"column":22},"end":{"line":31,"column":43}},{"start":{"line":31,"column":46},"end":{"line":31,"column":58}}],"line":31},"12":{"loc":{"start":{"line":44,"column":2},"end":{"line":44,"column":25}},"type":"if","locations":[{"start":{"line":44,"column":2},"end":{"line":44,"column":25}},{"start":{},"end":{}}],"line":44},"13":{"loc":{"start":{"line":48,"column":8},"end":{"line":48,"column":39}},"type":"binary-expr","locations":[{"start":{"line":48,"column":8},"end":{"line":48,"column":15}},{"start":{"line":48,"column":19},"end":{"line":48,"column":39}}],"line":48},"14":{"loc":{"start":{"line":49,"column":11},"end":{"line":49,"column":27}},"type":"binary-expr","locations":[{"start":{"line":49,"column":11},"end":{"line":49,"column":21}},{"start":{"line":49,"column":25},"end":{"line":49,"column":27}}],"line":49},"15":{"loc":{"start":{"line":50,"column":17},"end":{"line":50,"column":39}},"type":"binary-expr","locations":[{"start":{"line":50,"column":17},"end":{"line":50,"column":33}},{"start":{"line":50,"column":37},"end":{"line":50,"column":39}}],"line":50},"16":{"loc":{"start":{"line":53,"column":14},"end":{"line":53,"column":53}},"type":"binary-expr","locations":[{"start":{"line":53,"column":14},"end":{"line":53,"column":27}},{"start":{"line":53,"column":31},"end":{"line":53,"column":47}},{"start":{"line":53,"column":51},"end":{"line":53,"column":53}}],"line":53},"17":{"loc":{"start":{"line":56,"column":11},"end":{"line":56,"column":54}},"type":"cond-expr","locations":[{"start":{"line":56,"column":39},"end":{"line":56,"column":49}},{"start":{"line":56,"column":52},"end":{"line":56,"column":54}}],"line":56},"18":{"loc":{"start":{"line":57,"column":15},"end":{"line":57,"column":66}},"type":"cond-expr","locations":[{"start":{"line":57,"column":47},"end":{"line":57,"column":61}},{"start":{"line":57,"column":64},"end":{"line":57,"column":66}}],"line":57},"19":{"loc":{"start":{"line":58,"column":15},"end":{"line":58,"column":66}},"type":"cond-expr","locations":[{"start":{"line":58,"column":47},"end":{"line":58,"column":61}},{"start":{"line":58,"column":64},"end":{"line":58,"column":66}}],"line":58},"20":{"loc":{"start":{"line":61,"column":8},"end":{"line":61,"column":56}},"type":"cond-expr","locations":[{"start":{"line":61,"column":24},"end":{"line":61,"column":51}},{"start":{"line":61,"column":54},"end":{"line":61,"column":56}}],"line":61},"21":{"loc":{"start":{"line":62,"column":8},"end":{"line":62,"column":50}},"type":"cond-expr","locations":[{"start":{"line":62,"column":19},"end":{"line":62,"column":36}},{"start":{"line":62,"column":39},"end":{"line":62,"column":50}}],"line":62},"22":{"loc":{"start":{"line":65,"column":15},"end":{"line":65,"column":43}},"type":"binary-expr","locations":[{"start":{"line":65,"column":15},"end":{"line":65,"column":29}},{"start":{"line":65,"column":33},"end":{"line":65,"column":43}}],"line":65},"23":{"loc":{"start":{"line":66,"column":15},"end":{"line":66,"column":43}},"type":"binary-expr","locations":[{"start":{"line":66,"column":15},"end":{"line":66,"column":29}},{"start":{"line":66,"column":33},"end":{"line":66,"column":43}}],"line":66},"24":{"loc":{"start":{"line":139,"column":8},"end":{"line":149,"column":9}},"type":"if","locations":[{"start":{"line":139,"column":8},"end":{"line":149,"column":9}},{"start":{},"end":{}}],"line":139},"25":{"loc":{"start":{"line":139,"column":12},"end":{"line":139,"column":69}},"type":"binary-expr","locations":[{"start":{"line":139,"column":12},"end":{"line":139,"column":31}},{"start":{"line":139,"column":35},"end":{"line":139,"column":69}}],"line":139},"26":{"loc":{"start":{"line":224,"column":13},"end":{"line":226,"column":32}},"type":"binary-expr","locations":[{"start":{"line":224,"column":13},"end":{"line":224,"column":34}},{"start":{"line":225,"column":13},"end":{"line":225,"column":36}},{"start":{"line":226,"column":13},"end":{"line":226,"column":32}}],"line":224}},"s":{"0":0,"1":0,"2":0,"3":0,"4":0,"5":0,"6":0,"7":0,"8":0,"9":0,"10":0,"11":0,"12":0,"13":0,"14":0,"15":0,"16":0,"17":0,"18":0,"19":0,"20":0,"21":0,"22":0,"23":0,"24":0,"25":0,"26":0,"27":0,"28":0,"29":0,"30":0,"31":0,"32":0,"33":0,"34":0,"35":0,"36":0,"37":0,"38":0,"39":0,"40":0,"41":0,"42":0,"43":0,"44":0,"45":0,"46":0,"47":0,"48":0,"49":0,"50":0,"51":0,"52":0,"53":0,"54":0,"55":0,"56":0,"57":0,"58":0,"59":0,"60":0,"61":0,"62":0,"63":0,"64":0,"65":0,"66":0,"67":0,"68":0,"69":0,"70":0,"71":0,"72":0,"73":0,"74":0,"75":0,"76":0,"77":0,"78":0,"79":0,"80":0,"81":0},"f":{"0":0,"1":0,"2":0,"3":0,"4":0,"5":0,"6":0,"7":0,"8":0},"b":{"0":[0,0],"1":[0,0],"2":[0,0],"3":[0,0],"4":[0,0],"5":[0,0],"6":[0,0],"7":[0,0],"8":[0,0],"9":[0,0],"10":[0,0],"11":[0,0],"12":[0,0],"13":[0,0],"14":[0,0],"15":[0,0],"16":[0,0,0],"17":[0,0],"18":[0,0],"19":[0,0],"20":[0,0],"21":[0,0],"22":[0,0],"23":[0,0],"24":[0,0],"25":[0,0],"26":[0,0,0]}}
,"C:\\Users\\utari\\Documents\\Web Dev\\workout-tracker\\workout-tracker\\src\\utils\\streakUtils.js": {"path":"C:\\Users\\utari\\Documents\\Web Dev\\workout-tracker\\workout-tracker\\src\\utils\\streakUtils.js","statementMap":{"0":{"start":{"line":10,"column":26},"end":{"line":10,"column":56}},"1":{"start":{"line":11,"column":12},"end":{"line":11,"column":75}},"2":{"start":{"line":13,"column":2},"end":{"line":31,"column":3}},"3":{"start":{"line":14,"column":26},"end":{"line":14,"column":42}},"4":{"start":{"line":17,"column":27},"end":{"line":17,"column":29}},"5":{"start":{"line":19,"column":4},"end":{"line":22,"column":7}},"6":{"start":{"line":20,"column":22},"end":{"line":20,"column":57}},"7":{"start":{"line":21,"column":6},"end":{"line":21,"column":77}},"8":{"start":{"line":25,"column":4},"end":{"line":28,"column":5}},"9":{"start":{"line":26,"column":6},"end":{"line":26,"column":40}},"10":{"start":{"line":27,"column":6},"end":{"line":27,"column":75}},"11":{"start":{"line":30,"column":4},"end":{"line":30,"column":58}},"12":{"start":{"line":40,"column":2},"end":{"line":40,"column":36}},"13":{"start":{"line":40,"column":23},"end":{"line":40,"column":36}},"14":{"start":{"line":42,"column":16},"end":{"line":42,"column":26}},"15":{"start":{"line":43,"column":2},"end":{"line":43,"column":29}},"16":{"start":{"line":45,"column":20},"end":{"line":45,"column":35}},"17":{"start":{"line":46,"column":2},"end":{"line":46,"column":45}},"18":{"start":{"line":48,"column":24},"end":{"line":48,"column":48}},"19":{"start":{"line":49,"column":2},"end":{"line":49,"column":37}},"20":{"start":{"line":52,"column":2},"end":{"line":52,"column":57}},"21":{"start":{"line":61,"column":2},"end":{"line":73,"column":3}},"22":{"start":{"line":62,"column":4},"end":{"line":62,"column":60}},"23":{"start":{"line":63,"column":9},"end":{"line":73,"column":3}},"24":{"start":{"line":64,"column":4},"end":{"line":64,"column":75}},"25":{"start":{"line":65,"column":9},"end":{"line":73,"column":3}},"26":{"start":{"line":66,"column":4},"end":{"line":66,"column":66}},"27":{"start":{"line":67,"column":9},"end":{"line":73,"column":3}},"28":{"start":{"line":68,"column":4},"end":{"line":68,"column":78}},"29":{"start":{"line":69,"column":9},"end":{"line":73,"column":3}},"30":{"start":{"line":70,"column":4},"end":{"line":70,"column":82}},"31":{"start":{"line":72,"column":4},"end":{"line":72,"column":77}}},"fnMap":{"0":{"name":"resetDailyStreakFlags","decl":{"start":{"line":9,"column":22},"end":{"line":9,"column":43}},"loc":{"start":{"line":9,"column":46},"end":{"line":32,"column":1}},"line":9},"1":{"name":"(anonymous_1)","decl":{"start":{"line":19,"column":26},"end":{"line":19,"column":27}},"loc":{"start":{"line":19,"column":39},"end":{"line":22,"column":5}},"line":19},"2":{"name":"isStreakAtRisk","decl":{"start":{"line":39,"column":16},"end":{"line":39,"column":30}},"loc":{"start":{"line":39,"column":47},"end":{"line":53,"column":1}},"line":39},"3":{"name":"getStreakMessage","decl":{"start":{"line":60,"column":16},"end":{"line":60,"column":32}},"loc":{"start":{"line":60,"column":48},"end":{"line":74,"column":1}},"line":60}},"branchMap":{"0":{"loc":{"start":{"line":25,"column":4},"end":{"line":28,"column":5}},"type":"if","locations":[{"start":{"line":25,"column":4},"end":{"line":28,"column":5}},{"start":{},"end":{}}],"line":25},"1":{"loc":{"start":{"line":40,"column":2},"end":{"line":40,"column":36}},"type":"if","locations":[{"start":{"line":40,"column":2},"end":{"line":40,"column":36}},{"start":{},"end":{}}],"line":40},"2":{"loc":{"start":{"line":61,"column":2},"end":{"line":73,"column":3}},"type":"if","locations":[{"start":{"line":61,"column":2},"end":{"line":73,"column":3}},{"start":{"line":63,"column":9},"end":{"line":73,"column":3}}],"line":61},"3":{"loc":{"start":{"line":63,"column":9},"end":{"line":73,"column":3}},"type":"if","locations":[{"start":{"line":63,"column":9},"end":{"line":73,"column":3}},{"start":{"line":65,"column":9},"end":{"line":73,"column":3}}],"line":63},"4":{"loc":{"start":{"line":65,"column":9},"end":{"line":73,"column":3}},"type":"if","locations":[{"start":{"line":65,"column":9},"end":{"line":73,"column":3}},{"start":{"line":67,"column":9},"end":{"line":73,"column":3}}],"line":65},"5":{"loc":{"start":{"line":67,"column":9},"end":{"line":73,"column":3}},"type":"if","locations":[{"start":{"line":67,"column":9},"end":{"line":73,"column":3}},{"start":{"line":69,"column":9},"end":{"line":73,"column":3}}],"line":67},"6":{"loc":{"start":{"line":69,"column":9},"end":{"line":73,"column":3}},"type":"if","locations":[{"start":{"line":69,"column":9},"end":{"line":73,"column":3}},{"start":{"line":71,"column":9},"end":{"line":73,"column":3}}],"line":69}},"s":{"0":3,"1":3,"2":3,"3":3,"4":2,"5":2,"6":3,"7":3,"8":2,"9":1,"10":1,"11":1,"12":5,"13":2,"14":3,"15":3,"16":3,"17":3,"18":3,"19":3,"20":3,"21":10,"22":1,"23":9,"24":1,"25":8,"26":2,"27":6,"28":2,"29":4,"30":2,"31":2},"f":{"0":3,"1":3,"2":5,"3":10},"b":{"0":[1,1],"1":[2,3],"2":[1,9],"3":[1,8],"4":[2,6],"5":[2,4],"6":[2,2]},"_coverageSchema":"1a1c01bbd47fc00a2c39e90264f33305004495a9","hash":"4830ead99693ef1b5754f65eab726e21ba4a8655"}
}
