TN:
SF:src\App.jsx
FN:21,(anonymous_0)
FN:27,(anonymous_1)
FN:37,(anonymous_2)
FN:49,(anonymous_3)
FN:50,(anonymous_4)
FNF:5
FNH:0
FNDA:0,(anonymous_0)
FNDA:0,(anonymous_1)
FNDA:0,(anonymous_2)
FNDA:0,(anonymous_3)
FNDA:0,(anonymous_4)
DA:21,0
DA:22,0
DA:25,0
DA:27,0
DA:28,0
DA:30,0
DA:37,0
DA:39,0
DA:41,0
DA:42,0
DA:43,0
DA:47,0
DA:48,0
DA:49,0
DA:50,0
DA:55,0
DA:57,0
DA:59,0
DA:61,0
LF:19
LH:0
BRDA:28,0,0,0
BRDA:28,0,1,0
BRDA:41,1,0,0
BRDA:41,1,1,0
BRDA:47,2,0,0
BRDA:47,2,1,0
BRDA:47,3,0,0
BRDA:47,3,1,0
BRDA:57,4,0,0
BRDA:57,4,1,0
BRDA:63,5,0,0
BRDA:63,5,1,0
BRDA:66,6,0,0
BRDA:66,6,1,0
BRF:14
BRH:0
end_of_record
TN:
SF:src\Pages\Admin\SchemaMigrationPage.jsx
FN:35,(anonymous_0)
FN:68,(anonymous_1)
FN:88,(anonymous_2)
FN:100,(anonymous_3)
FN:122,(anonymous_4)
FN:135,(anonymous_5)
FN:148,(anonymous_6)
FN:209,(anonymous_7)
FN:219,(anonymous_8)
FN:227,(anonymous_9)
FN:235,(anonymous_10)
FNF:11
FNH:0
FNDA:0,(anonymous_0)
FNDA:0,(anonymous_1)
FNDA:0,(anonymous_2)
FNDA:0,(anonymous_3)
FNDA:0,(anonymous_4)
FNDA:0,(anonymous_5)
FNDA:0,(anonymous_6)
FNDA:0,(anonymous_7)
FNDA:0,(anonymous_8)
FNDA:0,(anonymous_9)
FNDA:0,(anonymous_10)
DA:30,0
DA:35,0
DA:36,0
DA:68,0
DA:69,0
DA:75,0
DA:82,0
DA:83,0
DA:86,0
DA:88,0
DA:89,0
DA:90,0
DA:97,0
DA:100,0
DA:102,0
DA:105,0
DA:107,0
DA:108,0
DA:110,0
DA:111,0
DA:113,0
DA:114,0
DA:116,0
DA:117,0
DA:119,0
DA:122,0
DA:124,0
DA:134,0
DA:135,0
DA:140,0
DA:148,0
DA:152,0
DA:153,0
DA:167,0
DA:168,0
DA:182,0
DA:209,0
DA:219,0
DA:227,0
DA:235,0
LF:40
LH:0
BRDA:53,0,0,0
BRDA:53,0,1,0
BRDA:55,1,0,0
BRDA:55,1,1,0
BRDA:58,2,0,0
BRDA:58,2,1,0
BRDA:86,3,0,0
BRDA:86,3,1,0
BRDA:89,4,0,0
BRDA:89,4,1,0
BRDA:105,5,0,0
BRDA:105,5,1,0
BRDA:105,5,2,0
BRDA:105,5,3,0
BRDA:105,5,4,0
BRDA:125,6,0,0
BRDA:125,6,1,0
BRDA:126,7,0,0
BRDA:126,7,1,0
BRDA:129,8,0,0
BRDA:129,8,1,0
BRDA:152,9,0,0
BRDA:152,9,1,0
BRDA:167,10,0,0
BRDA:167,10,1,0
BRF:25
BRH:0
end_of_record
TN:
SF:src\Pages\Authentication\AuthPage.jsx
FN:14,(anonymous_0)
FN:19,(anonymous_1)
FN:104,(anonymous_2)
FNF:3
FNH:0
FNDA:0,(anonymous_0)
FNDA:0,(anonymous_1)
FNDA:0,(anonymous_2)
DA:11,0
DA:12,0
DA:14,0
DA:15,0
DA:16,0
DA:19,0
DA:20,0
DA:21,0
DA:23,0
DA:27,0
DA:28,0
DA:30,0
DA:104,0
LF:13
LH:0
BRDA:97,0,0,0
BRDA:97,0,1,0
BRDA:107,1,0,0
BRDA:107,1,1,0
BRDA:109,2,0,0
BRDA:109,2,1,0
BRF:6
BRH:0
end_of_record
TN:
SF:src\Pages\Authentication\LogIn.jsx
FN:31,(anonymous_0)
FN:42,(anonymous_1)
FN:54,(anonymous_2)
FN:58,(anonymous_3)
FN:67,(anonymous_4)
FN:186,(anonymous_5)
FN:211,(anonymous_6)
FN:220,(anonymous_7)
FNF:8
FNH:0
FNDA:0,(anonymous_0)
FNDA:0,(anonymous_1)
FNDA:0,(anonymous_2)
FNDA:0,(anonymous_3)
FNDA:0,(anonymous_4)
FNDA:0,(anonymous_5)
FNDA:0,(anonymous_6)
FNDA:0,(anonymous_7)
DA:28,0
DA:29,0
DA:31,0
DA:32,0
DA:33,0
DA:34,0
DA:35,0
DA:36,0
DA:37,0
DA:38,0
DA:39,0
DA:42,0
DA:43,0
DA:44,0
DA:54,0
DA:55,0
DA:58,0
DA:63,0
DA:64,0
DA:67,0
DA:68,0
DA:69,0
DA:77,0
DA:79,0
DA:83,0
DA:93,0
DA:104,0
DA:186,0
DA:211,0
DA:221,0
LF:30
LH:0
BRDA:43,0,0,0
BRDA:43,0,1,0
BRDA:43,1,0,0
BRDA:43,1,1,0
BRDA:63,2,0,0
BRDA:63,2,1,0
BRDA:68,3,0,0
BRDA:68,3,1,0
BRDA:68,4,0,0
BRDA:68,4,1,0
BRDA:208,5,0,0
BRDA:208,5,1,0
BRDA:221,6,0,0
BRDA:221,6,1,0
BRDA:226,7,0,0
BRDA:226,7,1,0
BRDA:261,8,0,0
BRDA:261,8,1,0
BRF:18
BRH:0
end_of_record
TN:
SF:src\Pages\Authentication\SignUp.jsx
FN:32,(anonymous_0)
FN:44,(anonymous_1)
FN:56,(anonymous_2)
FN:60,(anonymous_3)
FN:179,(anonymous_4)
FN:204,(anonymous_5)
FN:229,(anonymous_6)
FN:269,(anonymous_7)
FNF:8
FNH:0
FNDA:0,(anonymous_0)
FNDA:0,(anonymous_1)
FNDA:0,(anonymous_2)
FNDA:0,(anonymous_3)
FNDA:0,(anonymous_4)
FNDA:0,(anonymous_5)
FNDA:0,(anonymous_6)
FNDA:0,(anonymous_7)
DA:29,0
DA:30,0
DA:32,0
DA:33,0
DA:38,0
DA:39,0
DA:40,0
DA:41,0
DA:44,0
DA:45,0
DA:46,0
DA:56,0
DA:57,0
DA:60,0
DA:65,0
DA:75,0
DA:86,0
DA:179,0
DA:204,0
DA:229,0
DA:269,0
LF:21
LH:0
BRDA:45,0,0,0
BRDA:45,0,1,0
BRDA:45,1,0,0
BRDA:45,1,1,0
BRDA:221,2,0,0
BRDA:221,2,1,0
BRDA:235,3,0,0
BRDA:235,3,1,0
BRDA:248,4,0,0
BRDA:248,4,1,0
BRF:10
BRH:0
end_of_record
TN:
SF:src\Pages\Explore\ExplorePage.jsx
FN:35,(anonymous_0)
FN:55,(anonymous_1)
FN:56,(anonymous_2)
FN:63,(anonymous_3)
FN:67,(anonymous_4)
FN:72,(anonymous_5)
FN:79,(anonymous_6)
FN:84,(anonymous_7)
FN:87,(anonymous_8)
FN:93,(anonymous_9)
FN:98,(anonymous_10)
FN:110,(anonymous_11)
FN:121,(anonymous_12)
FN:254,(anonymous_13)
FN:437,(anonymous_14)
FNF:15
FNH:0
FNDA:0,(anonymous_0)
FNDA:0,(anonymous_1)
FNDA:0,(anonymous_2)
FNDA:0,(anonymous_3)
FNDA:0,(anonymous_4)
FNDA:0,(anonymous_5)
FNDA:0,(anonymous_6)
FNDA:0,(anonymous_7)
FNDA:0,(anonymous_8)
FNDA:0,(anonymous_9)
FNDA:0,(anonymous_10)
FNDA:0,(anonymous_11)
FNDA:0,(anonymous_12)
FNDA:0,(anonymous_13)
FNDA:0,(anonymous_14)
DA:32,0
DA:33,0
DA:35,0
DA:36,0
DA:45,0
DA:46,0
DA:47,0
DA:48,0
DA:49,0
DA:50,0
DA:51,0
DA:52,0
DA:55,0
DA:56,0
DA:58,0
DA:59,0
DA:63,0
DA:67,0
DA:68,0
DA:69,0
DA:72,0
DA:73,0
DA:74,0
DA:77,0
DA:78,0
DA:79,0
DA:80,0
DA:84,0
DA:85,0
DA:86,0
DA:87,0
DA:88,0
DA:93,0
DA:94,0
DA:95,0
DA:98,0
DA:99,0
DA:100,0
DA:103,0
DA:104,0
DA:105,0
DA:106,0
DA:110,0
DA:112,0
DA:114,0
DA:115,0
DA:116,0
DA:117,0
DA:121,0
DA:122,0
DA:123,0
DA:124,0
DA:125,0
DA:136,0
DA:137,0
DA:170,0
DA:171,0
DA:206,0
DA:255,0
DA:438,0
LF:60
LH:0
BRDA:58,0,0,0
BRDA:58,0,1,0
BRDA:73,1,0,0
BRDA:73,1,1,0
BRDA:73,2,0,0
BRDA:73,2,1,0
BRDA:77,3,0,0
BRDA:77,3,1,0
BRDA:85,4,0,0
BRDA:85,4,1,0
BRDA:103,5,0,0
BRDA:103,5,1,0
BRDA:105,6,0,0
BRDA:105,6,1,0
BRDA:112,7,0,0
BRDA:112,7,1,0
BRDA:114,8,0,0
BRDA:114,8,1,0
BRDA:116,9,0,0
BRDA:116,9,1,0
BRDA:127,10,0,0
BRDA:127,10,1,0
BRDA:136,11,0,0
BRDA:136,11,1,0
BRDA:136,12,0,0
BRDA:136,12,1,0
BRDA:161,13,0,0
BRDA:161,13,1,0
BRDA:170,14,0,0
BRDA:170,14,1,0
BRDA:170,15,0,0
BRDA:170,15,1,0
BRDA:231,16,0,0
BRDA:231,16,1,0
BRDA:232,17,0,0
BRDA:232,17,1,0
BRDA:242,18,0,0
BRDA:242,18,1,0
BRDA:252,19,0,0
BRDA:252,19,1,0
BRDA:252,19,2,0
BRDA:252,19,3,0
BRDA:286,20,0,0
BRDA:286,20,1,0
BRDA:292,21,0,0
BRDA:292,21,1,0
BRDA:300,22,0,0
BRDA:300,22,1,0
BRDA:336,23,0,0
BRDA:336,23,1,0
BRDA:337,24,0,0
BRDA:337,24,1,0
BRDA:345,25,0,0
BRDA:345,25,1,0
BRDA:354,26,0,0
BRDA:354,26,1,0
BRDA:363,27,0,0
BRDA:363,27,1,0
BRDA:375,28,0,0
BRDA:375,28,1,0
BRDA:384,29,0,0
BRDA:384,29,1,0
BRDA:392,30,0,0
BRDA:392,30,1,0
BRDA:399,31,0,0
BRDA:399,31,1,0
BRDA:404,32,0,0
BRDA:404,32,1,0
BRDA:412,33,0,0
BRDA:412,33,1,0
BRDA:432,34,0,0
BRDA:432,34,1,0
BRDA:441,35,0,0
BRDA:441,35,1,0
BRDA:443,36,0,0
BRDA:443,36,1,0
BRDA:447,37,0,0
BRDA:447,37,1,0
BRDA:467,38,0,0
BRDA:467,38,1,0
BRDA:486,39,0,0
BRDA:486,39,1,0
BRDA:496,40,0,0
BRDA:496,40,1,0
BRDA:497,41,0,0
BRDA:497,41,1,0
BRDA:502,42,0,0
BRDA:502,42,1,0
BRDA:502,43,0,0
BRDA:502,43,1,0
BRDA:514,44,0,0
BRDA:514,44,1,0
BRDA:515,45,0,0
BRDA:515,45,1,0
BRDA:529,46,0,0
BRDA:529,46,1,0
BRDA:535,47,0,0
BRDA:535,47,1,0
BRDA:544,48,0,0
BRDA:544,48,1,0
BRDA:545,49,0,0
BRDA:545,49,1,0
BRDA:576,50,0,0
BRDA:576,50,1,0
BRDA:582,51,0,0
BRDA:582,51,1,0
BRDA:583,52,0,0
BRDA:583,52,1,0
BRF:108
BRH:0
end_of_record
TN:
SF:src\Pages\Home\Home.jsx
FN:23,(anonymous_0)
FN:64,(anonymous_1)
FN:104,(anonymous_2)
FN:144,(anonymous_3)
FN:176,(anonymous_4)
FN:209,(anonymous_5)
FN:222,(anonymous_6)
FN:245,(anonymous_7)
FN:266,(anonymous_8)
FNF:9
FNH:0
FNDA:0,(anonymous_0)
FNDA:0,(anonymous_1)
FNDA:0,(anonymous_2)
FNDA:0,(anonymous_3)
FNDA:0,(anonymous_4)
FNDA:0,(anonymous_5)
FNDA:0,(anonymous_6)
FNDA:0,(anonymous_7)
FNDA:0,(anonymous_8)
DA:23,0
DA:24,0
DA:64,0
DA:65,0
DA:104,0
DA:105,0
DA:144,0
DA:145,0
DA:168,0
DA:177,0
DA:209,0
DA:210,0
DA:222,0
DA:223,0
DA:246,0
DA:266,0
DA:267,0
DA:268,0
DA:269,0
DA:270,0
DA:272,0
LF:21
LH:0
BRDA:272,0,0,0
BRDA:272,0,1,0
BRF:2
BRH:0
end_of_record
TN:
SF:src\Pages\Home\LoggedInHome.jsx
FN:36,(anonymous_0)
FN:61,(anonymous_1)
FN:68,(anonymous_2)
FN:69,(anonymous_3)
FN:70,(anonymous_4)
FN:319,(anonymous_5)
FN:362,(anonymous_6)
FN:371,(anonymous_7)
FN:380,(anonymous_8)
FN:389,(anonymous_9)
FN:438,(anonymous_10)
FN:537,(anonymous_11)
FN:630,(anonymous_12)
FNF:13
FNH:0
FNDA:0,(anonymous_0)
FNDA:0,(anonymous_1)
FNDA:0,(anonymous_2)
FNDA:0,(anonymous_3)
FNDA:0,(anonymous_4)
FNDA:0,(anonymous_5)
FNDA:0,(anonymous_6)
FNDA:0,(anonymous_7)
FNDA:0,(anonymous_8)
FNDA:0,(anonymous_9)
FNDA:0,(anonymous_10)
FNDA:0,(anonymous_11)
FNDA:0,(anonymous_12)
DA:33,0
DA:34,0
DA:36,0
DA:37,0
DA:38,0
DA:39,0
DA:45,0
DA:51,0
DA:58,0
DA:61,0
DA:62,0
DA:63,0
DA:68,0
DA:69,0
DA:70,0
DA:73,0
DA:87,0
DA:89,0
DA:91,0
DA:320,0
DA:362,0
DA:371,0
DA:380,0
DA:389,0
DA:439,0
DA:538,0
DA:631,0
LF:27
LH:0
BRDA:62,0,0,0
BRDA:62,0,1,0
BRDA:304,1,0,0
BRDA:304,1,1,0
BRDA:308,2,0,0
BRDA:308,2,1,0
BRDA:312,3,0,0
BRDA:312,3,1,0
BRDA:361,4,0,0
BRDA:361,4,1,0
BRDA:370,5,0,0
BRDA:370,5,1,0
BRDA:379,6,0,0
BRDA:379,6,1,0
BRDA:388,7,0,0
BRDA:388,7,1,0
BRDA:428,8,0,0
BRDA:428,8,1,0
BRDA:432,9,0,0
BRDA:432,9,1,0
BRDA:527,10,0,0
BRDA:527,10,1,0
BRDA:531,11,0,0
BRDA:531,11,1,0
BRDA:605,12,0,0
BRDA:605,12,1,0
BRDA:609,13,0,0
BRDA:609,13,1,0
BRDA:613,14,0,0
BRDA:613,14,1,0
BRDA:613,15,0,0
BRDA:613,15,1,0
BRF:32
BRH:0
end_of_record
TN:
SF:src\Pages\Playlist\PlaylistDetailPage.jsx
FN:30,(anonymous_0)
FN:40,(anonymous_1)
FN:43,(anonymous_2)
FN:44,(anonymous_3)
FN:60,(anonymous_4)
FN:61,(anonymous_5)
FN:116,(anonymous_6)
FN:276,(anonymous_7)
FNF:8
FNH:0
FNDA:0,(anonymous_0)
FNDA:0,(anonymous_1)
FNDA:0,(anonymous_2)
FNDA:0,(anonymous_3)
FNDA:0,(anonymous_4)
FNDA:0,(anonymous_5)
FNDA:0,(anonymous_6)
FNDA:0,(anonymous_7)
DA:30,0
DA:31,0
DA:32,0
DA:33,0
DA:34,0
DA:35,0
DA:36,0
DA:37,0
DA:40,0
DA:42,0
DA:43,0
DA:44,0
DA:49,0
DA:60,0
DA:61,0
DA:62,0
DA:63,0
DA:64,0
DA:66,0
DA:67,0
DA:69,0
DA:70,0
DA:71,0
DA:74,0
DA:75,0
DA:76,0
DA:80,0
DA:85,0
DA:88,0
DA:89,0
DA:90,0
DA:92,0
DA:93,0
DA:97,0
DA:98,0
DA:100,0
DA:108,0
DA:112,0
DA:116,0
DA:117,0
DA:119,0
DA:120,0
DA:122,0
DA:123,0
DA:126,0
DA:130,0
DA:131,0
DA:145,0
DA:146,0
DA:161,0
DA:277,0
LF:51
LH:0
BRDA:42,0,0,0
BRDA:42,0,1,0
BRDA:42,1,0,0
BRDA:42,1,1,0
BRDA:69,2,0,0
BRDA:69,2,1,0
BRDA:74,3,0,0
BRDA:74,3,1,0
BRDA:74,4,0,0
BRDA:74,4,1,0
BRDA:88,5,0,0
BRDA:88,5,1,0
BRDA:92,6,0,0
BRDA:92,6,1,0
BRDA:117,7,0,0
BRDA:117,7,1,0
BRDA:130,8,0,0
BRDA:130,8,1,0
BRDA:145,9,0,0
BRDA:145,9,1,0
BRDA:187,10,0,0
BRDA:187,10,1,0
BRDA:216,11,0,0
BRDA:216,11,1,0
BRDA:217,12,0,0
BRDA:217,12,1,0
BRDA:221,13,0,0
BRDA:221,13,1,0
BRDA:224,14,0,0
BRDA:224,14,1,0
BRDA:231,15,0,0
BRDA:231,15,1,0
BRDA:235,16,0,0
BRDA:235,16,1,0
BRDA:241,17,0,0
BRDA:241,17,1,0
BRDA:261,18,0,0
BRDA:261,18,1,0
BRDA:278,19,0,0
BRDA:278,19,1,0
BRF:40
BRH:0
end_of_record
TN:
SF:src\Pages\ProfilePage\ProfilePage.jsx
FN:39,(anonymous_0)
FN:75,(anonymous_1)
FN:87,(anonymous_2)
FN:94,(anonymous_3)
FN:98,(anonymous_4)
FN:106,(anonymous_5)
FN:107,(anonymous_6)
FNF:7
FNH:0
FNDA:0,(anonymous_0)
FNDA:0,(anonymous_1)
FNDA:0,(anonymous_2)
FNDA:0,(anonymous_3)
FNDA:0,(anonymous_4)
FNDA:0,(anonymous_5)
FNDA:0,(anonymous_6)
DA:39,0
DA:41,0
DA:44,0
DA:45,0
DA:48,0
DA:51,0
DA:52,0
DA:55,0
DA:58,0
DA:61,0
DA:62,0
DA:65,0
DA:68,0
DA:75,0
DA:76,0
DA:77,0
DA:87,0
DA:88,0
DA:89,0
DA:94,0
DA:95,0
DA:98,0
DA:99,0
DA:100,0
DA:101,0
DA:106,0
DA:107,0
DA:108,0
DA:110,0
DA:120,0
DA:121,0
DA:131,0
DA:132,0
DA:146,0
DA:153,0
LF:35
LH:0
BRDA:76,0,0,0
BRDA:76,0,1,0
BRDA:76,1,0,0
BRDA:76,1,1,0
BRDA:78,2,0,0
BRDA:78,2,1,0
BRDA:79,3,0,0
BRDA:79,3,1,0
BRDA:80,4,0,0
BRDA:80,4,1,0
BRDA:81,5,0,0
BRDA:81,5,1,0
BRDA:88,6,0,0
BRDA:88,6,1,0
BRDA:100,7,0,0
BRDA:100,7,1,0
BRDA:120,8,0,0
BRDA:120,8,1,0
BRDA:120,9,0,0
BRDA:120,9,1,0
BRDA:131,10,0,0
BRDA:131,10,1,0
BRDA:150,11,0,0
BRDA:150,11,1,0
BRDA:202,12,0,0
BRDA:202,12,1,0
BRDA:289,13,0,0
BRDA:289,13,1,0
BRDA:293,14,0,0
BRDA:293,14,1,0
BRDA:297,15,0,0
BRDA:297,15,1,0
BRDA:297,16,0,0
BRDA:297,16,1,0
BRDA:365,17,0,0
BRDA:365,17,1,0
BRDA:369,18,0,0
BRDA:369,18,1,0
BRDA:373,19,0,0
BRDA:373,19,1,0
BRDA:373,20,0,0
BRDA:373,20,1,0
BRDA:428,21,0,0
BRDA:428,21,1,0
BRDA:432,22,0,0
BRDA:432,22,1,0
BRDA:436,23,0,0
BRDA:436,23,1,0
BRDA:436,24,0,0
BRDA:436,24,1,0
BRF:50
BRH:0
end_of_record
TN:
SF:src\Pages\Samples\SamplesPage.jsx
FN:62,(anonymous_0)
FN:104,(anonymous_1)
FN:106,(anonymous_2)
FN:119,(anonymous_3)
FN:127,(anonymous_4)
FN:149,(anonymous_5)
FN:151,(anonymous_6)
FN:157,(anonymous_7)
FN:165,(anonymous_8)
FN:171,(anonymous_9)
FN:181,(anonymous_10)
FN:188,(anonymous_11)
FN:189,(anonymous_12)
FN:197,(anonymous_13)
FN:204,(anonymous_14)
FN:211,(anonymous_15)
FN:212,(anonymous_16)
FN:227,(anonymous_17)
FN:245,(anonymous_18)
FN:246,(anonymous_19)
FN:264,(anonymous_20)
FN:267,(anonymous_21)
FN:273,(anonymous_22)
FN:281,(anonymous_23)
FN:283,(anonymous_24)
FN:487,(anonymous_25)
FN:489,(anonymous_26)
FN:586,(anonymous_27)
FN:598,(anonymous_28)
FN:599,(anonymous_29)
FN:602,(anonymous_30)
FN:604,(anonymous_31)
FN:607,(anonymous_32)
FN:621,(anonymous_33)
FN:622,(anonymous_34)
FN:625,(anonymous_35)
FN:627,(anonymous_36)
FN:630,(anonymous_37)
FN:647,(anonymous_38)
FN:648,(anonymous_39)
FN:650,(anonymous_40)
FN:683,(anonymous_41)
FN:698,(anonymous_42)
FN:752,(anonymous_43)
FN:763,(anonymous_44)
FN:775,(anonymous_45)
FN:776,(anonymous_46)
FN:807,(anonymous_47)
FN:839,(anonymous_48)
FN:859,(anonymous_49)
FN:873,(anonymous_50)
FN:1050,(anonymous_51)
FN:1057,(anonymous_52)
FN:1164,(anonymous_53)
FN:1166,(anonymous_54)
FN:1215,(anonymous_55)
FN:1227,(anonymous_56)
FN:1228,(anonymous_57)
FN:1231,(anonymous_58)
FN:1233,(anonymous_59)
FN:1236,(anonymous_60)
FN:1249,(anonymous_61)
FN:1250,(anonymous_62)
FN:1253,(anonymous_63)
FN:1255,(anonymous_64)
FN:1258,(anonymous_65)
FN:1274,(anonymous_66)
FN:1275,(anonymous_67)
FN:1277,(anonymous_68)
FN:1307,(anonymous_69)
FN:1320,(anonymous_70)
FNF:71
FNH:0
FNDA:0,(anonymous_0)
FNDA:0,(anonymous_1)
FNDA:0,(anonymous_2)
FNDA:0,(anonymous_3)
FNDA:0,(anonymous_4)
FNDA:0,(anonymous_5)
FNDA:0,(anonymous_6)
FNDA:0,(anonymous_7)
FNDA:0,(anonymous_8)
FNDA:0,(anonymous_9)
FNDA:0,(anonymous_10)
FNDA:0,(anonymous_11)
FNDA:0,(anonymous_12)
FNDA:0,(anonymous_13)
FNDA:0,(anonymous_14)
FNDA:0,(anonymous_15)
FNDA:0,(anonymous_16)
FNDA:0,(anonymous_17)
FNDA:0,(anonymous_18)
FNDA:0,(anonymous_19)
FNDA:0,(anonymous_20)
FNDA:0,(anonymous_21)
FNDA:0,(anonymous_22)
FNDA:0,(anonymous_23)
FNDA:0,(anonymous_24)
FNDA:0,(anonymous_25)
FNDA:0,(anonymous_26)
FNDA:0,(anonymous_27)
FNDA:0,(anonymous_28)
FNDA:0,(anonymous_29)
FNDA:0,(anonymous_30)
FNDA:0,(anonymous_31)
FNDA:0,(anonymous_32)
FNDA:0,(anonymous_33)
FNDA:0,(anonymous_34)
FNDA:0,(anonymous_35)
FNDA:0,(anonymous_36)
FNDA:0,(anonymous_37)
FNDA:0,(anonymous_38)
FNDA:0,(anonymous_39)
FNDA:0,(anonymous_40)
FNDA:0,(anonymous_41)
FNDA:0,(anonymous_42)
FNDA:0,(anonymous_43)
FNDA:0,(anonymous_44)
FNDA:0,(anonymous_45)
FNDA:0,(anonymous_46)
FNDA:0,(anonymous_47)
FNDA:0,(anonymous_48)
FNDA:0,(anonymous_49)
FNDA:0,(anonymous_50)
FNDA:0,(anonymous_51)
FNDA:0,(anonymous_52)
FNDA:0,(anonymous_53)
FNDA:0,(anonymous_54)
FNDA:0,(anonymous_55)
FNDA:0,(anonymous_56)
FNDA:0,(anonymous_57)
FNDA:0,(anonymous_58)
FNDA:0,(anonymous_59)
FNDA:0,(anonymous_60)
FNDA:0,(anonymous_61)
FNDA:0,(anonymous_62)
FNDA:0,(anonymous_63)
FNDA:0,(anonymous_64)
FNDA:0,(anonymous_65)
FNDA:0,(anonymous_66)
FNDA:0,(anonymous_67)
FNDA:0,(anonymous_68)
FNDA:0,(anonymous_69)
FNDA:0,(anonymous_70)
DA:59,0
DA:60,0
DA:62,0
DA:63,0
DA:66,0
DA:67,0
DA:70,0
DA:71,0
DA:72,0
DA:91,0
DA:94,0
DA:95,0
DA:96,0
DA:99,0
DA:101,0
DA:102,0
DA:104,0
DA:105,0
DA:107,0
DA:108,0
DA:114,0
DA:115,0
DA:116,0
DA:119,0
DA:120,0
DA:121,0
DA:127,0
DA:128,0
DA:130,0
DA:131,0
DA:134,0
DA:135,0
DA:138,0
DA:139,0
DA:143,0
DA:144,0
DA:149,0
DA:150,0
DA:151,0
DA:152,0
DA:155,0
DA:157,0
DA:159,0
DA:160,0
DA:163,0
DA:165,0
DA:170,0
DA:171,0
DA:172,0
DA:173,0
DA:176,0
DA:177,0
DA:181,0
DA:182,0
DA:183,0
DA:188,0
DA:189,0
DA:190,0
DA:191,0
DA:197,0
DA:198,0
DA:199,0
DA:200,0
DA:203,0
DA:204,0
DA:207,0
DA:211,0
DA:212,0
DA:213,0
DA:216,0
DA:217,0
DA:218,0
DA:219,0
DA:220,0
DA:221,0
DA:222,0
DA:227,0
DA:228,0
DA:230,0
DA:232,0
DA:234,0
DA:236,0
DA:238,0
DA:240,0
DA:245,0
DA:246,0
DA:247,0
DA:248,0
DA:250,0
DA:251,0
DA:253,0
DA:256,0
DA:264,0
DA:265,0
DA:267,0
DA:273,0
DA:281,0
DA:282,0
DA:283,0
DA:284,0
DA:288,0
DA:488,0
DA:489,0
DA:586,0
DA:598,0
DA:600,0
DA:604,0
DA:606,0
DA:607,0
DA:621,0
DA:623,0
DA:627,0
DA:629,0
DA:630,0
DA:648,0
DA:649,0
DA:650,0
DA:684,0
DA:698,0
DA:752,0
DA:763,0
DA:775,0
DA:777,0
DA:807,0
DA:839,0
DA:860,0
DA:873,0
DA:1051,0
DA:1057,0
DA:1165,0
DA:1166,0
DA:1215,0
DA:1227,0
DA:1229,0
DA:1233,0
DA:1235,0
DA:1236,0
DA:1249,0
DA:1251,0
DA:1255,0
DA:1257,0
DA:1258,0
DA:1275,0
DA:1276,0
DA:1277,0
DA:1308,0
DA:1320,0
LF:147
LH:0
BRDA:70,0,0,0
BRDA:70,0,1,0
BRDA:71,1,0,0
BRDA:71,1,1,0
BRDA:72,2,0,0
BRDA:72,2,1,0
BRDA:107,3,0,0
BRDA:107,3,1,0
BRDA:107,4,0,0
BRDA:107,4,1,0
BRDA:107,4,2,0
BRDA:115,5,0,0
BRDA:115,5,1,0
BRDA:120,6,0,0
BRDA:120,6,1,0
BRDA:130,7,0,0
BRDA:130,7,1,0
BRDA:134,8,0,0
BRDA:134,8,1,0
BRDA:138,9,0,0
BRDA:138,9,1,0
BRDA:143,10,0,0
BRDA:143,10,1,0
BRDA:150,11,0,0
BRDA:150,11,1,0
BRDA:176,12,0,0
BRDA:176,12,1,0
BRDA:190,13,0,0
BRDA:190,13,1,0
BRDA:216,14,0,0
BRDA:216,14,1,0
BRDA:216,14,2,0
BRDA:216,14,3,0
BRDA:216,14,4,0
BRDA:216,14,5,0
BRDA:228,15,0,0
BRDA:228,15,1,0
BRDA:228,15,2,0
BRDA:228,15,3,0
BRDA:228,15,4,0
BRDA:228,15,5,0
BRDA:245,16,0,0
BRDA:250,17,0,0
BRDA:250,17,1,0
BRDA:264,18,0,0
BRDA:264,19,0,0
BRDA:265,20,0,0
BRDA:265,20,1,0
BRDA:282,21,0,0
BRDA:282,21,1,0
BRDA:452,22,0,0
BRDA:452,22,1,0
BRDA:586,23,0,0
BRDA:586,23,1,0
BRDA:660,24,0,0
BRDA:660,24,1,0
BRDA:701,25,0,0
BRDA:701,25,1,0
BRDA:784,26,0,0
BRDA:784,26,1,0
BRDA:785,27,0,0
BRDA:785,27,1,0
BRDA:786,28,0,0
BRDA:786,28,1,0
BRDA:787,29,0,0
BRDA:787,29,1,0
BRDA:794,30,0,0
BRDA:794,30,1,0
BRDA:795,31,0,0
BRDA:795,31,1,0
BRDA:796,32,0,0
BRDA:796,32,1,0
BRDA:797,33,0,0
BRDA:797,33,1,0
BRDA:809,34,0,0
BRDA:809,34,1,0
BRDA:810,35,0,0
BRDA:810,35,1,0
BRDA:811,36,0,0
BRDA:811,36,1,0
BRDA:812,37,0,0
BRDA:812,37,1,0
BRDA:817,38,0,0
BRDA:817,38,1,0
BRDA:818,39,0,0
BRDA:818,39,1,0
BRDA:819,40,0,0
BRDA:819,40,1,0
BRDA:820,41,0,0
BRDA:820,41,1,0
BRDA:844,42,0,0
BRDA:844,42,1,0
BRDA:851,43,0,0
BRDA:851,43,1,0
BRDA:852,44,0,0
BRDA:852,44,1,0
BRDA:853,45,0,0
BRDA:853,45,1,0
BRDA:864,46,0,0
BRDA:864,46,1,0
BRDA:866,47,0,0
BRDA:866,47,1,0
BRDA:867,48,0,0
BRDA:867,48,1,0
BRDA:868,49,0,0
BRDA:868,49,1,0
BRDA:869,50,0,0
BRDA:869,50,1,0
BRDA:877,51,0,0
BRDA:877,51,1,0
BRDA:881,52,0,0
BRDA:881,52,1,0
BRDA:918,53,0,0
BRDA:918,53,1,0
BRDA:959,54,0,0
BRDA:959,54,1,0
BRDA:959,55,0,0
BRDA:959,55,1,0
BRDA:971,56,0,0
BRDA:971,56,1,0
BRDA:992,57,0,0
BRDA:992,57,1,0
BRDA:1003,58,0,0
BRDA:1003,58,1,0
BRDA:1003,59,0,0
BRDA:1003,59,1,0
BRDA:1003,60,0,0
BRDA:1003,60,1,0
BRDA:1005,61,0,0
BRDA:1005,61,1,0
BRDA:1007,62,0,0
BRDA:1007,62,1,0
BRDA:1064,63,0,0
BRDA:1064,63,1,0
BRDA:1064,63,2,0
BRDA:1064,63,3,0
BRDA:1096,64,0,0
BRDA:1096,64,1,0
BRDA:1096,64,2,0
BRDA:1096,64,3,0
BRDA:1215,65,0,0
BRDA:1215,65,1,0
BRDA:1291,66,0,0
BRDA:1291,66,1,0
BRF:144
BRH:0
end_of_record
TN:
SF:src\Pages\Upload\Upload.jsx
FN:54,(anonymous_0)
FN:72,(anonymous_1)
FN:82,(anonymous_2)
FN:90,(anonymous_3)
FN:91,(anonymous_4)
FN:96,(anonymous_5)
FN:110,(anonymous_6)
FN:111,(anonymous_7)
FN:227,(anonymous_8)
FN:311,(anonymous_9)
FN:343,(anonymous_10)
FN:346,(anonymous_11)
FN:355,(anonymous_12)
FN:358,(anonymous_13)
FN:380,(anonymous_14)
FN:398,(anonymous_15)
FN:407,(anonymous_16)
FN:434,(anonymous_17)
FN:437,(anonymous_18)
FN:463,(anonymous_19)
FN:466,(anonymous_20)
FN:492,(anonymous_21)
FN:495,(anonymous_22)
FN:521,(anonymous_23)
FN:524,(anonymous_24)
FNF:25
FNH:0
FNDA:0,(anonymous_0)
FNDA:0,(anonymous_1)
FNDA:0,(anonymous_2)
FNDA:0,(anonymous_3)
FNDA:0,(anonymous_4)
FNDA:0,(anonymous_5)
FNDA:0,(anonymous_6)
FNDA:0,(anonymous_7)
FNDA:0,(anonymous_8)
FNDA:0,(anonymous_9)
FNDA:0,(anonymous_10)
FNDA:0,(anonymous_11)
FNDA:0,(anonymous_12)
FNDA:0,(anonymous_13)
FNDA:0,(anonymous_14)
FNDA:0,(anonymous_15)
FNDA:0,(anonymous_16)
FNDA:0,(anonymous_17)
FNDA:0,(anonymous_18)
FNDA:0,(anonymous_19)
FNDA:0,(anonymous_20)
FNDA:0,(anonymous_21)
FNDA:0,(anonymous_22)
FNDA:0,(anonymous_23)
FNDA:0,(anonymous_24)
DA:37,0
DA:38,0
DA:41,0
DA:49,0
DA:54,0
DA:55,0
DA:56,0
DA:57,0
DA:58,0
DA:59,0
DA:60,0
DA:70,0
DA:72,0
DA:73,0
DA:74,0
DA:75,0
DA:82,0
DA:83,0
DA:84,0
DA:85,0
DA:86,0
DA:90,0
DA:91,0
DA:92,0
DA:93,0
DA:96,0
DA:97,0
DA:98,0
DA:105,0
DA:109,0
DA:110,0
DA:111,0
DA:112,0
DA:113,0
DA:114,0
DA:116,0
DA:120,0
DA:121,0
DA:122,0
DA:123,0
DA:124,0
DA:132,0
DA:133,0
DA:137,0
DA:227,0
DA:311,0
DA:344,0
DA:346,0
DA:356,0
DA:358,0
DA:380,0
DA:399,0
DA:407,0
DA:435,0
DA:437,0
DA:464,0
DA:466,0
DA:493,0
DA:495,0
DA:522,0
DA:524,0
LF:61
LH:0
BRDA:73,0,0,0
BRDA:73,0,1,0
BRDA:83,1,0,0
BRDA:83,1,1,0
BRDA:83,2,0,0
BRDA:83,2,1,0
BRDA:97,3,0,0
BRDA:97,3,1,0
BRDA:112,4,0,0
BRDA:112,4,1,0
BRDA:237,5,0,0
BRDA:237,5,1,0
BRDA:283,6,0,0
BRDA:283,6,1,0
BRDA:339,7,0,0
BRDA:339,7,1,0
BRDA:438,8,0,0
BRDA:438,8,1,0
BRDA:467,9,0,0
BRDA:467,9,1,0
BRDA:496,10,0,0
BRDA:496,10,1,0
BRDA:525,11,0,0
BRDA:525,11,1,0
BRDA:545,12,0,0
BRDA:545,12,1,0
BRDA:558,13,0,0
BRDA:558,13,1,0
BRDA:561,14,0,0
BRDA:561,14,1,0
BRF:30
BRH:0
end_of_record
TN:
SF:src\Pages\User\UserProfilePage.jsx
FN:28,(anonymous_0)
FN:40,(anonymous_1)
FN:47,(anonymous_2)
FN:48,(anonymous_3)
FNF:4
FNH:0
FNDA:0,(anonymous_0)
FNDA:0,(anonymous_1)
FNDA:0,(anonymous_2)
FNDA:0,(anonymous_3)
DA:28,0
DA:29,0
DA:30,0
DA:31,0
DA:32,0
DA:33,0
DA:34,0
DA:37,0
DA:40,0
DA:41,0
DA:42,0
DA:47,0
DA:48,0
DA:52,0
DA:53,0
DA:65,0
DA:66,0
DA:81,0
DA:82,0
DA:95,0
LF:20
LH:0
BRDA:41,0,0,0
BRDA:41,0,1,0
BRDA:41,1,0,0
BRDA:41,1,1,0
BRDA:52,2,0,0
BRDA:52,2,1,0
BRDA:52,3,0,0
BRDA:52,3,1,0
BRDA:65,4,0,0
BRDA:65,4,1,0
BRDA:81,5,0,0
BRDA:81,5,1,0
BRDA:129,6,0,0
BRDA:129,6,1,0
BRDA:133,7,0,0
BRDA:133,7,1,0
BRDA:135,8,0,0
BRDA:135,8,1,0
BRDA:135,9,0,0
BRDA:135,9,1,0
BRDA:157,10,0,0
BRDA:157,10,1,0
BRDA:161,11,0,0
BRDA:161,11,1,0
BRDA:163,12,0,0
BRDA:163,12,1,0
BRDA:163,13,0,0
BRDA:163,13,1,0
BRF:28
BRH:0
end_of_record
TN:
SF:src\components\LoadingScreen.jsx
FN:14,(anonymous_0)
FNF:1
FNH:0
FNDA:0,(anonymous_0)
DA:7,0
DA:8,0
DA:14,0
DA:15,0
LF:4
LH:0
BRDA:14,0,0,0
BRF:1
BRH:0
end_of_record
TN:
SF:src\components\UploadForm.jsx
FN:35,(anonymous_0)
FN:53,(anonymous_1)
FN:56,(anonymous_2)
FN:71,(anonymous_3)
FN:77,(anonymous_4)
FN:78,(anonymous_5)
FN:81,(anonymous_6)
FN:182,(anonymous_7)
FN:203,(anonymous_8)
FN:228,(anonymous_9)
FN:237,(anonymous_10)
FN:248,(anonymous_11)
FN:257,(anonymous_12)
FN:261,(anonymous_13)
FN:262,(anonymous_14)
FN:269,(anonymous_15)
FN:270,(anonymous_16)
FN:285,(anonymous_17)
FN:293,(anonymous_18)
FN:299,(anonymous_19)
FN:305,(anonymous_20)
FN:320,(anonymous_21)
FN:324,(anonymous_22)
FNF:23
FNH:0
FNDA:0,(anonymous_0)
FNDA:0,(anonymous_1)
FNDA:0,(anonymous_2)
FNDA:0,(anonymous_3)
FNDA:0,(anonymous_4)
FNDA:0,(anonymous_5)
FNDA:0,(anonymous_6)
FNDA:0,(anonymous_7)
FNDA:0,(anonymous_8)
FNDA:0,(anonymous_9)
FNDA:0,(anonymous_10)
FNDA:0,(anonymous_11)
FNDA:0,(anonymous_12)
FNDA:0,(anonymous_13)
FNDA:0,(anonymous_14)
FNDA:0,(anonymous_15)
FNDA:0,(anonymous_16)
FNDA:0,(anonymous_17)
FNDA:0,(anonymous_18)
FNDA:0,(anonymous_19)
FNDA:0,(anonymous_20)
FNDA:0,(anonymous_21)
FNDA:0,(anonymous_22)
DA:35,0
DA:36,0
DA:37,0
DA:38,0
DA:39,0
DA:40,0
DA:41,0
DA:42,0
DA:43,0
DA:44,0
DA:45,0
DA:46,0
DA:47,0
DA:49,0
DA:50,0
DA:51,0
DA:53,0
DA:54,0
DA:56,0
DA:58,0
DA:59,0
DA:68,0
DA:71,0
DA:72,0
DA:73,0
DA:77,0
DA:78,0
DA:81,0
DA:82,0
DA:84,0
DA:85,0
DA:92,0
DA:95,0
DA:103,0
DA:105,0
DA:107,0
DA:108,0
DA:109,0
DA:110,0
DA:111,0
DA:112,0
DA:113,0
DA:114,0
DA:119,0
DA:182,0
DA:204,0
DA:228,0
DA:237,0
DA:248,0
DA:257,0
DA:261,0
DA:263,0
DA:269,0
DA:271,0
DA:285,0
DA:294,0
DA:300,0
DA:305,0
DA:321,0
DA:324,0
LF:60
LH:0
BRDA:58,0,0,0
BRDA:58,0,1,0
BRDA:72,1,0,0
BRDA:72,1,1,0
BRDA:84,2,0,0
BRDA:84,2,1,0
BRDA:96,3,0,0
BRDA:96,3,1,0
BRDA:98,4,0,0
BRDA:98,4,1,0
BRDA:105,5,0,0
BRDA:105,5,1,0
BRDA:113,6,0,0
BRDA:113,6,1,0
BRDA:132,7,0,0
BRDA:132,7,1,0
BRDA:132,7,2,0
BRDA:137,8,0,0
BRDA:137,8,1,0
BRDA:138,9,0,0
BRDA:138,9,1,0
BRDA:141,10,0,0
BRDA:141,10,1,0
BRDA:165,11,0,0
BRDA:165,11,1,0
BRDA:186,12,0,0
BRDA:186,12,1,0
BRDA:188,13,0,0
BRDA:188,13,1,0
BRDA:189,14,0,0
BRDA:189,14,1,0
BRDA:201,15,0,0
BRDA:201,15,1,0
BRDA:288,16,0,0
BRDA:288,16,1,0
BRDA:303,17,0,0
BRDA:303,17,1,0
BRDA:304,18,0,0
BRDA:304,18,1,0
BRDA:318,19,0,0
BRDA:318,19,1,0
BRDA:332,20,0,0
BRDA:332,20,1,0
BRDA:346,21,0,0
BRDA:346,21,1,0
BRDA:358,22,0,0
BRDA:358,22,1,0
BRDA:363,23,0,0
BRDA:363,23,1,0
BRF:49
BRH:0
end_of_record
TN:
SF:src\components\Explore\SampleCard.jsx
FN:49,(anonymous_0)
FN:60,(anonymous_1)
FN:98,(anonymous_2)
FN:111,(anonymous_3)
FN:119,(anonymous_4)
FN:156,(anonymous_5)
FN:198,(anonymous_6)
FN:353,(anonymous_7)
FN:383,(anonymous_8)
FN:420,(anonymous_9)
FN:436,(anonymous_10)
FN:455,(anonymous_11)
FN:482,(anonymous_12)
FN:490,(anonymous_13)
FNF:14
FNH:0
FNDA:0,(anonymous_0)
FNDA:0,(anonymous_1)
FNDA:0,(anonymous_2)
FNDA:0,(anonymous_3)
FNDA:0,(anonymous_4)
FNDA:0,(anonymous_5)
FNDA:0,(anonymous_6)
FNDA:0,(anonymous_7)
FNDA:0,(anonymous_8)
FNDA:0,(anonymous_9)
FNDA:0,(anonymous_10)
FNDA:0,(anonymous_11)
FNDA:0,(anonymous_12)
FNDA:0,(anonymous_13)
DA:49,0
DA:50,0
DA:51,0
DA:53,0
DA:54,0
DA:55,0
DA:57,0
DA:60,0
DA:66,0
DA:67,0
DA:68,0
DA:69,0
DA:72,0
DA:73,0
DA:74,0
DA:75,0
DA:78,0
DA:81,0
DA:82,0
DA:85,0
DA:88,0
DA:95,0
DA:96,0
DA:98,0
DA:99,0
DA:101,0
DA:102,0
DA:104,0
DA:107,0
DA:111,0
DA:112,0
DA:113,0
DA:114,0
DA:119,0
DA:120,0
DA:122,0
DA:123,0
DA:124,0
DA:128,0
DA:145,0
DA:147,0
DA:148,0
DA:151,0
DA:156,0
DA:157,0
DA:159,0
DA:167,0
DA:168,0
DA:169,0
DA:170,0
DA:172,0
DA:173,0
DA:178,0
DA:181,0
DA:182,0
DA:184,0
DA:198,0
DA:354,0
DA:355,0
DA:384,0
DA:421,0
DA:422,0
DA:437,0
DA:438,0
DA:456,0
DA:457,0
DA:483,0
DA:490,0
LF:68
LH:0
BRDA:51,0,0,0
BRDA:51,0,1,0
BRDA:63,1,0,0
BRDA:64,2,0,0
BRDA:75,3,0,0
BRDA:75,3,1,0
BRDA:99,4,0,0
BRDA:99,4,1,0
BRDA:101,5,0,0
BRDA:101,5,1,0
BRDA:113,6,0,0
BRDA:113,6,1,0
BRDA:122,7,0,0
BRDA:122,7,1,0
BRDA:122,8,0,0
BRDA:122,8,1,0
BRDA:122,8,2,0
BRDA:130,9,0,0
BRDA:130,9,1,0
BRDA:133,10,0,0
BRDA:133,10,1,0
BRDA:134,11,0,0
BRDA:134,11,1,0
BRDA:135,12,0,0
BRDA:135,12,1,0
BRDA:137,13,0,0
BRDA:137,13,1,0
BRDA:147,14,0,0
BRDA:147,14,1,0
BRDA:157,15,0,0
BRDA:157,15,1,0
BRDA:157,16,0,0
BRDA:157,16,1,0
BRDA:167,17,0,0
BRDA:167,17,1,0
BRDA:167,18,0,0
BRDA:167,18,1,0
BRDA:170,19,0,0
BRDA:170,19,1,0
BRDA:178,20,0,0
BRDA:178,20,1,0
BRDA:181,21,0,0
BRDA:181,21,1,0
BRDA:186,22,0,0
BRDA:186,22,1,0
BRDA:193,23,0,0
BRDA:193,23,1,0
BRDA:197,24,0,0
BRDA:197,24,1,0
BRDA:198,25,0,0
BRDA:198,25,1,0
BRDA:201,26,0,0
BRDA:201,26,1,0
BRDA:208,27,0,0
BRDA:208,27,1,0
BRDA:213,28,0,0
BRDA:213,28,1,0
BRDA:217,29,0,0
BRDA:217,29,1,0
BRDA:223,30,0,0
BRDA:223,30,1,0
BRDA:238,31,0,0
BRDA:238,31,1,0
BRDA:239,32,0,0
BRDA:239,32,1,0
BRDA:251,33,0,0
BRDA:251,33,1,0
BRDA:251,34,0,0
BRDA:251,34,1,0
BRDA:254,35,0,0
BRDA:254,35,1,0
BRDA:260,36,0,0
BRDA:260,36,1,0
BRDA:264,37,0,0
BRDA:264,37,1,0
BRDA:264,38,0,0
BRDA:264,38,1,0
BRDA:273,39,0,0
BRDA:273,39,1,0
BRDA:277,40,0,0
BRDA:277,40,1,0
BRDA:302,41,0,0
BRDA:302,41,1,0
BRDA:306,42,0,0
BRDA:306,42,1,0
BRDA:307,43,0,0
BRDA:307,43,1,0
BRDA:310,44,0,0
BRDA:310,44,1,0
BRDA:311,45,0,0
BRDA:311,45,1,0
BRDA:326,46,0,0
BRDA:326,46,1,0
BRDA:349,47,0,0
BRDA:349,47,1,0
BRDA:350,48,0,0
BRDA:350,48,1,0
BRDA:358,49,0,0
BRDA:358,49,1,0
BRDA:359,50,0,0
BRDA:359,50,1,0
BRDA:360,51,0,0
BRDA:360,51,1,0
BRDA:380,52,0,0
BRDA:380,52,1,0
BRDA:380,52,2,0
BRDA:381,53,0,0
BRDA:381,53,1,0
BRDA:382,54,0,0
BRDA:382,54,1,0
BRDA:383,55,0,0
BRDA:383,55,1,0
BRDA:386,56,0,0
BRDA:386,56,1,0
BRDA:390,57,0,0
BRDA:390,57,1,0
BRDA:391,58,0,0
BRDA:391,58,1,0
BRDA:397,59,0,0
BRDA:397,59,1,0
BRDA:397,59,2,0
BRDA:414,60,0,0
BRDA:414,60,1,0
BRDA:419,61,0,0
BRDA:419,61,1,0
BRDA:424,62,0,0
BRDA:424,62,1,0
BRDA:425,63,0,0
BRDA:425,63,1,0
BRDA:430,64,0,0
BRDA:430,64,1,0
BRDA:440,65,0,0
BRDA:440,65,1,0
BRDA:447,66,0,0
BRDA:447,66,1,0
BRDA:459,67,0,0
BRDA:459,67,1,0
BRDA:476,68,0,0
BRDA:476,68,1,0
BRDA:480,69,0,0
BRDA:480,69,1,0
BRDA:480,70,0,0
BRDA:480,70,1,0
BRDA:500,71,0,0
BRDA:500,71,1,0
BRDA:503,72,0,0
BRDA:503,72,1,0
BRDA:525,73,0,0
BRDA:525,73,1,0
BRF:149
BRH:0
end_of_record
TN:
SF:src\components\Navbar\NavBar.jsx
FN:55,(anonymous_0)
FN:79,(anonymous_1)
FN:104,(anonymous_2)
FN:116,(anonymous_3)
FN:125,(anonymous_4)
FN:134,(anonymous_5)
FN:139,(anonymous_6)
FN:156,(anonymous_7)
FN:172,(anonymous_8)
FN:179,(anonymous_9)
FN:184,(anonymous_10)
FN:192,(anonymous_11)
FN:208,(anonymous_12)
FN:214,(anonymous_13)
FN:215,(anonymous_14)
FN:225,(anonymous_15)
FN:291,(anonymous_16)
FN:334,(anonymous_17)
FN:408,(anonymous_18)
FN:418,(anonymous_19)
FN:469,(anonymous_20)
FN:479,(anonymous_21)
FN:503,(anonymous_22)
FN:527,(anonymous_23)
FN:589,(anonymous_24)
FN:769,(anonymous_25)
FNF:26
FNH:0
FNDA:0,(anonymous_0)
FNDA:0,(anonymous_1)
FNDA:0,(anonymous_2)
FNDA:0,(anonymous_3)
FNDA:0,(anonymous_4)
FNDA:0,(anonymous_5)
FNDA:0,(anonymous_6)
FNDA:0,(anonymous_7)
FNDA:0,(anonymous_8)
FNDA:0,(anonymous_9)
FNDA:0,(anonymous_10)
FNDA:0,(anonymous_11)
FNDA:0,(anonymous_12)
FNDA:0,(anonymous_13)
FNDA:0,(anonymous_14)
FNDA:0,(anonymous_15)
FNDA:0,(anonymous_16)
FNDA:0,(anonymous_17)
FNDA:0,(anonymous_18)
FNDA:0,(anonymous_19)
FNDA:0,(anonymous_20)
FNDA:0,(anonymous_21)
FNDA:0,(anonymous_22)
FNDA:0,(anonymous_23)
FNDA:0,(anonymous_24)
FNDA:0,(anonymous_25)
DA:52,0
DA:53,0
DA:55,0
DA:56,0
DA:57,0
DA:58,0
DA:59,0
DA:60,0
DA:61,0
DA:62,0
DA:64,0
DA:69,0
DA:79,0
DA:91,0
DA:93,0
DA:94,0
DA:95,0
DA:98,0
DA:99,0
DA:100,0
DA:101,0
DA:104,0
DA:105,0
DA:106,0
DA:107,0
DA:110,0
DA:111,0
DA:115,0
DA:116,0
DA:117,0
DA:119,0
DA:120,0
DA:125,0
DA:126,0
DA:127,0
DA:129,0
DA:132,0
DA:133,0
DA:134,0
DA:137,0
DA:138,0
DA:139,0
DA:142,0
DA:143,0
DA:144,0
DA:145,0
DA:149,0
DA:150,0
DA:151,0
DA:156,0
DA:157,0
DA:158,0
DA:159,0
DA:162,0
DA:163,0
DA:165,0
DA:166,0
DA:167,0
DA:168,0
DA:170,0
DA:172,0
DA:173,0
DA:174,0
DA:175,0
DA:176,0
DA:179,0
DA:180,0
DA:181,0
DA:184,0
DA:185,0
DA:188,0
DA:192,0
DA:193,0
DA:196,0
DA:199,0
DA:202,0
DA:203,0
DA:204,0
DA:208,0
DA:209,0
DA:210,0
DA:214,0
DA:215,0
DA:216,0
DA:217,0
DA:223,0
DA:225,0
DA:228,0
DA:291,0
DA:334,0
DA:409,0
DA:418,0
DA:470,0
DA:479,0
DA:504,0
DA:505,0
DA:528,0
DA:590,0
DA:770,0
LF:99
LH:0
BRDA:110,0,0,0
BRDA:110,0,1,0
BRDA:115,1,0,0
BRDA:115,1,1,0
BRDA:119,2,0,0
BRDA:119,2,1,0
BRDA:126,3,0,0
BRDA:126,3,1,0
BRDA:129,4,0,0
BRDA:129,4,1,0
BRDA:132,5,0,0
BRDA:132,5,1,0
BRDA:134,6,0,0
BRDA:134,6,1,0
BRDA:137,7,0,0
BRDA:137,7,1,0
BRDA:139,8,0,0
BRDA:139,8,1,0
BRDA:142,9,0,0
BRDA:142,9,1,0
BRDA:144,10,0,0
BRDA:144,10,1,0
BRDA:144,11,0,0
BRDA:144,11,1,0
BRDA:149,12,0,0
BRDA:149,12,1,0
BRDA:157,13,0,0
BRDA:157,13,1,0
BRDA:157,14,0,0
BRDA:157,14,1,0
BRDA:162,15,0,0
BRDA:162,15,1,0
BRDA:193,16,0,0
BRDA:193,16,1,0
BRDA:193,17,0,0
BRDA:193,17,1,0
BRDA:216,18,0,0
BRDA:216,18,1,0
BRDA:300,19,0,0
BRDA:300,19,1,0
BRDA:304,20,0,0
BRDA:304,20,1,0
BRDA:378,21,0,0
BRDA:378,21,1,0
BRDA:397,22,0,0
BRDA:397,22,1,0
BRDA:402,23,0,0
BRDA:402,23,1,0
BRDA:406,24,0,0
BRDA:406,24,1,0
BRDA:411,25,0,0
BRDA:411,25,1,0
BRDA:425,26,0,0
BRDA:425,26,1,0
BRDA:428,27,0,0
BRDA:428,27,1,0
BRDA:433,28,0,0
BRDA:433,28,1,0
BRDA:433,28,2,0
BRDA:435,29,0,0
BRDA:435,29,1,0
BRDA:441,30,0,0
BRDA:441,30,1,0
BRDA:450,31,0,0
BRDA:450,31,1,0
BRDA:454,32,0,0
BRDA:454,32,1,0
BRDA:472,33,0,0
BRDA:472,33,1,0
BRDA:539,34,0,0
BRDA:539,34,1,0
BRDA:549,35,0,0
BRDA:549,35,1,0
BRDA:607,36,0,0
BRDA:607,36,1,0
BRDA:623,37,0,0
BRDA:623,37,1,0
BRDA:629,38,0,0
BRDA:629,38,1,0
BRDA:703,39,0,0
BRDA:703,39,1,0
BRDA:705,40,0,0
BRDA:705,40,1,0
BRDA:713,41,0,0
BRDA:713,41,1,0
BRDA:753,42,0,0
BRDA:753,42,1,0
BRDA:779,43,0,0
BRDA:779,43,1,0
BRDA:787,44,0,0
BRDA:787,44,1,0
BRDA:790,45,0,0
BRDA:790,45,1,0
BRDA:791,46,0,0
BRDA:791,46,1,0
BRDA:836,47,0,0
BRDA:836,47,1,0
BRF:97
BRH:0
end_of_record
TN:
SF:src\components\Playlist\CreatePlaylist.jsx
FN:26,(anonymous_0)
FN:31,(anonymous_1)
FN:43,(anonymous_2)
FN:53,(anonymous_3)
FN:65,(anonymous_4)
FN:86,(anonymous_5)
FN:97,(anonymous_6)
FN:110,(anonymous_7)
FNF:8
FNH:0
FNDA:0,(anonymous_0)
FNDA:0,(anonymous_1)
FNDA:0,(anonymous_2)
FNDA:0,(anonymous_3)
FNDA:0,(anonymous_4)
FNDA:0,(anonymous_5)
FNDA:0,(anonymous_6)
FNDA:0,(anonymous_7)
DA:26,0
DA:28,0
DA:29,0
DA:31,0
DA:32,0
DA:33,0
DA:34,0
DA:35,0
DA:36,0
DA:37,0
DA:38,0
DA:43,0
DA:44,0
DA:45,0
DA:53,0
DA:54,0
DA:65,0
DA:86,0
DA:97,0
DA:110,0
DA:149,0
LF:21
LH:0
BRDA:34,0,0,0
BRDA:34,0,1,0
BRDA:35,1,0,0
BRDA:35,1,1,0
BRDA:37,2,0,0
BRDA:37,2,1,0
BRDA:44,3,0,0
BRDA:44,3,1,0
BRDA:85,4,0,0
BRDA:85,4,1,0
BRDA:96,5,0,0
BRDA:96,5,1,0
BRDA:109,6,0,0
BRDA:109,6,1,0
BRDA:118,7,0,0
BRDA:118,7,1,0
BRDA:126,8,0,0
BRDA:126,8,1,0
BRDA:149,9,0,0
BRDA:149,9,1,0
BRDA:149,10,0,0
BRDA:149,10,1,0
BRF:22
BRH:0
end_of_record
TN:
SF:src\components\Playlist\Playlist.jsx
FN:6,(anonymous_0)
FN:8,(anonymous_1)
FNF:2
FNH:0
FNDA:0,(anonymous_0)
FNDA:0,(anonymous_1)
DA:6,0
DA:8,0
DA:9,0
DA:11,0
DA:12,0
DA:13,0
DA:14,0
DA:16,0
DA:20,0
DA:21,0
DA:22,0
DA:24,0
LF:12
LH:0
BRDA:9,0,0,0
BRDA:9,0,1,0
BRDA:13,1,0,0
BRDA:13,1,1,0
BRDA:20,2,0,0
BRDA:20,2,1,0
BRDA:26,3,0,0
BRDA:26,3,1,0
BRDA:27,4,0,0
BRDA:27,4,1,0
BRDA:40,5,0,0
BRDA:40,5,1,0
BRDA:57,6,0,0
BRDA:57,6,1,0
BRDA:96,7,0,0
BRDA:96,7,1,0
BRF:16
BRH:0
end_of_record
TN:
SF:src\components\Playlist\PlaylistTrackItem.jsx
FN:29,(anonymous_0)
FN:42,(anonymous_1)
FN:55,(anonymous_2)
FN:69,(anonymous_3)
FN:74,(anonymous_4)
FN:88,(anonymous_5)
FN:112,(anonymous_6)
FN:152,(anonymous_7)
FN:153,(anonymous_8)
FN:222,(anonymous_9)
FNF:10
FNH:0
FNDA:0,(anonymous_0)
FNDA:0,(anonymous_1)
FNDA:0,(anonymous_2)
FNDA:0,(anonymous_3)
FNDA:0,(anonymous_4)
FNDA:0,(anonymous_5)
FNDA:0,(anonymous_6)
FNDA:0,(anonymous_7)
FNDA:0,(anonymous_8)
FNDA:0,(anonymous_9)
DA:29,0
DA:30,0
DA:31,0
DA:32,0
DA:33,0
DA:36,0
DA:37,0
DA:38,0
DA:39,0
DA:42,0
DA:43,0
DA:45,0
DA:46,0
DA:48,0
DA:49,0
DA:52,0
DA:55,0
DA:56,0
DA:58,0
DA:60,0
DA:61,0
DA:63,0
DA:66,0
DA:69,0
DA:70,0
DA:74,0
DA:75,0
DA:77,0
DA:78,0
DA:80,0
DA:81,0
DA:84,0
DA:85,0
DA:88,0
DA:91,0
DA:95,0
DA:101,0
DA:102,0
DA:112,0
DA:113,0
DA:114,0
DA:120,0
DA:124,0
DA:125,0
DA:128,0
DA:131,0
DA:134,0
DA:135,0
DA:136,0
DA:138,0
DA:145,0
DA:152,0
DA:153,0
DA:223,0
LF:54
LH:0
BRDA:36,0,0,0
BRDA:36,0,1,0
BRDA:39,1,0,0
BRDA:39,1,1,0
BRDA:43,2,0,0
BRDA:43,2,1,0
BRDA:58,3,0,0
BRDA:58,3,1,0
BRDA:60,4,0,0
BRDA:60,4,1,0
BRDA:80,5,0,0
BRDA:80,5,1,0
BRDA:85,6,0,0
BRDA:85,6,1,0
BRDA:113,7,0,0
BRDA:113,7,1,0
BRDA:128,8,0,0
BRDA:128,8,1,0
BRDA:164,9,0,0
BRDA:164,9,1,0
BRDA:166,10,0,0
BRDA:166,10,1,0
BRDA:167,11,0,0
BRDA:167,11,1,0
BRDA:188,12,0,0
BRDA:188,12,1,0
BRDA:212,13,0,0
BRDA:212,13,1,0
BRDA:220,14,0,0
BRDA:220,14,1,0
BRDA:220,15,0,0
BRDA:220,15,1,0
BRDA:252,16,0,0
BRDA:252,16,1,0
BRDA:257,17,0,0
BRDA:257,17,1,0
BRDA:302,18,0,0
BRDA:302,18,1,0
BRDA:302,18,2,0
BRF:39
BRH:0
end_of_record
TN:
SF:src\components\Producers\TopProducers.jsx
FN:21,(anonymous_0)
FN:30,(anonymous_1)
FN:31,(anonymous_2)
FN:127,(anonymous_3)
FNF:4
FNH:0
FNDA:0,(anonymous_0)
FNDA:0,(anonymous_1)
FNDA:0,(anonymous_2)
FNDA:0,(anonymous_3)
DA:21,0
DA:22,0
DA:23,0
DA:24,0
DA:25,0
DA:27,0
DA:28,0
DA:30,0
DA:31,0
DA:32,0
DA:33,0
DA:34,0
DA:36,0
DA:37,0
DA:39,0
DA:42,0
DA:43,0
DA:45,0
DA:49,0
DA:52,0
DA:53,0
DA:70,0
DA:71,0
DA:86,0
DA:87,0
DA:102,0
DA:128,0
LF:27
LH:0
BRDA:21,0,0,0
BRDA:36,1,0,0
BRDA:36,1,1,0
BRDA:52,2,0,0
BRDA:52,2,1,0
BRDA:70,3,0,0
BRDA:70,3,1,0
BRDA:86,4,0,0
BRDA:86,4,1,0
BRDA:133,5,0,0
BRDA:133,5,1,0
BRDA:134,6,0,0
BRDA:134,6,1,0
BRDA:135,7,0,0
BRDA:135,7,1,0
BRDA:137,8,0,0
BRDA:137,8,1,0
BRDA:144,9,0,0
BRDA:144,9,1,0
BRDA:158,10,0,0
BRDA:158,10,1,0
BRDA:168,11,0,0
BRDA:168,11,1,0
BRDA:179,12,0,0
BRDA:179,12,1,0
BRF:25
BRH:0
end_of_record
TN:
SF:src\components\Profile\EditProfileModal.jsx
FN:7,(anonymous_0)
FN:14,(anonymous_1)
FN:22,(anonymous_2)
FN:28,(anonymous_3)
FN:60,(anonymous_4)
FN:80,(anonymous_5)
FN:91,(anonymous_6)
FNF:7
FNH:0
FNDA:0,(anonymous_0)
FNDA:0,(anonymous_1)
FNDA:0,(anonymous_2)
FNDA:0,(anonymous_3)
FNDA:0,(anonymous_4)
FNDA:0,(anonymous_5)
FNDA:0,(anonymous_6)
DA:7,0
DA:8,0
DA:9,0
DA:10,0
DA:11,0
DA:14,0
DA:15,0
DA:16,0
DA:17,0
DA:18,0
DA:22,0
DA:23,0
DA:24,0
DA:28,0
DA:29,0
DA:31,0
DA:32,0
DA:35,0
DA:36,0
DA:39,0
DA:42,0
DA:60,0
DA:80,0
DA:91,0
LF:24
LH:0
BRDA:8,0,0,0
BRDA:8,0,1,0
BRDA:9,1,0,0
BRDA:9,1,1,0
BRDA:15,2,0,0
BRDA:15,2,1,0
BRDA:15,3,0,0
BRDA:15,3,1,0
BRDA:16,4,0,0
BRDA:16,4,1,0
BRDA:17,5,0,0
BRDA:17,5,1,0
BRDA:23,6,0,0
BRDA:23,6,1,0
BRDA:31,7,0,0
BRDA:31,7,1,0
BRDA:31,8,0,0
BRDA:31,8,1,0
BRDA:35,9,0,0
BRDA:35,9,1,0
BRDA:55,10,0,0
BRDA:55,10,1,0
BRDA:55,11,0,0
BRDA:55,11,1,0
BRDA:56,12,0,0
BRDA:56,12,1,0
BRF:26
BRH:0
end_of_record
TN:
SF:src\components\Profile\PlaylistsSection.jsx
FN:9,(anonymous_0)
FN:95,(anonymous_1)
FNF:2
FNH:0
FNDA:0,(anonymous_0)
FNDA:0,(anonymous_1)
DA:9,0
DA:11,0
DA:43,0
DA:45,0
DA:96,0
LF:5
LH:0
BRDA:9,0,0,0
BRDA:9,1,0,0
BRDA:43,2,0,0
BRDA:43,2,1,0
BRDA:43,3,0,0
BRDA:43,3,1,0
BRDA:43,3,2,0
BRDA:43,4,0,0
BRDA:43,4,1,0
BRDA:48,5,0,0
BRDA:48,5,1,0
BRDA:70,6,0,0
BRDA:70,6,1,0
BRDA:75,7,0,0
BRDA:75,7,1,0
BRDA:83,8,0,0
BRDA:83,8,1,0
BRDA:83,9,0,0
BRDA:83,9,1,0
BRDA:99,10,0,0
BRDA:99,10,1,0
BRDA:99,10,2,0
BRDA:100,11,0,0
BRDA:100,11,1,0
BRDA:123,12,0,0
BRDA:123,12,1,0
BRDA:123,12,2,0
BRDA:123,12,3,0
BRF:28
BRH:0
end_of_record
TN:
SF:src\components\Profile\ProfileHeader.jsx
FN:6,(anonymous_0)
FNF:1
FNH:0
FNDA:0,(anonymous_0)
DA:6,0
DA:7,0
LF:2
LH:0
BRDA:31,0,0,0
BRDA:31,0,1,0
BRDA:32,1,0,0
BRDA:32,1,1,0
BRDA:32,1,2,0
BRDA:61,2,0,0
BRDA:61,2,1,0
BRDA:61,2,2,0
BRDA:66,3,0,0
BRDA:66,3,1,0
BRF:10
BRH:0
end_of_record
TN:
SF:src\components\Profile\StreakDisplay.jsx
FN:26,(anonymous_0)
FN:36,(anonymous_1)
FN:46,(anonymous_2)
FNF:3
FNH:3
FNDA:4,(anonymous_0)
FNDA:4,(anonymous_1)
FNDA:4,(anonymous_2)
DA:26,1
DA:27,4
DA:30,4
DA:33,4
DA:36,4
DA:37,4
DA:38,2
DA:46,4
DA:47,4
DA:48,4
DA:49,4
DA:50,3
DA:53,4
LF:13
LH:13
BRDA:27,0,0,4
BRDA:27,0,1,1
BRDA:33,1,0,4
BRDA:33,1,1,2
BRDA:37,2,0,2
BRDA:37,2,1,2
BRDA:47,3,0,0
BRDA:47,3,1,4
BRDA:48,4,0,0
BRDA:48,4,1,4
BRDA:49,5,0,1
BRDA:49,5,1,3
BRDA:66,6,0,4
BRDA:66,6,1,2
BRDA:75,7,0,0
BRDA:75,7,1,2
BRDA:91,8,0,4
BRDA:91,8,1,1
BRDA:91,8,2,1
BRDA:136,9,0,0
BRDA:136,9,1,4
BRDA:137,10,0,0
BRDA:137,10,1,4
BRDA:139,11,0,4
BRDA:139,11,1,2
BRDA:139,12,0,0
BRDA:139,12,1,4
BRDA:167,13,0,0
BRDA:167,13,1,4
BRDA:168,14,0,0
BRDA:168,14,1,4
BRDA:170,15,0,4
BRDA:170,15,1,2
BRDA:170,16,0,0
BRDA:170,16,1,4
BRDA:202,17,0,1
BRDA:202,17,1,3
BRDA:206,18,0,1
BRDA:206,18,1,3
BRDA:212,19,0,4
BRDA:212,19,1,3
BRDA:214,20,0,2
BRDA:214,20,1,1
BRDA:223,21,0,1
BRDA:223,21,1,2
BRDA:225,22,0,1
BRDA:225,22,1,2
BRDA:230,23,0,1
BRDA:230,23,1,2
BRF:49
BRH:40
end_of_record
TN:
SF:src\components\Profile\TracksSection.jsx
FN:7,(anonymous_0)
FN:12,(anonymous_1)
FN:13,(anonymous_2)
FN:13,(anonymous_3)
FN:24,(anonymous_4)
FN:52,(anonymous_5)
FNF:6
FNH:0
FNDA:0,(anonymous_0)
FNDA:0,(anonymous_1)
FNDA:0,(anonymous_2)
FNDA:0,(anonymous_3)
FNDA:0,(anonymous_4)
FNDA:0,(anonymous_5)
DA:7,0
DA:8,0
DA:9,0
DA:12,0
DA:13,0
DA:14,0
DA:24,0
DA:25,0
DA:26,0
DA:30,0
DA:31,0
DA:33,0
DA:53,0
LF:13
LH:0
BRDA:7,0,0,0
BRDA:8,1,0,0
BRDA:8,1,1,0
BRDA:25,2,0,0
BRDA:25,2,1,0
BRDA:30,3,0,0
BRDA:30,3,1,0
BRDA:31,4,0,0
BRDA:31,4,1,0
BRDA:35,5,0,0
BRDA:35,5,1,0
BRDA:43,6,0,0
BRDA:43,6,1,0
BRF:13
BRH:0
end_of_record
TN:
SF:src\components\Samples\RecommendedSamples.jsx
FN:29,(anonymous_0)
FN:44,(anonymous_1)
FN:49,(anonymous_2)
FN:51,(anonymous_3)
FN:54,(anonymous_4)
FN:70,(anonymous_5)
FN:169,(anonymous_6)
FN:203,(anonymous_7)
FNF:8
FNH:0
FNDA:0,(anonymous_0)
FNDA:0,(anonymous_1)
FNDA:0,(anonymous_2)
FNDA:0,(anonymous_3)
FNDA:0,(anonymous_4)
FNDA:0,(anonymous_5)
FNDA:0,(anonymous_6)
FNDA:0,(anonymous_7)
DA:24,0
DA:25,0
DA:26,0
DA:29,0
DA:36,0
DA:38,0
DA:39,0
DA:40,0
DA:43,0
DA:44,0
DA:48,0
DA:49,0
DA:51,0
DA:54,0
DA:55,0
DA:57,0
DA:58,0
DA:60,0
DA:70,0
DA:71,0
DA:75,0
DA:76,0
DA:90,0
DA:91,0
DA:101,0
DA:170,0
DA:204,0
LF:27
LH:0
BRDA:29,0,0,0
BRDA:43,1,0,0
BRDA:43,1,1,0
BRDA:43,2,0,0
BRDA:43,2,1,0
BRDA:75,3,0,0
BRDA:75,3,1,0
BRDA:75,4,0,0
BRDA:75,4,1,0
BRDA:90,5,0,0
BRDA:90,5,1,0
BRDA:136,6,0,0
BRDA:136,6,1,0
BRDA:141,7,0,0
BRDA:141,7,1,0
BRDA:144,8,0,0
BRDA:144,8,1,0
BRDA:154,9,0,0
BRDA:154,9,1,0
BRDA:160,10,0,0
BRDA:160,10,1,0
BRDA:185,11,0,0
BRDA:185,11,1,0
BRF:23
BRH:0
end_of_record
TN:
SF:src\components\Samples\SampleRow.jsx
FN:38,(anonymous_0)
FN:61,(anonymous_1)
FN:228,(anonymous_2)
FNF:3
FNH:0
FNDA:0,(anonymous_0)
FNDA:0,(anonymous_1)
FNDA:0,(anonymous_2)
DA:34,0
DA:35,0
DA:36,0
DA:38,0
DA:40,0
DA:41,0
DA:42,0
DA:43,0
DA:44,0
DA:47,0
DA:48,0
DA:51,0
DA:54,0
DA:55,0
DA:58,0
DA:61,0
DA:62,0
DA:70,0
DA:71,0
DA:74,0
DA:77,0
DA:228,0
LF:22
LH:0
BRDA:54,0,0,0
BRDA:54,0,1,0
BRDA:55,1,0,0
BRDA:55,1,1,0
BRDA:58,2,0,0
BRDA:58,2,1,0
BRDA:70,3,0,0
BRDA:70,3,1,0
BRDA:70,4,0,0
BRDA:70,4,1,0
BRDA:107,5,0,0
BRDA:107,5,1,0
BRDA:108,6,0,0
BRDA:108,6,1,0
BRDA:110,7,0,0
BRDA:110,7,1,0
BRDA:112,8,0,0
BRDA:112,8,1,0
BRDA:157,9,0,0
BRDA:157,9,1,0
BRDA:170,10,0,0
BRDA:170,10,1,0
BRDA:188,11,0,0
BRDA:188,11,1,0
BRDA:191,12,0,0
BRDA:191,12,1,0
BRDA:194,13,0,0
BRDA:194,13,1,0
BRDA:195,14,0,0
BRDA:195,14,1,0
BRDA:237,15,0,0
BRDA:237,15,1,0
BRDA:282,16,0,0
BRDA:282,16,1,0
BRDA:292,17,0,0
BRDA:292,17,1,0
BRDA:294,18,0,0
BRDA:294,18,1,0
BRDA:324,19,0,0
BRDA:324,19,1,0
BRF:40
BRH:0
end_of_record
TN:
SF:src\components\Samples\SampleRow\ArtistInfo.jsx
FN:7,(anonymous_0)
FNF:1
FNH:0
FNDA:0,(anonymous_0)
DA:7,0
DA:8,0
DA:9,0
DA:10,0
DA:12,0
DA:13,0
DA:14,0
DA:15,0
DA:17,0
LF:9
LH:0
BRDA:13,0,0,0
BRDA:13,0,1,0
BRDA:14,1,0,0
BRDA:14,1,1,0
BRDA:15,2,0,0
BRDA:15,2,1,0
BRF:6
BRH:0
end_of_record
TN:
SF:src\components\Samples\SampleRow\SampleCover.jsx
FN:6,(anonymous_0)
FN:17,(anonymous_1)
FNF:2
FNH:0
FNDA:0,(anonymous_0)
FNDA:0,(anonymous_1)
DA:6,0
DA:7,0
DA:8,0
DA:10,0
DA:11,0
DA:12,0
DA:14,0
DA:17,0
DA:18,0
LF:9
LH:0
BRDA:8,0,0,0
BRDA:8,0,1,0
BRDA:28,1,0,0
BRDA:28,1,1,0
BRF:4
BRH:0
end_of_record
TN:
SF:src\components\Samples\SampleRow\TagsList.jsx
FN:4,(anonymous_0)
FN:9,(anonymous_1)
FNF:2
FNH:0
FNDA:0,(anonymous_0)
FNDA:0,(anonymous_1)
DA:4,0
DA:5,0
DA:7,0
DA:10,0
LF:4
LH:0
BRDA:5,0,0,0
BRDA:5,0,1,0
BRDA:5,1,0,0
BRDA:5,1,1,0
BRDA:21,2,0,0
BRDA:21,2,1,0
BRF:6
BRH:0
end_of_record
TN:
SF:src\components\Samples\SampleRow\index.jsx
FN:37,(anonymous_0)
FNF:1
FNH:0
FNDA:0,(anonymous_0)
DA:37,0
DA:38,0
LF:2
LH:0
BRF:0
BRH:0
end_of_record
TN:
SF:src\components\Upload\DropzoneUploader.jsx
FN:17,(anonymous_0)
FN:20,(anonymous_1)
FN:32,(anonymous_2)
FN:33,(anonymous_3)
FN:34,(anonymous_4)
FN:35,(anonymous_5)
FN:38,(anonymous_6)
FN:43,(anonymous_7)
FNF:8
FNH:0
FNDA:0,(anonymous_0)
FNDA:0,(anonymous_1)
FNDA:0,(anonymous_2)
FNDA:0,(anonymous_3)
FNDA:0,(anonymous_4)
FNDA:0,(anonymous_5)
FNDA:0,(anonymous_6)
FNDA:0,(anonymous_7)
DA:15,0
DA:17,0
DA:18,0
DA:20,0
DA:21,0
DA:22,0
DA:26,0
DA:32,0
DA:33,0
DA:34,0
DA:35,0
DA:38,0
DA:39,0
DA:40,0
DA:43,0
DA:44,0
DA:45,0
DA:46,0
DA:49,0
LF:19
LH:0
BRDA:21,0,0,0
BRDA:21,0,1,0
BRDA:21,1,0,0
BRDA:21,1,1,0
BRDA:44,2,0,0
BRDA:44,2,1,0
BRDA:45,3,0,0
BRDA:45,3,1,0
BRDA:58,4,0,0
BRDA:58,4,1,0
BRDA:60,5,0,0
BRDA:60,5,1,0
BRDA:62,6,0,0
BRDA:62,6,1,0
BRDA:71,7,0,0
BRDA:71,7,1,0
BRDA:72,8,0,0
BRDA:72,8,1,0
BRDA:72,9,0,0
BRDA:72,9,1,0
BRDA:77,10,0,0
BRDA:77,10,1,0
BRDA:111,11,0,0
BRDA:111,11,1,0
BRDA:112,12,0,0
BRDA:112,12,1,0
BRDA:114,13,0,0
BRDA:114,13,1,0
BRDA:117,14,0,0
BRDA:117,14,1,0
BRDA:122,15,0,0
BRDA:122,15,1,0
BRF:32
BRH:0
end_of_record
TN:
SF:src\components\Upload\FileUploadButton.jsx
FN:4,(anonymous_0)
FN:7,(anonymous_1)
FN:25,(anonymous_2)
FNF:3
FNH:0
FNDA:0,(anonymous_0)
FNDA:0,(anonymous_1)
FNDA:0,(anonymous_2)
DA:4,0
DA:5,0
DA:7,0
DA:8,0
DA:9,0
DA:13,0
DA:25,0
LF:7
LH:0
BRDA:8,0,0,0
BRDA:8,0,1,0
BRDA:8,1,0,0
BRDA:8,1,1,0
BRF:4
BRH:0
end_of_record
TN:
SF:src\components\User\FollowButton.jsx
FN:8,(anonymous_0)
FN:18,(anonymous_1)
FN:19,(anonymous_2)
FN:38,(anonymous_3)
FNF:4
FNH:0
FNDA:0,(anonymous_0)
FNDA:0,(anonymous_1)
FNDA:0,(anonymous_2)
FNDA:0,(anonymous_3)
DA:8,1
DA:14,0
DA:15,0
DA:18,0
DA:19,0
DA:20,0
DA:22,0
DA:23,0
DA:24,0
DA:25,0
DA:26,0
DA:27,0
DA:30,0
DA:34,0
DA:38,0
DA:39,0
DA:40,0
DA:41,0
DA:42,0
DA:44,0
DA:47,0
DA:48,0
DA:49,0
DA:51,0
DA:57,0
DA:58,0
DA:61,0
LF:27
LH:1
BRDA:11,0,0,0
BRDA:12,1,0,0
BRDA:20,2,0,0
BRDA:20,2,1,0
BRDA:20,3,0,0
BRDA:20,3,1,0
BRDA:20,3,2,0
BRDA:24,4,0,0
BRDA:24,4,1,0
BRDA:26,5,0,0
BRDA:26,5,1,0
BRDA:39,6,0,0
BRDA:39,6,1,0
BRDA:41,7,0,0
BRDA:41,7,1,0
BRDA:44,8,0,0
BRDA:44,8,1,0
BRDA:48,9,0,0
BRDA:48,9,1,0
BRDA:51,10,0,0
BRDA:51,10,1,0
BRDA:57,11,0,0
BRDA:57,11,1,0
BRDA:57,12,0,0
BRDA:57,12,1,0
BRDA:64,13,0,0
BRDA:64,13,1,0
BRDA:68,14,0,0
BRDA:68,14,1,0
BRDA:70,15,0,0
BRDA:70,15,1,0
BRDA:71,16,0,0
BRDA:71,16,1,0
BRDA:72,17,0,0
BRDA:72,17,1,0
BRDA:74,18,0,0
BRDA:74,18,1,0
BRDA:75,19,0,0
BRDA:75,19,1,0
BRDA:76,20,0,0
BRDA:76,20,1,0
BRDA:79,21,0,0
BRDA:79,21,1,0
BRF:43
BRH:0
end_of_record
TN:
SF:src\components\User\HotUserCard.jsx
FN:22,(anonymous_0)
FN:26,(anonymous_1)
FN:39,(anonymous_2)
FNF:3
FNH:0
FNDA:0,(anonymous_0)
FNDA:0,(anonymous_1)
FNDA:0,(anonymous_2)
DA:22,0
DA:23,0
DA:26,0
DA:27,0
DA:29,0
DA:32,0
DA:34,0
DA:39,0
DA:40,0
DA:42,0
DA:50,0
DA:58,0
DA:66,0
DA:76,0
DA:77,0
DA:78,0
DA:80,0
LF:17
LH:0
BRDA:23,0,0,0
BRDA:23,0,1,0
BRDA:27,1,0,0
BRDA:27,1,1,0
BRDA:27,1,2,0
BRDA:27,1,3,0
BRDA:40,2,0,0
BRDA:40,2,1,0
BRDA:40,2,2,0
BRDA:40,2,3,0
BRDA:97,3,0,0
BRDA:97,3,1,0
BRDA:137,4,0,0
BRDA:137,4,1,0
BRF:14
BRH:0
end_of_record
TN:
SF:src\components\User\ProfileHeader.jsx
FN:25,(anonymous_0)
FN:30,(anonymous_1)
FNF:2
FNH:1
FNDA:5,(anonymous_0)
FNDA:0,(anonymous_1)
DA:25,1
DA:36,5
DA:39,5
DA:42,5
DA:44,5
LF:5
LH:5
BRDA:27,0,0,1
BRDA:28,1,0,3
BRDA:29,2,0,4
BRDA:30,3,0,5
BRDA:33,4,0,5
BRDA:36,5,0,0
BRDA:36,5,1,5
BRDA:39,6,0,5
BRDA:39,6,1,3
BRDA:61,7,0,5
BRDA:61,7,1,1
BRDA:61,7,2,1
BRDA:78,8,0,5
BRDA:78,8,1,1
BRDA:78,8,2,1
BRDA:94,9,0,5
BRDA:94,9,1,1
BRDA:100,10,0,1
BRDA:100,10,1,4
BRDA:100,11,0,5
BRDA:100,11,1,2
BRDA:112,12,0,4
BRDA:112,12,1,3
BRDA:112,12,2,0
BRDA:121,13,0,5
BRDA:121,13,1,4
BRDA:146,14,0,5
BRDA:146,14,1,1
BRDA:158,15,0,5
BRDA:158,15,1,1
BRDA:170,16,0,5
BRDA:170,16,1,1
BRDA:170,16,2,1
BRDA:182,17,0,5
BRDA:182,17,1,1
BRF:35
BRH:33
end_of_record
TN:
SF:src\components\Waveform\Waveform.jsx
FN:5,(anonymous_0)
FN:10,(anonymous_1)
FN:16,(anonymous_2)
FN:36,(anonymous_3)
FNF:4
FNH:0
FNDA:0,(anonymous_0)
FNDA:0,(anonymous_1)
FNDA:0,(anonymous_2)
FNDA:0,(anonymous_3)
DA:5,0
DA:6,0
DA:7,0
DA:10,0
DA:11,0
DA:12,0
DA:16,0
DA:17,0
DA:18,0
DA:19,0
DA:22,0
DA:33,0
DA:36,0
DA:37,0
DA:38,0
DA:43,0
LF:16
LH:0
BRDA:5,0,0,0
BRDA:11,1,0,0
BRDA:11,1,1,0
BRDA:17,2,0,0
BRDA:17,2,1,0
BRDA:37,3,0,0
BRDA:37,3,1,0
BRF:7
BRH:0
end_of_record
TN:
SF:src\components\Waveform\WaveformWithControls.jsx
FN:6,(anonymous_0)
FN:11,(anonymous_1)
FN:31,(anonymous_2)
FN:33,(anonymous_3)
FN:38,(anonymous_4)
FN:45,(anonymous_5)
FNF:6
FNH:0
FNDA:0,(anonymous_0)
FNDA:0,(anonymous_1)
FNDA:0,(anonymous_2)
FNDA:0,(anonymous_3)
FNDA:0,(anonymous_4)
FNDA:0,(anonymous_5)
DA:6,0
DA:7,0
DA:8,0
DA:9,0
DA:11,0
DA:12,0
DA:13,0
DA:14,0
DA:17,0
DA:28,0
DA:31,0
DA:33,0
DA:34,0
DA:38,0
DA:39,0
DA:40,0
DA:41,0
DA:45,0
DA:46,0
DA:47,0
DA:48,0
DA:52,0
LF:22
LH:0
BRDA:6,0,0,0
BRDA:12,1,0,0
BRDA:12,1,1,0
BRDA:34,2,0,0
BRDA:34,2,1,0
BRDA:39,3,0,0
BRDA:39,3,1,0
BRDA:46,4,0,0
BRDA:46,4,1,0
BRF:9
BRH:0
end_of_record
TN:
SF:src\components\footer\Footer.jsx
FN:17,(anonymous_0)
FN:68,(anonymous_1)
FNF:2
FNH:0
FNDA:0,(anonymous_0)
FNDA:0,(anonymous_1)
DA:17,0
DA:18,0
DA:69,0
LF:3
LH:0
BRF:0
BRH:0
end_of_record
TN:
SF:src\firebase\collections.js
FNF:0
FNH:0
DA:1,0
LF:1
LH:0
BRF:0
BRH:0
end_of_record
TN:
SF:src\firebase\firebase.js
FNF:0
FNH:0
DA:7,1
DA:18,1
DA:19,1
DA:20,1
DA:21,1
LF:5
LH:5
BRF:0
BRH:0
end_of_record
TN:
SF:src\firebase\migrations\initializeSampleStats.js
FN:15,(anonymous_0)
FNF:1
FNH:0
FNDA:0,(anonymous_0)
DA:15,0
DA:16,0
DA:17,0
DA:18,0
DA:19,0
DA:22,0
DA:23,0
DA:24,0
DA:25,0
DA:27,0
DA:28,0
DA:29,0
DA:32,0
DA:34,0
DA:37,0
DA:54,0
DA:55,0
DA:59,0
DA:60,0
DA:61,0
DA:62,0
DA:63,0
DA:68,0
DA:69,0
DA:72,0
DA:73,0
DA:78,0
DA:79,0
LF:28
LH:0
BRDA:32,0,0,0
BRDA:32,0,1,0
BRDA:34,1,0,0
BRDA:34,1,1,0
BRDA:59,2,0,0
BRDA:59,2,1,0
BRDA:68,3,0,0
BRDA:68,3,1,0
BRF:8
BRH:0
end_of_record
TN:
SF:src\hooks\useAudioPlayback.js
FN:3,(anonymous_0)
FN:7,(anonymous_1)
FN:9,(anonymous_2)
FN:16,(anonymous_3)
FN:28,(anonymous_4)
FNF:5
FNH:0
FNDA:0,(anonymous_0)
FNDA:0,(anonymous_1)
FNDA:0,(anonymous_2)
FNDA:0,(anonymous_3)
FNDA:0,(anonymous_4)
DA:3,0
DA:4,0
DA:5,0
DA:7,0
DA:9,0
DA:10,0
DA:11,0
DA:16,0
DA:17,0
DA:19,0
DA:20,0
DA:22,0
DA:25,0
DA:28,0
DA:29,0
DA:32,0
LF:16
LH:0
BRDA:10,0,0,0
BRDA:10,0,1,0
BRDA:17,1,0,0
BRDA:17,1,1,0
BRDA:19,2,0,0
BRDA:19,2,1,0
BRF:6
BRH:0
end_of_record
TN:
SF:src\hooks\useCreatePlaylist.js
FN:8,(anonymous_0)
FN:14,(anonymous_1)
FNF:2
FNH:0
FNDA:0,(anonymous_0)
FNDA:0,(anonymous_1)
DA:8,0
DA:9,0
DA:10,0
DA:11,0
DA:12,0
DA:14,0
DA:15,0
DA:16,0
DA:17,0
DA:20,0
DA:21,0
DA:22,0
DA:25,0
DA:26,0
DA:27,0
DA:30,0
DA:44,0
DA:46,0
DA:47,0
DA:50,0
DA:53,0
DA:56,0
DA:60,0
DA:61,0
DA:64,0
DA:65,0
DA:66,0
DA:68,0
DA:69,0
DA:70,0
DA:71,0
DA:75,0
LF:32
LH:0
BRDA:15,0,0,0
BRDA:15,0,1,0
BRDA:20,1,0,0
BRDA:20,1,1,0
BRDA:32,2,0,0
BRDA:32,2,1,0
BRDA:35,3,0,0
BRDA:35,3,1,0
BRDA:44,4,0,0
BRDA:44,4,1,0
BRF:10
BRH:0
end_of_record
TN:
SF:src\hooks\useDeleteSample.js
FN:11,(anonymous_0)
FN:24,(anonymous_1)
FNF:2
FNH:0
FNDA:0,(anonymous_0)
FNDA:0,(anonymous_1)
DA:11,0
DA:12,0
DA:13,0
DA:24,0
DA:26,0
DA:27,0
DA:34,0
DA:37,0
DA:39,0
DA:41,0
DA:42,0
DA:45,0
DA:46,0
DA:48,0
DA:49,0
DA:50,0
DA:51,0
DA:54,0
DA:60,0
DA:61,0
DA:63,0
DA:64,0
DA:65,0
DA:66,0
DA:69,0
DA:74,0
DA:82,0
DA:84,0
DA:85,0
DA:92,0
DA:94,0
DA:98,0
LF:32
LH:0
BRDA:26,0,0,0
BRDA:26,0,1,0
BRDA:45,1,0,0
BRDA:45,1,1,0
BRDA:49,2,0,0
BRDA:49,2,1,0
BRDA:60,3,0,0
BRDA:60,3,1,0
BRDA:64,4,0,0
BRDA:64,4,1,0
BRF:10
BRH:0
end_of_record
TN:
SF:src\hooks\useDistributedCounter.js
FN:21,(anonymous_0)
FN:29,(anonymous_1)
FN:39,(anonymous_2)
FN:62,(anonymous_3)
FN:93,(anonymous_4)
FN:101,(anonymous_5)
FN:119,(anonymous_6)
FN:129,(anonymous_7)
FN:131,(anonymous_8)
FNF:9
FNH:0
FNDA:0,(anonymous_0)
FNDA:0,(anonymous_1)
FNDA:0,(anonymous_2)
FNDA:0,(anonymous_3)
FNDA:0,(anonymous_4)
FNDA:0,(anonymous_5)
FNDA:0,(anonymous_6)
FNDA:0,(anonymous_7)
FNDA:0,(anonymous_8)
DA:21,0
DA:29,0
DA:30,0
DA:31,0
DA:32,0
DA:35,0
DA:36,0
DA:39,0
DA:40,0
DA:43,0
DA:46,0
DA:47,0
DA:50,0
DA:51,0
DA:62,0
DA:63,0
DA:65,0
DA:66,0
DA:69,0
DA:71,0
DA:73,0
DA:76,0
DA:81,0
DA:82,0
DA:93,0
DA:94,0
DA:96,0
DA:97,0
DA:100,0
DA:101,0
DA:102,0
DA:103,0
DA:106,0
DA:108,0
DA:109,0
DA:119,0
DA:120,0
DA:122,0
DA:123,0
DA:126,0
DA:129,0
DA:130,0
DA:131,0
DA:132,0
DA:133,0
DA:138,0
DA:140,0
DA:141,0
DA:145,0
LF:49
LH:0
BRDA:21,0,0,0
BRDA:29,1,0,0
BRDA:62,2,0,0
BRDA:71,3,0,0
BRDA:71,3,1,0
BRDA:103,4,0,0
BRDA:103,4,1,0
BRDA:132,5,0,0
BRDA:132,5,1,0
BRDA:133,6,0,0
BRDA:133,6,1,0
BRF:11
BRH:0
end_of_record
TN:
SF:src\hooks\useDownloadTrack.js
FN:9,(anonymous_0)
FN:14,(anonymous_1)
FNF:2
FNH:0
FNDA:0,(anonymous_0)
FNDA:0,(anonymous_1)
DA:9,0
DA:10,0
DA:11,0
DA:12,0
DA:14,0
DA:15,0
DA:16,0
DA:23,0
DA:26,0
DA:28,0
DA:30,0
DA:31,0
DA:33,0
DA:34,0
DA:35,0
DA:38,0
DA:42,0
DA:43,0
DA:45,0
DA:48,0
DA:49,0
DA:50,0
DA:53,0
DA:57,0
DA:58,0
DA:59,0
DA:62,0
DA:63,0
DA:66,0
DA:67,0
DA:75,0
DA:83,0
DA:84,0
DA:92,0
DA:96,0
LF:35
LH:0
BRDA:15,0,0,0
BRDA:15,0,1,0
BRDA:15,1,0,0
BRDA:15,1,1,0
BRDA:31,2,0,0
BRDA:31,2,1,0
BRDA:43,3,0,0
BRDA:43,3,1,0
BRDA:53,4,0,0
BRDA:53,4,1,0
BRDA:66,5,0,0
BRDA:66,5,1,0
BRDA:70,6,0,0
BRDA:70,6,1,0
BRDA:77,7,0,0
BRDA:77,7,1,0
BRF:16
BRH:0
end_of_record
TN:
SF:src\hooks\useExploreData.js
FN:8,(anonymous_0)
FN:19,(anonymous_1)
FN:29,(anonymous_2)
FN:50,(anonymous_3)
FN:62,(anonymous_4)
FN:65,(anonymous_5)
FN:87,(anonymous_6)
FN:108,(anonymous_7)
FN:111,(anonymous_8)
FN:123,(anonymous_9)
FN:142,(anonymous_10)
FN:160,(anonymous_11)
FN:162,(anonymous_12)
FN:165,(anonymous_13)
FN:199,(anonymous_14)
FN:206,(anonymous_15)
FN:233,(anonymous_16)
FN:266,(anonymous_17)
FN:272,(anonymous_18)
FN:273,(anonymous_19)
FN:294,(anonymous_20)
FN:333,(anonymous_21)
FN:357,(anonymous_22)
FN:366,(anonymous_23)
FN:374,(anonymous_24)
FN:393,(anonymous_25)
FN:404,(anonymous_26)
FN:418,(anonymous_27)
FN:419,(anonymous_28)
FN:424,(anonymous_29)
FNF:30
FNH:0
FNDA:0,(anonymous_0)
FNDA:0,(anonymous_1)
FNDA:0,(anonymous_2)
FNDA:0,(anonymous_3)
FNDA:0,(anonymous_4)
FNDA:0,(anonymous_5)
FNDA:0,(anonymous_6)
FNDA:0,(anonymous_7)
FNDA:0,(anonymous_8)
FNDA:0,(anonymous_9)
FNDA:0,(anonymous_10)
FNDA:0,(anonymous_11)
FNDA:0,(anonymous_12)
FNDA:0,(anonymous_13)
FNDA:0,(anonymous_14)
FNDA:0,(anonymous_15)
FNDA:0,(anonymous_16)
FNDA:0,(anonymous_17)
FNDA:0,(anonymous_18)
FNDA:0,(anonymous_19)
FNDA:0,(anonymous_20)
FNDA:0,(anonymous_21)
FNDA:0,(anonymous_22)
FNDA:0,(anonymous_23)
FNDA:0,(anonymous_24)
FNDA:0,(anonymous_25)
FNDA:0,(anonymous_26)
FNDA:0,(anonymous_27)
FNDA:0,(anonymous_28)
FNDA:0,(anonymous_29)
DA:8,0
DA:9,0
DA:10,0
DA:11,0
DA:12,0
DA:13,0
DA:14,0
DA:15,0
DA:16,0
DA:19,0
DA:20,0
DA:21,0
DA:22,0
DA:23,0
DA:25,0
DA:29,0
DA:30,0
DA:32,0
DA:34,0
DA:36,0
DA:37,0
DA:40,0
DA:41,0
DA:44,0
DA:45,0
DA:48,0
DA:50,0
DA:51,0
DA:54,0
DA:55,0
DA:60,0
DA:62,0
DA:63,0
DA:64,0
DA:65,0
DA:67,0
DA:68,0
DA:69,0
DA:77,0
DA:83,0
DA:86,0
DA:87,0
DA:88,0
DA:89,0
DA:90,0
DA:95,0
DA:96,0
DA:98,0
DA:99,0
DA:101,0
DA:106,0
DA:108,0
DA:109,0
DA:110,0
DA:111,0
DA:112,0
DA:113,0
DA:114,0
DA:122,0
DA:123,0
DA:125,0
DA:126,0
DA:131,0
DA:136,0
DA:137,0
DA:142,0
DA:143,0
DA:144,0
DA:146,0
DA:147,0
DA:150,0
DA:153,0
DA:154,0
DA:155,0
DA:159,0
DA:160,0
DA:162,0
DA:165,0
DA:168,0
DA:169,0
DA:170,0
DA:171,0
DA:172,0
DA:176,0
DA:179,0
DA:180,0
DA:182,0
DA:183,0
DA:186,0
DA:187,0
DA:188,0
DA:190,0
DA:197,0
DA:199,0
DA:200,0
DA:202,0
DA:203,0
DA:205,0
DA:206,0
DA:207,0
DA:208,0
DA:214,0
DA:215,0
DA:217,0
DA:224,0
DA:229,0
DA:230,0
DA:232,0
DA:233,0
DA:237,0
DA:238,0
DA:239,0
DA:241,0
DA:242,0
DA:244,0
DA:245,0
DA:247,0
DA:249,0
DA:253,0
DA:254,0
DA:255,0
DA:256,0
DA:258,0
DA:264,0
DA:265,0
DA:266,0
DA:272,0
DA:273,0
DA:276,0
DA:279,0
DA:280,0
DA:281,0
DA:284,0
DA:285,0
DA:287,0
DA:289,0
DA:294,0
DA:295,0
DA:296,0
DA:298,0
DA:299,0
DA:302,0
DA:305,0
DA:312,0
DA:315,0
DA:316,0
DA:322,0
DA:323,0
DA:328,0
DA:329,0
DA:330,0
DA:333,0
DA:339,0
DA:342,0
DA:344,0
DA:345,0
DA:346,0
DA:349,0
DA:350,0
DA:352,0
DA:357,0
DA:358,0
DA:359,0
DA:361,0
DA:366,0
DA:367,0
DA:369,0
DA:370,0
DA:371,0
DA:374,0
DA:375,0
DA:378,0
DA:381,0
DA:388,0
DA:390,0
DA:391,0
DA:393,0
DA:399,0
DA:402,0
DA:404,0
DA:405,0
DA:406,0
DA:410,0
DA:411,0
DA:413,0
DA:418,0
DA:419,0
DA:420,0
DA:424,0
DA:425,0
DA:428,0
LF:191
LH:0
BRDA:8,0,0,0
BRDA:30,1,0,0
BRDA:30,1,1,0
BRDA:36,2,0,0
BRDA:36,2,1,0
BRDA:41,3,0,0
BRDA:41,3,1,0
BRDA:48,4,0,0
BRDA:48,4,1,0
BRDA:54,5,0,0
BRDA:54,5,1,0
BRDA:64,6,0,0
BRDA:64,6,1,0
BRDA:64,7,0,0
BRDA:64,7,1,0
BRDA:68,8,0,0
BRDA:68,8,1,0
BRDA:89,9,0,0
BRDA:89,9,1,0
BRDA:89,10,0,0
BRDA:89,10,1,0
BRDA:95,11,0,0
BRDA:95,11,1,0
BRDA:99,12,0,0
BRDA:99,12,1,0
BRDA:110,13,0,0
BRDA:110,13,1,0
BRDA:110,14,0,0
BRDA:110,14,1,0
BRDA:113,15,0,0
BRDA:113,15,1,0
BRDA:126,16,0,0
BRDA:126,16,1,0
BRDA:133,17,0,0
BRDA:133,17,1,0
BRDA:150,18,0,0
BRDA:150,18,1,0
BRDA:153,19,0,0
BRDA:153,19,1,0
BRDA:168,20,0,0
BRDA:168,20,1,0
BRDA:171,21,0,0
BRDA:171,21,1,0
BRDA:183,22,0,0
BRDA:183,22,1,0
BRDA:200,23,0,0
BRDA:200,23,1,0
BRDA:200,24,0,0
BRDA:200,24,1,0
BRDA:205,25,0,0
BRDA:205,25,1,0
BRDA:205,26,0,0
BRDA:205,26,1,0
BRDA:207,27,0,0
BRDA:207,27,1,0
BRDA:229,28,0,0
BRDA:229,28,1,0
BRDA:237,29,0,0
BRDA:237,29,1,0
BRDA:237,30,0,0
BRDA:237,30,1,0
BRDA:253,31,0,0
BRDA:253,31,1,0
BRDA:272,32,0,0
BRDA:272,32,1,0
BRDA:315,33,0,0
BRDA:315,33,1,0
BRDA:328,34,0,0
BRDA:328,34,1,0
BRDA:358,35,0,0
BRDA:358,35,1,0
BRDA:367,36,0,0
BRDA:367,36,1,0
BRDA:371,37,0,0
BRDA:371,37,1,0
BRDA:378,38,0,0
BRDA:378,38,1,0
BRDA:390,39,0,0
BRDA:390,39,1,0
BRF:79
BRH:0
end_of_record
TN:
SF:src\hooks\useFindUsers.js
FN:12,(anonymous_0)
FN:17,(anonymous_1)
FN:27,(anonymous_2)
FN:32,(anonymous_3)
FN:40,(anonymous_4)
FN:41,(anonymous_5)
FN:52,(anonymous_6)
FN:53,(anonymous_7)
FN:53,(anonymous_8)
FN:57,(anonymous_9)
FN:63,(anonymous_10)
FN:114,(anonymous_11)
FN:115,(anonymous_12)
FN:128,(anonymous_13)
FN:129,(anonymous_14)
FN:135,(anonymous_15)
FN:180,(anonymous_16)
FNF:17
FNH:0
FNDA:0,(anonymous_0)
FNDA:0,(anonymous_1)
FNDA:0,(anonymous_2)
FNDA:0,(anonymous_3)
FNDA:0,(anonymous_4)
FNDA:0,(anonymous_5)
FNDA:0,(anonymous_6)
FNDA:0,(anonymous_7)
FNDA:0,(anonymous_8)
FNDA:0,(anonymous_9)
FNDA:0,(anonymous_10)
FNDA:0,(anonymous_11)
FNDA:0,(anonymous_12)
FNDA:0,(anonymous_13)
FNDA:0,(anonymous_14)
FNDA:0,(anonymous_15)
FNDA:0,(anonymous_16)
DA:9,0
DA:10,0
DA:12,0
DA:13,0
DA:14,0
DA:15,0
DA:16,0
DA:17,0
DA:18,0
DA:19,0
DA:20,0
DA:22,0
DA:27,0
DA:28,0
DA:32,0
DA:33,0
DA:36,0
DA:37,0
DA:40,0
DA:41,0
DA:42,0
DA:44,0
DA:52,0
DA:53,0
DA:57,0
DA:58,0
DA:59,0
DA:63,0
DA:64,0
DA:65,0
DA:66,0
DA:69,0
DA:70,0
DA:71,0
DA:74,0
DA:75,0
DA:77,0
DA:78,0
DA:79,0
DA:80,0
DA:83,0
DA:84,0
DA:85,0
DA:88,0
DA:89,0
DA:92,0
DA:100,0
DA:108,0
DA:114,0
DA:115,0
DA:121,0
DA:122,0
DA:125,0
DA:128,0
DA:129,0
DA:130,0
DA:135,0
DA:137,0
DA:138,0
DA:140,0
DA:141,0
DA:144,0
DA:145,0
DA:147,0
DA:148,0
DA:151,0
DA:152,0
DA:154,0
DA:155,0
DA:157,0
DA:161,0
DA:164,0
DA:170,0
DA:172,0
DA:173,0
DA:175,0
DA:180,0
DA:181,0
DA:182,0
DA:185,0
LF:80
LH:0
BRDA:20,0,0,0
BRDA:20,0,1,0
BRDA:33,1,0,0
BRDA:33,1,1,0
BRDA:36,2,0,0
BRDA:36,2,1,0
BRDA:37,3,0,0
BRDA:37,3,1,0
BRDA:64,4,0,0
BRDA:64,4,1,0
BRDA:64,5,0,0
BRDA:64,5,1,0
BRDA:77,6,0,0
BRDA:77,6,1,0
BRDA:77,7,0,0
BRDA:77,7,1,0
BRDA:129,8,0,0
BRDA:129,8,1,0
BRDA:137,9,0,0
BRDA:137,9,1,0
BRDA:138,10,0,0
BRDA:138,10,1,0
BRDA:140,11,0,0
BRDA:140,11,1,0
BRDA:140,12,0,0
BRDA:140,12,1,0
BRDA:141,13,0,0
BRDA:141,13,1,0
BRDA:141,14,0,0
BRDA:141,14,1,0
BRDA:144,15,0,0
BRDA:144,15,1,0
BRDA:145,16,0,0
BRDA:145,16,1,0
BRDA:147,17,0,0
BRDA:147,17,1,0
BRDA:147,18,0,0
BRDA:147,18,1,0
BRDA:148,19,0,0
BRDA:148,19,1,0
BRDA:148,20,0,0
BRDA:148,20,1,0
BRDA:151,21,0,0
BRDA:151,21,1,0
BRDA:152,22,0,0
BRDA:152,22,1,0
BRDA:154,23,0,0
BRDA:154,23,1,0
BRDA:154,24,0,0
BRDA:154,24,1,0
BRDA:155,25,0,0
BRDA:155,25,1,0
BRDA:155,26,0,0
BRDA:155,26,1,0
BRF:54
BRH:0
end_of_record
TN:
SF:src\hooks\useFollowUser.js
FN:9,(anonymous_0)
FN:14,(anonymous_1)
FN:28,(anonymous_2)
FN:86,(anonymous_3)
FN:100,(anonymous_4)
FN:126,(anonymous_5)
FN:130,(anonymous_6)
FN:158,(anonymous_7)
FNF:8
FNH:0
FNDA:0,(anonymous_0)
FNDA:0,(anonymous_1)
FNDA:0,(anonymous_2)
FNDA:0,(anonymous_3)
FNDA:0,(anonymous_4)
FNDA:0,(anonymous_5)
FNDA:0,(anonymous_6)
FNDA:0,(anonymous_7)
DA:9,1
DA:10,0
DA:11,0
DA:12,0
DA:14,0
DA:15,0
DA:16,0
DA:23,0
DA:26,0
DA:27,0
DA:28,0
DA:29,0
DA:30,0
DA:32,0
DA:33,0
DA:36,0
DA:37,0
DA:39,0
DA:40,0
DA:43,0
DA:44,0
DA:46,0
DA:47,0
DA:49,0
DA:50,0
DA:53,0
DA:57,0
DA:62,0
DA:70,0
DA:72,0
DA:73,0
DA:80,0
DA:82,0
DA:86,0
DA:87,0
DA:88,0
DA:95,0
DA:98,0
DA:99,0
DA:100,0
DA:101,0
DA:102,0
DA:104,0
DA:105,0
DA:108,0
DA:109,0
DA:111,0
DA:112,0
DA:115,0
DA:116,0
DA:118,0
DA:119,0
DA:121,0
DA:122,0
DA:125,0
DA:126,0
DA:129,0
DA:130,0
DA:134,0
DA:142,0
DA:144,0
DA:145,0
DA:152,0
DA:154,0
DA:158,0
DA:159,0
DA:161,0
DA:162,0
DA:163,0
DA:165,0
DA:167,0
DA:168,0
DA:170,0
DA:172,0
DA:173,0
DA:177,0
LF:76
LH:1
BRDA:15,0,0,0
BRDA:15,0,1,0
BRDA:32,1,0,0
BRDA:32,1,1,0
BRDA:39,2,0,0
BRDA:39,2,1,0
BRDA:44,3,0,0
BRDA:44,3,1,0
BRDA:47,4,0,0
BRDA:47,4,1,0
BRDA:49,5,0,0
BRDA:49,5,1,0
BRDA:87,6,0,0
BRDA:87,6,1,0
BRDA:104,7,0,0
BRDA:104,7,1,0
BRDA:111,8,0,0
BRDA:111,8,1,0
BRDA:116,9,0,0
BRDA:116,9,1,0
BRDA:119,10,0,0
BRDA:119,10,1,0
BRDA:121,11,0,0
BRDA:121,11,1,0
BRDA:159,12,0,0
BRDA:159,12,1,0
BRDA:159,13,0,0
BRDA:159,13,1,0
BRDA:165,14,0,0
BRDA:165,14,1,0
BRDA:168,15,0,0
BRDA:168,15,1,0
BRF:32
BRH:0
end_of_record
TN:
SF:src\hooks\useFollowedProducersSamples.js
FN:16,(anonymous_0)
FN:22,(anonymous_1)
FN:23,(anonymous_2)
FN:66,(anonymous_3)
FN:84,(anonymous_4)
FN:104,(anonymous_5)
FN:116,(anonymous_6)
FNF:7
FNH:0
FNDA:0,(anonymous_0)
FNDA:0,(anonymous_1)
FNDA:0,(anonymous_2)
FNDA:0,(anonymous_3)
FNDA:0,(anonymous_4)
FNDA:0,(anonymous_5)
FNDA:0,(anonymous_6)
DA:16,0
DA:17,0
DA:18,0
DA:19,0
DA:20,0
DA:22,0
DA:23,0
DA:24,0
DA:25,0
DA:26,0
DA:29,0
DA:30,0
DA:33,0
DA:34,0
DA:36,0
DA:37,0
DA:38,0
DA:39,0
DA:42,0
DA:43,0
DA:45,0
DA:47,0
DA:48,0
DA:49,0
DA:50,0
DA:51,0
DA:56,0
DA:58,0
DA:59,0
DA:60,0
DA:65,0
DA:66,0
DA:67,0
DA:74,0
DA:77,0
DA:78,0
DA:79,0
DA:80,0
DA:84,0
DA:85,0
DA:88,0
DA:91,0
DA:92,0
DA:95,0
DA:102,0
DA:104,0
DA:105,0
DA:112,0
DA:115,0
DA:116,0
DA:119,0
DA:121,0
DA:122,0
DA:124,0
DA:128,0
DA:131,0
LF:56
LH:0
BRDA:16,0,0,0
BRDA:24,1,0,0
BRDA:24,1,1,0
BRDA:36,2,0,0
BRDA:36,2,1,0
BRDA:43,3,0,0
BRDA:43,3,1,0
BRDA:47,4,0,0
BRDA:47,4,1,0
BRDA:77,5,0,0
BRDA:77,5,1,0
BRDA:116,6,0,0
BRDA:116,6,1,0
BRDA:116,7,0,0
BRDA:116,7,1,0
BRF:15
BRH:0
end_of_record
TN:
SF:src\hooks\useLikeSample.js
FN:21,(anonymous_0)
FN:29,(anonymous_1)
FN:30,(anonymous_2)
FN:57,(anonymous_3)
FN:73,(anonymous_4)
FN:100,(anonymous_5)
FN:108,(anonymous_6)
FNF:7
FNH:0
FNDA:0,(anonymous_0)
FNDA:0,(anonymous_1)
FNDA:0,(anonymous_2)
FNDA:0,(anonymous_3)
FNDA:0,(anonymous_4)
FNDA:0,(anonymous_5)
FNDA:0,(anonymous_6)
DA:21,0
DA:22,0
DA:23,0
DA:24,0
DA:25,0
DA:26,0
DA:29,0
DA:30,0
DA:31,0
DA:33,0
DA:35,0
DA:36,0
DA:37,0
DA:38,0
DA:39,0
DA:43,0
DA:44,0
DA:45,0
DA:46,0
DA:49,0
DA:53,0
DA:57,0
DA:58,0
DA:59,0
DA:66,0
DA:69,0
DA:71,0
DA:73,0
DA:75,0
DA:76,0
DA:78,0
DA:79,0
DA:83,0
DA:84,0
DA:86,0
DA:87,0
DA:90,0
DA:91,0
DA:94,0
DA:96,0
DA:97,0
DA:100,0
DA:101,0
DA:104,0
DA:105,0
DA:108,0
DA:109,0
DA:114,0
DA:122,0
DA:123,0
DA:131,0
DA:135,0
LF:52
LH:0
BRDA:31,0,0,0
BRDA:31,0,1,0
BRDA:31,1,0,0
BRDA:31,1,1,0
BRDA:36,2,0,0
BRDA:36,2,1,0
BRDA:38,3,0,0
BRDA:38,3,1,0
BRDA:44,4,0,0
BRDA:44,4,1,0
BRDA:46,5,0,0
BRDA:46,5,1,0
BRDA:58,6,0,0
BRDA:58,6,1,0
BRDA:78,7,0,0
BRDA:78,7,1,0
BRDA:86,8,0,0
BRDA:86,8,1,0
BRDA:91,9,0,0
BRDA:91,9,1,0
BRDA:94,10,0,0
BRDA:94,10,1,0
BRDA:118,11,0,0
BRDA:118,11,1,0
BRF:24
BRH:0
end_of_record
TN:
SF:src\hooks\useLogout.js
FN:6,(anonymous_0)
FN:10,(anonymous_1)
FNF:2
FNH:0
FNDA:0,(anonymous_0)
FNDA:0,(anonymous_1)
DA:6,0
DA:7,0
DA:8,0
DA:10,0
DA:11,0
DA:12,0
DA:13,0
DA:15,0
DA:17,0
DA:21,0
LF:10
LH:0
BRF:0
BRH:0
end_of_record
TN:
SF:src\hooks\usePlaylistData.js
FN:8,(anonymous_0)
FN:15,(anonymous_1)
FN:56,(anonymous_2)
FNF:3
FNH:0
FNDA:0,(anonymous_0)
FNDA:0,(anonymous_1)
FNDA:0,(anonymous_2)
DA:8,0
DA:9,0
DA:10,0
DA:11,0
DA:12,0
DA:13,0
DA:15,0
DA:17,0
DA:18,0
DA:25,0
DA:28,0
DA:29,0
DA:36,0
DA:39,0
DA:41,0
DA:43,0
DA:44,0
DA:46,0
DA:47,0
DA:50,0
DA:53,0
DA:56,0
DA:57,0
DA:58,0
DA:65,0
DA:66,0
DA:70,0
DA:81,0
DA:82,0
DA:86,0
DA:87,0
DA:89,0
DA:93,0
DA:97,0
DA:105,0
DA:107,0
DA:108,0
DA:115,0
DA:117,0
DA:121,0
LF:40
LH:0
BRDA:17,0,0,0
BRDA:17,0,1,0
BRDA:28,1,0,0
BRDA:28,1,1,0
BRDA:46,2,0,0
BRDA:46,2,1,0
BRDA:53,3,0,0
BRDA:53,3,1,0
BRDA:57,4,0,0
BRDA:57,4,1,0
BRDA:72,5,0,0
BRDA:72,5,1,0
BRDA:74,6,0,0
BRDA:74,6,1,0
BRDA:75,7,0,0
BRDA:75,7,1,0
BRDA:77,8,0,0
BRDA:77,8,1,0
BRDA:81,9,0,0
BRDA:81,9,1,0
BRDA:86,10,0,0
BRDA:86,10,1,0
BRF:22
BRH:0
end_of_record
TN:
SF:src\hooks\usePopularSamples.js
FN:16,(anonymous_0)
FN:21,(anonymous_1)
FN:22,(anonymous_2)
FN:54,(anonymous_3)
FNF:4
FNH:0
FNDA:0,(anonymous_0)
FNDA:0,(anonymous_1)
FNDA:0,(anonymous_2)
FNDA:0,(anonymous_3)
DA:16,0
DA:17,0
DA:18,0
DA:19,0
DA:21,0
DA:22,0
DA:23,0
DA:24,0
DA:27,0
DA:28,0
DA:35,0
DA:37,0
DA:43,0
DA:51,0
DA:52,0
DA:54,0
DA:55,0
DA:56,0
DA:63,0
DA:66,0
DA:67,0
DA:69,0
DA:73,0
DA:77,0
LF:24
LH:0
BRDA:16,0,0,0
BRDA:16,1,0,0
BRDA:28,2,0,0
BRDA:28,2,1,0
BRDA:35,3,0,0
BRDA:35,3,1,0
BRDA:59,4,0,0
BRDA:59,4,1,0
BRDA:59,4,2,0
BRF:9
BRH:0
end_of_record
TN:
SF:src\hooks\usePopularUsers.js
FN:16,(anonymous_0)
FN:21,(anonymous_1)
FN:22,(anonymous_2)
FN:36,(anonymous_3)
FNF:4
FNH:0
FNDA:0,(anonymous_0)
FNDA:0,(anonymous_1)
FNDA:0,(anonymous_2)
FNDA:0,(anonymous_3)
DA:16,0
DA:17,0
DA:18,0
DA:19,0
DA:21,0
DA:22,0
DA:23,0
DA:24,0
DA:27,0
DA:33,0
DA:34,0
DA:36,0
DA:37,0
DA:40,0
DA:41,0
DA:51,0
DA:53,0
DA:54,0
DA:56,0
DA:60,0
DA:63,0
LF:21
LH:0
BRDA:16,0,0,0
BRDA:40,1,0,0
BRDA:40,1,1,0
BRDA:44,2,0,0
BRDA:44,2,1,0
BRDA:44,2,2,0
BRDA:46,3,0,0
BRDA:46,3,1,0
BRF:8
BRH:0
end_of_record
TN:
SF:src\hooks\useProfileData.js
FN:8,useProfileData
FN:15,(anonymous_1)
FN:16,(anonymous_2)
FN:36,(anonymous_3)
FN:66,(anonymous_4)
FNF:5
FNH:0
FNDA:0,useProfileData
FNDA:0,(anonymous_1)
FNDA:0,(anonymous_2)
FNDA:0,(anonymous_3)
FNDA:0,(anonymous_4)
DA:9,0
DA:10,0
DA:11,0
DA:12,0
DA:15,0
DA:16,0
DA:17,0
DA:19,0
DA:20,0
DA:21,0
DA:22,0
DA:23,0
DA:25,0
DA:27,0
DA:28,0
DA:32,0
DA:36,0
DA:37,0
DA:39,0
DA:40,0
DA:42,0
DA:43,0
DA:44,0
DA:45,0
DA:48,0
DA:49,0
DA:52,0
DA:56,0
DA:58,0
DA:62,0
DA:63,0
DA:66,0
DA:71,0
DA:79,0
DA:80,0
DA:82,0
DA:83,0
DA:90,0
DA:91,0
DA:95,0
LF:40
LH:0
BRDA:17,0,0,0
BRDA:17,0,1,0
BRDA:22,1,0,0
BRDA:22,1,1,0
BRDA:37,2,0,0
BRDA:37,2,1,0
BRDA:42,3,0,0
BRDA:42,3,1,0
BRDA:53,4,0,0
BRDA:53,4,1,0
BRDA:56,5,0,0
BRDA:56,5,1,0
BRDA:56,6,0,0
BRDA:56,6,1,0
BRF:14
BRH:0
end_of_record
TN:
SF:src\hooks\usePublicPlaylists.js
FN:12,(anonymous_0)
FN:17,(anonymous_1)
FN:18,(anonymous_2)
FN:32,(anonymous_3)
FNF:4
FNH:0
FNDA:0,(anonymous_0)
FNDA:0,(anonymous_1)
FNDA:0,(anonymous_2)
FNDA:0,(anonymous_3)
DA:12,0
DA:13,0
DA:14,0
DA:15,0
DA:17,0
DA:18,0
DA:19,0
DA:20,0
DA:23,0
DA:30,0
DA:32,0
DA:37,0
DA:38,0
DA:40,0
DA:41,0
DA:42,0
DA:44,0
DA:48,0
DA:51,0
LF:19
LH:0
BRDA:12,0,0,0
BRF:1
BRH:0
end_of_record
TN:
SF:src\hooks\useSampleRecommendations.js
FN:11,(anonymous_0)
FN:28,(anonymous_1)
FN:49,(anonymous_2)
FN:59,(anonymous_3)
FN:62,(anonymous_4)
FN:83,(anonymous_5)
FN:96,(anonymous_6)
FN:99,(anonymous_7)
FN:114,(anonymous_8)
FN:133,(anonymous_9)
FN:178,(anonymous_10)
FN:184,(anonymous_11)
FN:188,(anonymous_12)
FN:196,(anonymous_13)
FN:198,(anonymous_14)
FN:202,(anonymous_15)
FN:222,(anonymous_16)
FN:229,(anonymous_17)
FN:257,(anonymous_18)
FN:263,(anonymous_19)
FN:271,(anonymous_20)
FN:276,(anonymous_21)
FN:287,(anonymous_22)
FN:295,(anonymous_23)
FN:302,(anonymous_24)
FN:303,(anonymous_25)
FNF:26
FNH:0
FNDA:0,(anonymous_0)
FNDA:0,(anonymous_1)
FNDA:0,(anonymous_2)
FNDA:0,(anonymous_3)
FNDA:0,(anonymous_4)
FNDA:0,(anonymous_5)
FNDA:0,(anonymous_6)
FNDA:0,(anonymous_7)
FNDA:0,(anonymous_8)
FNDA:0,(anonymous_9)
FNDA:0,(anonymous_10)
FNDA:0,(anonymous_11)
FNDA:0,(anonymous_12)
FNDA:0,(anonymous_13)
FNDA:0,(anonymous_14)
FNDA:0,(anonymous_15)
FNDA:0,(anonymous_16)
FNDA:0,(anonymous_17)
FNDA:0,(anonymous_18)
FNDA:0,(anonymous_19)
FNDA:0,(anonymous_20)
FNDA:0,(anonymous_21)
FNDA:0,(anonymous_22)
FNDA:0,(anonymous_23)
FNDA:0,(anonymous_24)
FNDA:0,(anonymous_25)
DA:11,0
DA:12,0
DA:13,0
DA:14,0
DA:15,0
DA:16,0
DA:17,0
DA:19,0
DA:22,0
DA:28,0
DA:29,0
DA:31,0
DA:33,0
DA:35,0
DA:36,0
DA:39,0
DA:40,0
DA:43,0
DA:44,0
DA:47,0
DA:49,0
DA:50,0
DA:52,0
DA:57,0
DA:59,0
DA:60,0
DA:61,0
DA:62,0
DA:64,0
DA:65,0
DA:66,0
DA:74,0
DA:80,0
DA:83,0
DA:85,0
DA:86,0
DA:88,0
DA:89,0
DA:94,0
DA:96,0
DA:97,0
DA:98,0
DA:99,0
DA:101,0
DA:102,0
DA:103,0
DA:112,0
DA:113,0
DA:114,0
DA:116,0
DA:117,0
DA:122,0
DA:127,0
DA:128,0
DA:133,0
DA:135,0
DA:136,0
DA:137,0
DA:138,0
DA:141,0
DA:143,0
DA:144,0
DA:145,0
DA:146,0
DA:149,0
DA:150,0
DA:152,0
DA:154,0
DA:155,0
DA:158,0
DA:162,0
DA:163,0
DA:164,0
DA:168,0
DA:170,0
DA:176,0
DA:177,0
DA:178,0
DA:184,0
DA:187,0
DA:188,0
DA:189,0
DA:190,0
DA:191,0
DA:195,0
DA:196,0
DA:198,0
DA:202,0
DA:203,0
DA:207,0
DA:208,0
DA:210,0
DA:211,0
DA:213,0
DA:220,0
DA:222,0
DA:223,0
DA:225,0
DA:226,0
DA:228,0
DA:229,0
DA:230,0
DA:231,0
DA:236,0
DA:243,0
DA:248,0
DA:249,0
DA:255,0
DA:256,0
DA:257,0
DA:263,0
DA:266,0
DA:270,0
DA:271,0
DA:275,0
DA:276,0
DA:277,0
DA:279,0
DA:280,0
DA:282,0
DA:287,0
DA:289,0
DA:290,0
DA:295,0
DA:296,0
DA:297,0
DA:302,0
DA:303,0
DA:306,0
LF:129
LH:0
BRDA:11,0,0,0
BRDA:29,1,0,0
BRDA:29,1,1,0
BRDA:35,2,0,0
BRDA:35,2,1,0
BRDA:40,3,0,0
BRDA:40,3,1,0
BRDA:47,4,0,0
BRDA:47,4,1,0
BRDA:61,5,0,0
BRDA:61,5,1,0
BRDA:61,6,0,0
BRDA:61,6,1,0
BRDA:65,7,0,0
BRDA:65,7,1,0
BRDA:85,8,0,0
BRDA:85,8,1,0
BRDA:98,9,0,0
BRDA:98,9,1,0
BRDA:98,10,0,0
BRDA:98,10,1,0
BRDA:101,11,0,0
BRDA:101,11,1,0
BRDA:102,12,0,0
BRDA:102,12,1,0
BRDA:117,13,0,0
BRDA:117,13,1,0
BRDA:136,14,0,0
BRDA:136,14,1,0
BRDA:136,15,0,0
BRDA:136,15,1,0
BRDA:143,16,0,0
BRDA:143,16,1,0
BRDA:163,17,0,0
BRDA:163,17,1,0
BRDA:163,18,0,0
BRDA:163,18,1,0
BRDA:168,19,0,0
BRDA:168,19,1,0
BRDA:211,20,0,0
BRDA:211,20,1,0
BRDA:223,21,0,0
BRDA:223,21,1,0
BRDA:223,22,0,0
BRDA:223,22,1,0
BRDA:228,23,0,0
BRDA:228,23,1,0
BRDA:228,24,0,0
BRDA:228,24,1,0
BRDA:230,25,0,0
BRDA:230,25,1,0
BRDA:248,26,0,0
BRDA:248,26,1,0
BRDA:263,27,0,0
BRDA:263,27,1,0
BRDA:289,28,0,0
BRDA:289,28,1,0
BRDA:289,29,0,0
BRDA:289,29,1,0
BRDA:296,30,0,0
BRDA:296,30,1,0
BRF:61
BRH:0
end_of_record
TN:
SF:src\hooks\useSamplesData.js
FN:15,(anonymous_0)
FN:25,(anonymous_1)
FN:29,(anonymous_2)
FN:43,(anonymous_3)
FN:46,(anonymous_4)
FN:51,(anonymous_5)
FN:56,(anonymous_6)
FN:73,(anonymous_7)
FN:187,(anonymous_8)
FN:199,(anonymous_9)
FN:220,(anonymous_10)
FN:226,(anonymous_11)
FN:239,(anonymous_12)
FN:243,(anonymous_13)
FN:260,(anonymous_14)
FN:267,(anonymous_15)
FN:268,(anonymous_16)
FN:301,(anonymous_17)
FN:310,(anonymous_18)
FN:325,(anonymous_19)
FN:332,(anonymous_20)
FN:347,(anonymous_21)
FN:363,(anonymous_22)
FN:423,(anonymous_23)
FN:429,(anonymous_24)
FNF:25
FNH:0
FNDA:0,(anonymous_0)
FNDA:0,(anonymous_1)
FNDA:0,(anonymous_2)
FNDA:0,(anonymous_3)
FNDA:0,(anonymous_4)
FNDA:0,(anonymous_5)
FNDA:0,(anonymous_6)
FNDA:0,(anonymous_7)
FNDA:0,(anonymous_8)
FNDA:0,(anonymous_9)
FNDA:0,(anonymous_10)
FNDA:0,(anonymous_11)
FNDA:0,(anonymous_12)
FNDA:0,(anonymous_13)
FNDA:0,(anonymous_14)
FNDA:0,(anonymous_15)
FNDA:0,(anonymous_16)
FNDA:0,(anonymous_17)
FNDA:0,(anonymous_18)
FNDA:0,(anonymous_19)
FNDA:0,(anonymous_20)
FNDA:0,(anonymous_21)
FNDA:0,(anonymous_22)
FNDA:0,(anonymous_23)
FNDA:0,(anonymous_24)
DA:6,0
DA:15,0
DA:16,0
DA:17,0
DA:18,0
DA:21,0
DA:25,0
DA:26,0
DA:29,0
DA:30,0
DA:31,0
DA:32,0
DA:33,0
DA:34,0
DA:35,0
DA:36,0
DA:37,0
DA:38,0
DA:39,0
DA:40,0
DA:43,0
DA:46,0
DA:47,0
DA:51,0
DA:52,0
DA:56,0
DA:57,0
DA:63,0
DA:69,0
DA:73,0
DA:75,0
DA:78,0
DA:79,0
DA:82,0
DA:83,0
DA:84,0
DA:85,0
DA:89,0
DA:90,0
DA:91,0
DA:92,0
DA:96,0
DA:103,0
DA:104,0
DA:106,0
DA:108,0
DA:109,0
DA:111,0
DA:116,0
DA:120,0
DA:123,0
DA:126,0
DA:127,0
DA:134,0
DA:143,0
DA:144,0
DA:146,0
DA:149,0
DA:150,0
DA:151,0
DA:152,0
DA:159,0
DA:165,0
DA:167,0
DA:172,0
DA:173,0
DA:174,0
DA:175,0
DA:176,0
DA:178,0
DA:181,0
DA:182,0
DA:183,0
DA:187,0
DA:194,0
DA:198,0
DA:199,0
DA:200,0
DA:202,0
DA:203,0
DA:205,0
DA:215,0
DA:219,0
DA:220,0
DA:221,0
DA:222,0
DA:223,0
DA:225,0
DA:226,0
DA:227,0
DA:228,0
DA:229,0
DA:235,0
DA:236,0
DA:237,0
DA:239,0
DA:240,0
DA:244,0
DA:249,0
DA:251,0
DA:252,0
DA:257,0
DA:258,0
DA:260,0
DA:262,0
DA:263,0
DA:267,0
DA:268,0
DA:269,0
DA:274,0
DA:277,0
DA:278,0
DA:283,0
DA:285,0
DA:288,0
DA:289,0
DA:293,0
DA:294,0
DA:297,0
DA:301,0
DA:303,0
DA:304,0
DA:307,0
DA:309,0
DA:310,0
DA:312,0
DA:316,0
DA:317,0
DA:319,0
DA:320,0
DA:325,0
DA:326,0
DA:327,0
DA:332,0
DA:333,0
DA:334,0
DA:335,0
DA:337,0
DA:339,0
DA:340,0
DA:341,0
DA:347,0
DA:348,0
DA:350,0
DA:351,0
DA:353,0
DA:354,0
DA:357,0
DA:363,0
DA:364,0
DA:365,0
DA:366,0
DA:367,0
DA:370,0
DA:371,0
DA:372,0
DA:373,0
DA:375,0
DA:376,0
DA:379,0
DA:381,0
DA:382,0
DA:385,0
DA:387,0
DA:396,0
DA:397,0
DA:401,0
DA:402,0
DA:403,0
DA:404,0
DA:405,0
DA:410,0
DA:411,0
DA:414,0
DA:415,0
DA:417,0
DA:418,0
DA:423,0
DA:424,0
DA:425,0
DA:428,0
DA:429,0
DA:430,0
DA:431,0
DA:434,0
DA:438,0
LF:186
LH:0
BRDA:17,0,0,0
BRDA:17,0,1,0
BRDA:29,1,0,0
BRDA:29,2,0,0
BRDA:29,3,0,0
BRDA:29,4,0,0
BRDA:47,5,0,0
BRDA:47,5,1,0
BRDA:52,6,0,0
BRDA:52,6,1,0
BRDA:73,7,0,0
BRDA:75,8,0,0
BRDA:75,8,1,0
BRDA:75,9,0,0
BRDA:75,9,1,0
BRDA:78,10,0,0
BRDA:78,10,1,0
BRDA:78,11,0,0
BRDA:78,11,1,0
BRDA:78,11,2,0
BRDA:89,12,0,0
BRDA:89,12,1,0
BRDA:89,13,0,0
BRDA:89,13,1,0
BRDA:106,14,0,0
BRDA:106,14,1,0
BRDA:109,15,0,0
BRDA:109,15,1,0
BRDA:123,16,0,0
BRDA:123,16,1,0
BRDA:126,17,0,0
BRDA:126,17,1,0
BRDA:149,18,0,0
BRDA:149,18,1,0
BRDA:151,19,0,0
BRDA:151,19,1,0
BRDA:172,20,0,0
BRDA:172,20,1,0
BRDA:173,21,0,0
BRDA:173,21,1,0
BRDA:175,22,0,0
BRDA:175,22,1,0
BRDA:191,23,0,0
BRDA:191,23,1,0
BRDA:198,24,0,0
BRDA:198,24,1,0
BRDA:198,25,0,0
BRDA:198,25,1,0
BRDA:198,25,2,0
BRDA:200,26,0,0
BRDA:200,26,1,0
BRDA:202,27,0,0
BRDA:202,27,1,0
BRDA:219,28,0,0
BRDA:219,28,1,0
BRDA:221,29,0,0
BRDA:221,29,1,0
BRDA:222,30,0,0
BRDA:222,30,1,0
BRDA:225,31,0,0
BRDA:225,31,1,0
BRDA:227,32,0,0
BRDA:227,32,1,0
BRDA:228,33,0,0
BRDA:228,33,1,0
BRDA:235,34,0,0
BRDA:235,34,1,0
BRDA:241,35,0,0
BRDA:241,35,1,0
BRDA:241,35,2,0
BRDA:241,35,3,0
BRDA:241,35,4,0
BRDA:241,36,0,0
BRDA:241,36,1,0
BRDA:242,37,0,0
BRDA:242,37,1,0
BRDA:251,38,0,0
BRDA:251,38,1,0
BRDA:257,39,0,0
BRDA:257,39,1,0
BRDA:262,40,0,0
BRDA:262,40,1,0
BRDA:262,41,0,0
BRDA:262,41,1,0
BRDA:277,42,0,0
BRDA:277,42,1,0
BRDA:277,43,0,0
BRDA:277,43,1,0
BRDA:293,44,0,0
BRDA:293,44,1,0
BRDA:293,45,0,0
BRDA:293,45,1,0
BRDA:303,46,0,0
BRDA:303,46,1,0
BRDA:303,47,0,0
BRDA:303,47,1,0
BRDA:326,48,0,0
BRDA:326,48,1,0
BRDA:333,49,0,0
BRDA:333,49,1,0
BRDA:337,50,0,0
BRDA:337,50,1,0
BRDA:348,51,0,0
BRDA:348,51,1,0
BRDA:348,52,0,0
BRDA:348,52,1,0
BRDA:350,53,0,0
BRDA:350,53,1,0
BRDA:350,54,0,0
BRDA:350,54,1,0
BRDA:379,55,0,0
BRDA:379,55,1,0
BRDA:381,56,0,0
BRDA:381,56,1,0
BRDA:382,57,0,0
BRDA:382,57,1,0
BRDA:385,58,0,0
BRDA:385,58,1,0
BRDA:385,59,0,0
BRDA:385,59,1,0
BRDA:401,60,0,0
BRDA:401,60,1,0
BRDA:410,61,0,0
BRDA:410,61,1,0
BRDA:428,62,0,0
BRDA:428,62,1,0
BRDA:428,63,0,0
BRDA:428,63,1,0
BRF:128
BRH:0
end_of_record
TN:
SF:src\hooks\useSignInWithEmailandPassword.js
FN:5,(anonymous_0)
FN:13,(anonymous_1)
FNF:2
FNH:0
FNDA:0,(anonymous_0)
FNDA:0,(anonymous_1)
DA:5,0
DA:11,0
DA:13,0
DA:14,0
DA:15,0
DA:16,0
DA:19,0
DA:20,0
DA:21,0
DA:23,0
DA:26,0
DA:30,0
LF:12
LH:0
BRDA:14,0,0,0
BRDA:14,0,1,0
BRDA:14,1,0,0
BRDA:14,1,1,0
BRDA:21,2,0,0
BRDA:21,2,1,0
BRF:6
BRH:0
end_of_record
TN:
SF:src\hooks\useSignUpWithEmailAndPassword.js
FN:7,(anonymous_0)
FN:17,(anonymous_1)
FNF:2
FNH:0
FNDA:0,(anonymous_0)
FNDA:0,(anonymous_1)
DA:7,0
DA:13,0
DA:15,0
DA:17,0
DA:18,0
DA:19,0
DA:20,0
DA:23,0
DA:24,0
DA:25,0
DA:26,0
DA:27,0
DA:29,0
DA:30,0
DA:45,0
DA:46,0
DA:47,0
DA:50,0
DA:53,0
LF:19
LH:0
BRDA:18,0,0,0
BRDA:18,0,1,0
BRDA:18,1,0,0
BRDA:18,1,1,0
BRDA:18,1,2,0
BRDA:25,2,0,0
BRDA:25,2,1,0
BRDA:25,3,0,0
BRDA:25,3,1,0
BRDA:29,4,0,0
BRDA:29,4,1,0
BRF:11
BRH:0
end_of_record
TN:
SF:src\hooks\useTrackSampleInteraction.js
FN:16,(anonymous_0)
FN:29,(anonymous_1)
FN:99,(anonymous_2)
FN:104,(anonymous_3)
FN:159,(anonymous_4)
FN:170,(anonymous_5)
FNF:6
FNH:0
FNDA:0,(anonymous_0)
FNDA:0,(anonymous_1)
FNDA:0,(anonymous_2)
FNDA:0,(anonymous_3)
FNDA:0,(anonymous_4)
FNDA:0,(anonymous_5)
DA:16,0
DA:17,0
DA:19,0
DA:20,0
DA:23,0
DA:24,0
DA:25,0
DA:26,0
DA:27,0
DA:29,0
DA:31,0
DA:34,0
DA:35,0
DA:36,0
DA:39,0
DA:40,0
DA:41,0
DA:54,0
DA:59,0
DA:66,0
DA:68,0
DA:74,0
DA:75,0
DA:77,0
DA:88,0
DA:91,0
DA:92,0
DA:99,0
DA:100,0
DA:101,0
DA:102,0
DA:104,0
DA:105,0
DA:107,0
DA:108,0
DA:111,0
DA:112,0
DA:113,0
DA:123,0
DA:124,0
DA:125,0
DA:126,0
DA:127,0
DA:130,0
DA:131,0
DA:132,0
DA:134,0
DA:146,0
DA:147,0
DA:151,0
DA:159,0
DA:160,0
DA:161,0
DA:162,0
DA:164,0
DA:170,0
DA:171,0
DA:172,0
DA:173,0
DA:174,0
DA:175,0
LF:61
LH:0
BRDA:16,0,0,0
BRDA:16,1,0,0
BRDA:17,2,0,0
BRDA:17,2,1,0
BRDA:20,3,0,0
BRDA:20,3,1,0
BRDA:35,4,0,0
BRDA:35,4,1,0
BRDA:40,5,0,0
BRDA:40,5,1,0
BRDA:66,6,0,0
BRDA:66,6,1,0
BRDA:68,7,0,0
BRDA:68,7,1,0
BRDA:107,8,0,0
BRDA:107,8,1,0
BRDA:113,9,0,0
BRDA:113,9,1,0
BRDA:130,10,0,0
BRDA:130,10,1,0
BRDA:131,11,0,0
BRDA:131,11,1,0
BRDA:132,12,0,0
BRDA:132,12,1,0
BRDA:146,13,0,0
BRDA:146,13,1,0
BRDA:160,14,0,0
BRDA:160,14,1,0
BRDA:161,15,0,0
BRDA:161,15,1,0
BRDA:162,16,0,0
BRDA:162,16,1,0
BRDA:172,17,0,0
BRDA:172,17,1,0
BRF:34
BRH:0
end_of_record
TN:
SF:src\hooks\useTrackSampleView.js
FN:10,(anonymous_0)
FN:14,(anonymous_1)
FN:15,(anonymous_2)
FNF:3
FNH:3
FNDA:11,(anonymous_0)
FNDA:7,(anonymous_1)
FNDA:7,(anonymous_2)
DA:10,1
DA:11,11
DA:12,11
DA:14,11
DA:15,7
DA:16,7
DA:19,6
DA:20,6
DA:23,6
DA:25,6
DA:26,1
DA:27,1
DA:30,5
DA:32,5
DA:40,4
DA:41,4
DA:43,1
DA:47,7
DA:52,11
LF:19
LH:19
BRDA:16,0,0,1
BRDA:16,0,1,6
BRDA:19,1,0,6
BRDA:19,1,1,2
BRDA:25,2,0,1
BRDA:25,2,1,5
BRDA:35,3,0,5
BRDA:35,3,1,2
BRF:8
BRH:8
end_of_record
TN:
SF:src\hooks\useUploadFiles.js
FN:10,(anonymous_0)
FN:25,(anonymous_1)
FNF:2
FNH:0
FNDA:0,(anonymous_0)
FNDA:0,(anonymous_1)
DA:10,0
DA:11,0
DA:12,0
DA:13,0
DA:14,0
DA:15,0
DA:23,0
DA:25,0
DA:26,0
DA:27,0
DA:28,0
DA:30,0
DA:31,0
DA:32,0
DA:35,0
DA:36,0
DA:38,0
DA:39,0
DA:41,0
DA:43,0
DA:45,0
DA:46,0
DA:47,0
DA:50,0
DA:63,0
DA:66,0
DA:68,0
DA:70,0
DA:71,0
DA:73,0
DA:77,0
LF:31
LH:0
BRDA:26,0,0,0
BRDA:26,0,1,0
BRDA:30,1,0,0
BRDA:30,1,1,0
BRDA:45,2,0,0
BRDA:45,2,1,0
BRDA:45,3,0,0
BRDA:45,3,1,0
BRDA:45,3,2,0
BRDA:59,4,0,0
BRDA:59,4,1,0
BRDA:59,5,0,0
BRDA:59,5,1,0
BRDA:59,6,0,0
BRDA:59,6,1,0
BRF:15
BRH:0
end_of_record
TN:
SF:src\hooks\useUserData.js
FN:10,(anonymous_0)
FN:15,(anonymous_1)
FN:16,(anonymous_2)
FNF:3
FNH:3
FNDA:9,(anonymous_0)
FNDA:5,(anonymous_1)
FNDA:5,(anonymous_2)
DA:10,1
DA:11,9
DA:12,9
DA:13,9
DA:15,9
DA:16,5
DA:17,5
DA:18,1
DA:19,1
DA:22,4
DA:23,4
DA:24,4
DA:26,4
DA:28,3
DA:29,1
DA:30,1
DA:33,1
DA:38,2
DA:39,2
DA:41,4
DA:45,5
DA:48,9
LF:22
LH:22
BRDA:17,0,0,1
BRDA:17,0,1,4
BRDA:28,1,0,1
BRDA:28,1,1,1
BRF:4
BRH:4
end_of_record
TN:
SF:src\hooks\useUserLikes.js
FN:10,(anonymous_0)
FN:15,(anonymous_1)
FN:16,(anonymous_2)
FN:59,(anonymous_3)
FN:68,(anonymous_4)
FNF:5
FNH:5
FNDA:13,(anonymous_0)
FNDA:7,(anonymous_1)
FNDA:7,(anonymous_2)
FNDA:18,(anonymous_3)
FNDA:18,(anonymous_4)
DA:10,1
DA:11,13
DA:12,13
DA:13,13
DA:15,13
DA:16,7
DA:17,7
DA:18,1
DA:19,1
DA:22,6
DA:23,6
DA:24,6
DA:27,6
DA:29,5
DA:30,1
DA:31,1
DA:32,1
DA:35,3
DA:36,3
DA:38,3
DA:39,1
DA:40,1
DA:41,1
DA:45,2
DA:47,2
DA:48,3
DA:50,3
DA:52,3
DA:57,3
DA:59,18
DA:64,3
DA:68,2
DA:69,18
DA:72,2
DA:74,2
DA:75,2
DA:77,6
DA:81,7
DA:84,13
LF:39
LH:39
BRDA:17,0,0,1
BRDA:17,0,1,6
BRDA:29,1,0,1
BRDA:29,1,1,3
BRDA:36,2,0,3
BRDA:36,2,1,1
BRDA:38,3,0,1
BRDA:38,3,1,2
BRDA:50,4,0,0
BRDA:50,4,1,3
BRDA:69,5,0,18
BRDA:69,5,1,0
BRDA:69,6,0,18
BRDA:69,6,1,0
BRF:14
BRH:11
end_of_record
TN:
SF:src\hooks\useUserPlaylists.js
FN:5,(anonymous_0)
FN:10,(anonymous_1)
FN:28,(anonymous_2)
FN:29,(anonymous_3)
FN:39,(anonymous_4)
FN:46,(anonymous_5)
FNF:6
FNH:6
FNDA:15,(anonymous_0)
FNDA:8,(anonymous_1)
FNDA:1,(anonymous_2)
FNDA:2,(anonymous_3)
FNDA:1,(anonymous_4)
FNDA:6,(anonymous_5)
DA:5,1
DA:6,15
DA:7,15
DA:8,15
DA:10,15
DA:11,8
DA:12,1
DA:13,1
DA:16,7
DA:17,7
DA:19,7
DA:20,7
DA:26,6
DA:29,2
DA:35,1
DA:36,1
DA:37,1
DA:40,1
DA:41,1
DA:42,1
DA:46,6
DA:48,1
DA:49,1
DA:50,1
DA:54,15
LF:25
LH:25
BRDA:5,0,0,12
BRDA:11,1,0,1
BRDA:11,1,1,7
BRDA:33,2,0,2
BRDA:33,2,1,0
BRF:5
BRH:4
end_of_record
TN:
SF:src\hooks\useUserPopularity.js
FN:19,(anonymous_0)
FN:40,(anonymous_1)
FN:77,(anonymous_2)
FN:88,(anonymous_3)
FN:107,(anonymous_4)
FN:119,(anonymous_5)
FNF:6
FNH:0
FNDA:0,(anonymous_0)
FNDA:0,(anonymous_1)
FNDA:0,(anonymous_2)
FNDA:0,(anonymous_3)
FNDA:0,(anonymous_4)
FNDA:0,(anonymous_5)
DA:19,0
DA:20,0
DA:22,0
DA:24,0
DA:29,0
DA:32,0
DA:40,0
DA:41,0
DA:42,0
DA:45,0
DA:46,0
DA:47,0
DA:48,0
DA:52,0
DA:53,0
DA:58,0
DA:63,0
DA:64,0
DA:77,0
DA:78,0
DA:84,0
DA:85,0
DA:88,0
DA:89,0
DA:91,0
DA:92,0
DA:93,0
DA:94,0
DA:95,0
DA:97,0
DA:100,0
DA:102,0
DA:107,0
DA:108,0
DA:111,0
DA:115,0
DA:116,0
DA:119,0
DA:120,0
DA:124,0
LF:40
LH:0
BRDA:20,0,0,0
BRDA:20,0,1,0
BRDA:42,1,0,0
BRDA:42,1,1,0
BRDA:45,2,0,0
BRDA:45,2,1,0
BRDA:46,3,0,0
BRDA:46,3,1,0
BRDA:47,4,0,0
BRDA:47,4,1,0
BRDA:48,5,0,0
BRDA:48,5,1,0
BRDA:77,6,0,0
BRDA:89,7,0,0
BRDA:89,7,1,0
BRDA:94,8,0,0
BRDA:94,8,1,0
BRDA:108,9,0,0
BRDA:108,9,1,0
BRDA:115,10,0,0
BRDA:115,10,1,0
BRDA:120,11,0,0
BRDA:120,11,1,0
BRF:23
BRH:0
end_of_record
TN:
SF:src\hooks\useUserStats.js
FN:10,(anonymous_0)
FN:15,(anonymous_1)
FN:16,(anonymous_2)
FNF:3
FNH:0
FNDA:0,(anonymous_0)
FNDA:0,(anonymous_1)
FNDA:0,(anonymous_2)
DA:10,0
DA:11,0
DA:12,0
DA:13,0
DA:15,0
DA:16,0
DA:17,0
DA:18,0
DA:19,0
DA:22,0
DA:23,0
DA:26,0
DA:27,0
DA:30,0
DA:34,0
DA:35,0
DA:38,0
DA:42,0
DA:43,0
DA:46,0
DA:52,0
DA:53,0
DA:55,0
DA:59,0
DA:62,0
LF:25
LH:0
BRDA:17,0,0,0
BRDA:17,0,1,0
BRDA:27,1,0,0
BRDA:27,1,1,0
BRDA:27,2,0,0
BRDA:27,2,1,0
BRF:6
BRH:0
end_of_record
TN:
SF:src\hooks\useUserStreak.js
FN:10,(anonymous_0)
FN:21,(anonymous_1)
FN:22,(anonymous_2)
FN:59,(anonymous_3)
FN:142,(anonymous_4)
FN:163,(anonymous_5)
FNF:6
FNH:6
FNDA:13,(anonymous_0)
FNDA:5,(anonymous_1)
FNDA:5,(anonymous_2)
FNDA:2,(anonymous_3)
FNDA:1,(anonymous_4)
FNDA:1,(anonymous_5)
DA:10,1
DA:11,13
DA:17,13
DA:18,13
DA:21,13
DA:22,5
DA:23,5
DA:24,1
DA:25,1
DA:28,4
DA:29,4
DA:30,4
DA:32,4
DA:33,4
DA:35,4
DA:36,4
DA:37,4
DA:45,0
DA:46,0
DA:48,4
DA:52,5
DA:59,13
DA:60,2
DA:62,2
DA:63,2
DA:64,2
DA:66,2
DA:67,2
DA:69,2
DA:71,2
DA:72,2
DA:75,2
DA:78,2
DA:79,2
DA:83,2
DA:87,2
DA:90,2
DA:91,0
DA:92,0
DA:93,0
DA:96,2
DA:98,0
DA:101,2
DA:102,1
DA:103,1
DA:104,1
DA:107,1
DA:108,1
DA:109,1
DA:112,0
DA:113,0
DA:117,2
DA:120,2
DA:123,2
DA:130,2
DA:132,0
DA:133,0
DA:134,0
DA:142,13
DA:143,1
DA:145,1
DA:146,1
DA:147,1
DA:149,1
DA:150,1
DA:153,1
DA:154,1
DA:157,1
DA:158,1
DA:159,1
DA:163,1
DA:169,0
DA:173,13
LF:73
LH:61
BRDA:23,0,0,1
BRDA:23,0,1,4
BRDA:35,1,0,4
BRDA:35,1,1,0
BRDA:38,2,0,4
BRDA:38,2,1,0
BRDA:39,3,0,4
BRDA:39,3,1,0
BRDA:40,4,0,4
BRDA:40,4,1,0
BRDA:41,5,0,4
BRDA:41,5,1,3
BRDA:60,6,0,0
BRDA:60,6,1,2
BRDA:69,7,0,0
BRDA:69,7,1,2
BRDA:72,8,0,0
BRDA:72,9,0,0
BRDA:72,10,0,0
BRDA:75,11,0,2
BRDA:75,11,1,0
BRDA:78,12,0,2
BRDA:78,12,1,0
BRDA:83,13,0,2
BRDA:83,13,1,0
BRDA:90,14,0,0
BRDA:90,14,1,2
BRDA:96,15,0,0
BRDA:96,15,1,2
BRDA:96,16,0,2
BRDA:96,16,1,0
BRDA:101,17,0,1
BRDA:101,17,1,1
BRDA:107,18,0,1
BRDA:107,18,1,0
BRDA:112,19,0,0
BRDA:112,19,1,0
BRDA:112,20,0,0
BRDA:112,20,1,0
BRDA:124,21,0,2
BRDA:124,21,1,0
BRDA:125,22,0,1
BRDA:125,22,1,1
BRDA:143,23,0,0
BRDA:143,23,1,1
BRDA:143,24,0,1
BRDA:143,24,1,1
BRDA:150,25,0,0
BRDA:150,25,1,1
BRDA:157,26,0,1
BRDA:157,26,1,0
BRF:51
BRH:27
end_of_record
TN:
SF:src\hooks\useUserTracks.js
FN:5,useUserTracks
FN:10,(anonymous_1)
FN:22,(anonymous_2)
FN:23,(anonymous_3)
FN:27,(anonymous_4)
FN:34,(anonymous_5)
FNF:6
FNH:0
FNDA:0,useUserTracks
FNDA:0,(anonymous_1)
FNDA:0,(anonymous_2)
FNDA:0,(anonymous_3)
FNDA:0,(anonymous_4)
FNDA:0,(anonymous_5)
DA:6,0
DA:7,0
DA:8,0
DA:10,0
DA:11,0
DA:13,0
DA:14,0
DA:20,0
DA:23,0
DA:24,0
DA:25,0
DA:28,0
DA:29,0
DA:30,0
DA:34,0
DA:37,0
LF:16
LH:0
BRDA:11,0,0,0
BRDA:11,0,1,0
BRF:2
BRH:0
end_of_record
TN:
SF:src\theme\GlobalStyles.jsx
FNF:0
FNH:0
LF:0
LH:0
BRF:0
BRH:0
end_of_record
TN:
SF:src\theme\theme.js
FNF:0
FNH:0
LF:0
LH:0
BRF:0
BRH:0
end_of_record
TN:
SF:src\utils\schemaMigration.js
FN:9,(anonymous_0)
FN:43,(anonymous_1)
FN:75,(anonymous_2)
FN:87,(anonymous_3)
FN:123,(anonymous_4)
FN:141,(anonymous_5)
FN:168,(anonymous_6)
FN:180,(anonymous_7)
FN:215,(anonymous_8)
FNF:9
FNH:0
FNDA:0,(anonymous_0)
FNDA:0,(anonymous_1)
FNDA:0,(anonymous_2)
FNDA:0,(anonymous_3)
FNDA:0,(anonymous_4)
FNDA:0,(anonymous_5)
FNDA:0,(anonymous_6)
FNDA:0,(anonymous_7)
FNDA:0,(anonymous_8)
DA:9,0
DA:10,0
DA:13,0
DA:43,0
DA:44,0
DA:46,0
DA:75,0
DA:76,0
DA:77,0
DA:78,0
DA:79,0
DA:82,0
DA:83,0
DA:84,0
DA:87,0
DA:88,0
DA:89,0
DA:90,0
DA:93,0
DA:99,0
DA:100,0
DA:101,0
DA:103,0
DA:104,0
DA:109,0
DA:110,0
DA:112,0
DA:114,0
DA:115,0
DA:123,0
DA:124,0
DA:125,0
DA:126,0
DA:127,0
DA:129,0
DA:130,0
DA:133,0
DA:134,0
DA:135,0
DA:136,0
DA:139,0
DA:141,0
DA:142,0
DA:146,0
DA:147,0
DA:148,0
DA:151,0
DA:152,0
DA:156,0
DA:157,0
DA:159,0
DA:160,0
DA:168,0
DA:169,0
DA:170,0
DA:171,0
DA:172,0
DA:175,0
DA:176,0
DA:177,0
DA:180,0
DA:181,0
DA:182,0
DA:183,0
DA:186,0
DA:192,0
DA:193,0
DA:194,0
DA:196,0
DA:197,0
DA:202,0
DA:203,0
DA:205,0
DA:207,0
DA:208,0
DA:215,0
DA:216,0
DA:217,0
DA:218,0
DA:220,0
LF:80
LH:0
BRDA:10,0,0,0
BRDA:10,0,1,0
BRDA:15,1,0,0
BRDA:15,1,1,0
BRDA:16,2,0,0
BRDA:16,2,1,0
BRDA:17,3,0,0
BRDA:17,3,1,0
BRDA:18,4,0,0
BRDA:18,4,1,0
BRDA:21,5,0,0
BRDA:21,5,1,0
BRDA:22,6,0,0
BRDA:22,6,1,0
BRDA:23,7,0,0
BRDA:23,7,1,0
BRDA:24,8,0,0
BRDA:24,8,1,0
BRDA:27,9,0,0
BRDA:27,9,1,0
BRDA:30,10,0,0
BRDA:30,10,1,0
BRDA:31,11,0,0
BRDA:31,11,1,0
BRDA:44,12,0,0
BRDA:44,12,1,0
BRDA:48,13,0,0
BRDA:48,13,1,0
BRDA:49,14,0,0
BRDA:49,14,1,0
BRDA:50,15,0,0
BRDA:50,15,1,0
BRDA:53,16,0,0
BRDA:53,16,1,0
BRDA:53,16,2,0
BRDA:56,17,0,0
BRDA:56,17,1,0
BRDA:57,18,0,0
BRDA:57,18,1,0
BRDA:58,19,0,0
BRDA:58,19,1,0
BRDA:61,20,0,0
BRDA:61,20,1,0
BRDA:62,21,0,0
BRDA:62,21,1,0
BRDA:65,22,0,0
BRDA:65,22,1,0
BRDA:66,23,0,0
BRDA:66,23,1,0
BRDA:139,24,0,0
BRDA:139,24,1,0
BRDA:139,25,0,0
BRDA:139,25,1,0
BRDA:224,26,0,0
BRDA:224,26,1,0
BRDA:224,26,2,0
BRF:56
BRH:0
end_of_record
TN:
SF:src\utils\streakUtils.js
FN:9,resetDailyStreakFlags
FN:19,(anonymous_1)
FN:39,isStreakAtRisk
FN:60,getStreakMessage
FNF:4
FNH:4
FNDA:3,resetDailyStreakFlags
FNDA:3,(anonymous_1)
FNDA:5,isStreakAtRisk
FNDA:10,getStreakMessage
DA:10,3
DA:11,3
DA:13,3
DA:14,3
DA:17,2
DA:19,2
DA:20,3
DA:21,3
DA:25,2
DA:26,1
DA:27,1
DA:30,1
DA:40,5
DA:42,3
DA:43,3
DA:45,3
DA:46,3
DA:48,3
DA:49,3
DA:52,3
DA:61,10
DA:62,1
DA:63,9
DA:64,1
DA:65,8
DA:66,2
DA:67,6
DA:68,2
DA:69,4
DA:70,2
DA:72,2
LF:31
LH:31
BRDA:25,0,0,1
BRDA:25,0,1,1
BRDA:40,1,0,2
BRDA:40,1,1,3
BRDA:61,2,0,1
BRDA:61,2,1,9
BRDA:63,3,0,1
BRDA:63,3,1,8
BRDA:65,4,0,2
BRDA:65,4,1,6
BRDA:67,5,0,2
BRDA:67,5,1,4
BRDA:69,6,0,2
BRDA:69,6,1,2
BRF:14
BRH:14
end_of_record
